{"/app/src/App.js": {"path":"/app/src/App.js","statementMap":{"0":{"start":{"line":13,"column":21},"end":{"line":21,"column":1}},"1":{"start":{"line":14,"column":39},"end":{"line":14,"column":48}},"2":{"start":{"line":16,"column":2},"end":{"line":18,"column":3}},"3":{"start":{"line":17,"column":4},"end":{"line":17,"column":41}},"4":{"start":{"line":20,"column":2},"end":{"line":20,"column":63}},"5":{"start":{"line":24,"column":25},"end":{"line":24,"column":39}},"6":{"start":{"line":25,"column":16},"end":{"line":25,"column":42}},"7":{"start":{"line":28,"column":2},"end":{"line":34,"column":19}},"8":{"start":{"line":29,"column":4},"end":{"line":33,"column":5}},"9":{"start":{"line":30,"column":6},"end":{"line":30,"column":47}},"10":{"start":{"line":32,"column":6},"end":{"line":32,"column":50}},"11":{"start":{"line":37,"column":2},"end":{"line":97,"column":9}},"12":{"start":{"line":39,"column":27},"end":{"line":39,"column":40}},"13":{"start":{"line":41,"column":29},"end":{"line":76,"column":5}},"14":{"start":{"line":42,"column":21},"end":{"line":63,"column":7}},"15":{"start":{"line":48,"column":27},"end":{"line":48,"column":45}},"16":{"start":{"line":49,"column":12},"end":{"line":51,"column":13}},"17":{"start":{"line":50,"column":14},"end":{"line":50,"column":46}},"18":{"start":{"line":53,"column":12},"end":{"line":55,"column":13}},"19":{"start":{"line":54,"column":14},"end":{"line":54,"column":46}},"20":{"start":{"line":57,"column":12},"end":{"line":59,"column":13}},"21":{"start":{"line":58,"column":14},"end":{"line":58,"column":46}},"22":{"start":{"line":60,"column":12},"end":{"line":60,"column":44}},"23":{"start":{"line":66,"column":6},"end":{"line":75,"column":7}},"24":{"start":{"line":67,"column":21},"end":{"line":67,"column":41}},"25":{"start":{"line":68,"column":8},"end":{"line":74,"column":9}},"26":{"start":{"line":69,"column":30},"end":{"line":69,"column":52}},"27":{"start":{"line":70,"column":10},"end":{"line":73,"column":11}},"28":{"start":{"line":71,"column":12},"end":{"line":71,"column":47}},"29":{"start":{"line":72,"column":12},"end":{"line":72,"column":41}},"30":{"start":{"line":79,"column":22},"end":{"line":81,"column":11}},"31":{"start":{"line":80,"column":6},"end":{"line":80,"column":38}},"32":{"start":{"line":84,"column":21},"end":{"line":86,"column":6}},"33":{"start":{"line":85,"column":6},"end":{"line":85,"column":38}},"34":{"start":{"line":88,"column":4},"end":{"line":91,"column":7}},"35":{"start":{"line":93,"column":4},"end":{"line":96,"column":6}},"36":{"start":{"line":94,"column":6},"end":{"line":94,"column":30}},"37":{"start":{"line":95,"column":6},"end":{"line":95,"column":28}},"38":{"start":{"line":99,"column":2},"end":{"line":117,"column":4}},"39":{"start":{"line":121,"column":2},"end":{"line":121,"column":30}},"40":{"start":{"line":125,"column":2},"end":{"line":133,"column":4}}},"fnMap":{"0":{"name":"(anonymous_0)","decl":{"start":{"line":13,"column":21},"end":{"line":13,"column":22}},"loc":{"start":{"line":13,"column":39},"end":{"line":21,"column":1}},"line":13},"1":{"name":"ThemedAppContent","decl":{"start":{"line":23,"column":9},"end":{"line":23,"column":25}},"loc":{"start":{"line":23,"column":28},"end":{"line":118,"column":1}},"line":23},"2":{"name":"(anonymous_2)","decl":{"start":{"line":28,"column":18},"end":{"line":28,"column":19}},"loc":{"start":{"line":28,"column":24},"end":{"line":34,"column":3}},"line":28},"3":{"name":"(anonymous_3)","decl":{"start":{"line":37,"column":18},"end":{"line":37,"column":19}},"loc":{"start":{"line":37,"column":24},"end":{"line":97,"column":3}},"line":37},"4":{"name":"(anonymous_4)","decl":{"start":{"line":41,"column":29},"end":{"line":41,"column":30}},"loc":{"start":{"line":41,"column":39},"end":{"line":76,"column":5}},"line":41},"5":{"name":"(anonymous_5)","decl":{"start":{"line":46,"column":22},"end":{"line":46,"column":23}},"loc":{"start":{"line":46,"column":32},"end":{"line":61,"column":11}},"line":46},"6":{"name":"(anonymous_6)","decl":{"start":{"line":79,"column":33},"end":{"line":79,"column":34}},"loc":{"start":{"line":79,"column":39},"end":{"line":81,"column":5}},"line":79},"7":{"name":"(anonymous_7)","decl":{"start":{"line":84,"column":42},"end":{"line":84,"column":43}},"loc":{"start":{"line":84,"column":48},"end":{"line":86,"column":5}},"line":84},"8":{"name":"(anonymous_8)","decl":{"start":{"line":93,"column":11},"end":{"line":93,"column":12}},"loc":{"start":{"line":93,"column":17},"end":{"line":96,"column":5}},"line":93},"9":{"name":"AppContent","decl":{"start":{"line":120,"column":9},"end":{"line":120,"column":19}},"loc":{"start":{"line":120,"column":22},"end":{"line":122,"column":1}},"line":120},"10":{"name":"App","decl":{"start":{"line":124,"column":9},"end":{"line":124,"column":12}},"loc":{"start":{"line":124,"column":15},"end":{"line":134,"column":1}},"line":124}},"branchMap":{"0":{"loc":{"start":{"line":16,"column":2},"end":{"line":18,"column":3}},"type":"if","locations":[{"start":{"line":16,"column":2},"end":{"line":18,"column":3}},{"start":{},"end":{}}],"line":16},"1":{"loc":{"start":{"line":20,"column":9},"end":{"line":20,"column":62}},"type":"cond-expr","locations":[{"start":{"line":20,"column":27},"end":{"line":20,"column":35}},{"start":{"line":20,"column":38},"end":{"line":20,"column":62}}],"line":20},"2":{"loc":{"start":{"line":29,"column":4},"end":{"line":33,"column":5}},"type":"if","locations":[{"start":{"line":29,"column":4},"end":{"line":33,"column":5}},{"start":{"line":31,"column":11},"end":{"line":33,"column":5}}],"line":29},"3":{"loc":{"start":{"line":49,"column":12},"end":{"line":51,"column":13}},"type":"if","locations":[{"start":{"line":49,"column":12},"end":{"line":51,"column":13}},{"start":{},"end":{}}],"line":49},"4":{"loc":{"start":{"line":49,"column":16},"end":{"line":49,"column":85}},"type":"binary-expr","locations":[{"start":{"line":49,"column":16},"end":{"line":49,"column":22}},{"start":{"line":49,"column":27},"end":{"line":49,"column":54}},{"start":{"line":49,"column":58},"end":{"line":49,"column":84}}],"line":49},"5":{"loc":{"start":{"line":53,"column":12},"end":{"line":55,"column":13}},"type":"if","locations":[{"start":{"line":53,"column":12},"end":{"line":55,"column":13}},{"start":{},"end":{}}],"line":53},"6":{"loc":{"start":{"line":57,"column":12},"end":{"line":59,"column":13}},"type":"if","locations":[{"start":{"line":57,"column":12},"end":{"line":59,"column":13}},{"start":{},"end":{}}],"line":57},"7":{"loc":{"start":{"line":57,"column":16},"end":{"line":57,"column":63}},"type":"binary-expr","locations":[{"start":{"line":57,"column":16},"end":{"line":57,"column":32}},{"start":{"line":57,"column":36},"end":{"line":57,"column":63}}],"line":57},"8":{"loc":{"start":{"line":68,"column":8},"end":{"line":74,"column":9}},"type":"if","locations":[{"start":{"line":68,"column":8},"end":{"line":74,"column":9}},{"start":{},"end":{}}],"line":68},"9":{"loc":{"start":{"line":68,"column":12},"end":{"line":68,"column":35}},"type":"binary-expr","locations":[{"start":{"line":68,"column":12},"end":{"line":68,"column":16}},{"start":{"line":68,"column":20},"end":{"line":68,"column":35}}],"line":68},"10":{"loc":{"start":{"line":70,"column":10},"end":{"line":73,"column":11}},"type":"if","locations":[{"start":{"line":70,"column":10},"end":{"line":73,"column":11}},{"start":{},"end":{}}],"line":70}},"s":{"0":0,"1":0,"2":0,"3":0,"4":0,"5":0,"6":0,"7":0,"8":0,"9":0,"10":0,"11":0,"12":0,"13":0,"14":0,"15":0,"16":0,"17":0,"18":0,"19":0,"20":0,"21":0,"22":0,"23":0,"24":0,"25":0,"26":0,"27":0,"28":0,"29":0,"30":0,"31":0,"32":0,"33":0,"34":0,"35":0,"36":0,"37":0,"38":0,"39":0,"40":0},"f":{"0":0,"1":0,"2":0,"3":0,"4":0,"5":0,"6":0,"7":0,"8":0,"9":0,"10":0},"b":{"0":[0,0],"1":[0,0],"2":[0,0],"3":[0,0],"4":[0,0,0],"5":[0,0],"6":[0,0],"7":[0,0],"8":[0,0],"9":[0,0],"10":[0,0]}}
,"/app/src/index.js": {"path":"/app/src/index.js","statementMap":{"0":{"start":{"line":7,"column":13},"end":{"line":7,"column":65}},"1":{"start":{"line":8,"column":0},"end":{"line":10,"column":2}},"2":{"start":{"line":15,"column":0},"end":{"line":15,"column":18}}},"fnMap":{},"branchMap":{},"s":{"0":0,"1":0,"2":0},"f":{},"b":{}}
,"/app/src/reportWebVitals.js": {"path":"/app/src/reportWebVitals.js","statementMap":{"0":{"start":{"line":1,"column":24},"end":{"line":11,"column":1}},"1":{"start":{"line":2,"column":2},"end":{"line":10,"column":3}},"2":{"start":{"line":3,"column":4},"end":{"line":9,"column":7}},"3":{"start":{"line":4,"column":6},"end":{"line":4,"column":26}},"4":{"start":{"line":5,"column":6},"end":{"line":5,"column":26}},"5":{"start":{"line":6,"column":6},"end":{"line":6,"column":26}},"6":{"start":{"line":7,"column":6},"end":{"line":7,"column":26}},"7":{"start":{"line":8,"column":6},"end":{"line":8,"column":27}}},"fnMap":{"0":{"name":"(anonymous_0)","decl":{"start":{"line":1,"column":24},"end":{"line":1,"column":25}},"loc":{"start":{"line":1,"column":39},"end":{"line":11,"column":1}},"line":1},"1":{"name":"(anonymous_1)","decl":{"start":{"line":3,"column":30},"end":{"line":3,"column":31}},"loc":{"start":{"line":3,"column":79},"end":{"line":9,"column":5}},"line":3}},"branchMap":{"0":{"loc":{"start":{"line":2,"column":2},"end":{"line":10,"column":3}},"type":"if","locations":[{"start":{"line":2,"column":2},"end":{"line":10,"column":3}},{"start":{},"end":{}}],"line":2},"1":{"loc":{"start":{"line":2,"column":6},"end":{"line":2,"column":52}},"type":"binary-expr","locations":[{"start":{"line":2,"column":6},"end":{"line":2,"column":17}},{"start":{"line":2,"column":21},"end":{"line":2,"column":52}}],"line":2}},"s":{"0":0,"1":0,"2":0,"3":0,"4":0,"5":0,"6":0,"7":0},"f":{"0":0,"1":0},"b":{"0":[0,0],"1":[0,0]}}
,"/app/src/api/axios.js": {"path":"/app/src/api/axios.js","statementMap":{"0":{"start":{"line":4,"column":16},"end":{"line":4,"column":76}},"1":{"start":{"line":6,"column":22},"end":{"line":11,"column":2}},"2":{"start":{"line":14,"column":37},"end":{"line":25,"column":1}},"3":{"start":{"line":15,"column":2},"end":{"line":15,"column":26}},"4":{"start":{"line":15,"column":14},"end":{"line":15,"column":26}},"5":{"start":{"line":16,"column":2},"end":{"line":24,"column":3}},"6":{"start":{"line":17,"column":20},"end":{"line":17,"column":36}},"7":{"start":{"line":18,"column":24},"end":{"line":18,"column":41}},"8":{"start":{"line":19,"column":27},"end":{"line":19,"column":38}},"9":{"start":{"line":21,"column":4},"end":{"line":21,"column":46}},"10":{"start":{"line":23,"column":4},"end":{"line":23,"column":16}},"11":{"start":{"line":28,"column":27},"end":{"line":41,"column":1}},"12":{"start":{"line":29,"column":23},"end":{"line":29,"column":60}},"13":{"start":{"line":30,"column":2},"end":{"line":32,"column":3}},"14":{"start":{"line":31,"column":4},"end":{"line":31,"column":50}},"15":{"start":{"line":34,"column":19},"end":{"line":36,"column":4}},"16":{"start":{"line":38,"column":21},"end":{"line":38,"column":34}},"17":{"start":{"line":39,"column":2},"end":{"line":39,"column":47}},"18":{"start":{"line":40,"column":2},"end":{"line":40,"column":16}},"19":{"start":{"line":44,"column":0},"end":{"line":74,"column":2}},"20":{"start":{"line":46,"column":16},"end":{"line":46,"column":52}},"21":{"start":{"line":49,"column":4},"end":{"line":58,"column":5}},"22":{"start":{"line":50,"column":6},"end":{"line":57,"column":7}},"23":{"start":{"line":52,"column":8},"end":{"line":52,"column":43}},"24":{"start":{"line":56,"column":8},"end":{"line":56,"column":61}},"25":{"start":{"line":60,"column":4},"end":{"line":62,"column":5}},"26":{"start":{"line":61,"column":6},"end":{"line":61,"column":55}},"27":{"start":{"line":65,"column":4},"end":{"line":67,"column":5}},"28":{"start":{"line":66,"column":6},"end":{"line":66,"column":44}},"29":{"start":{"line":69,"column":4},"end":{"line":69,"column":18}},"30":{"start":{"line":72,"column":4},"end":{"line":72,"column":33}},"31":{"start":{"line":77,"column":0},"end":{"line":106,"column":2}},"32":{"start":{"line":78,"column":16},"end":{"line":78,"column":24}},"33":{"start":{"line":80,"column":28},"end":{"line":80,"column":40}},"34":{"start":{"line":82,"column":4},"end":{"line":102,"column":5}},"35":{"start":{"line":83,"column":6},"end":{"line":83,"column":36}},"36":{"start":{"line":85,"column":6},"end":{"line":101,"column":7}},"37":{"start":{"line":86,"column":29},"end":{"line":86,"column":66}},"38":{"start":{"line":87,"column":25},"end":{"line":89,"column":10}},"39":{"start":{"line":91,"column":27},"end":{"line":91,"column":40}},"40":{"start":{"line":92,"column":8},"end":{"line":92,"column":53}},"41":{"start":{"line":94,"column":8},"end":{"line":94,"column":67}},"42":{"start":{"line":95,"column":8},"end":{"line":95,"column":46}},"43":{"start":{"line":97,"column":8},"end":{"line":97,"column":48}},"44":{"start":{"line":98,"column":8},"end":{"line":98,"column":49}},"45":{"start":{"line":99,"column":8},"end":{"line":99,"column":40}},"46":{"start":{"line":100,"column":8},"end":{"line":100,"column":44}},"47":{"start":{"line":104,"column":4},"end":{"line":104,"column":33}}},"fnMap":{"0":{"name":"(anonymous_0)","decl":{"start":{"line":14,"column":37},"end":{"line":14,"column":38}},"loc":{"start":{"line":14,"column":48},"end":{"line":25,"column":1}},"line":14},"1":{"name":"(anonymous_1)","decl":{"start":{"line":28,"column":27},"end":{"line":28,"column":28}},"loc":{"start":{"line":28,"column":39},"end":{"line":41,"column":1}},"line":28},"2":{"name":"(anonymous_2)","decl":{"start":{"line":45,"column":2},"end":{"line":45,"column":3}},"loc":{"start":{"line":45,"column":20},"end":{"line":70,"column":3}},"line":45},"3":{"name":"(anonymous_3)","decl":{"start":{"line":71,"column":2},"end":{"line":71,"column":3}},"loc":{"start":{"line":71,"column":13},"end":{"line":73,"column":3}},"line":71},"4":{"name":"(anonymous_4)","decl":{"start":{"line":78,"column":2},"end":{"line":78,"column":3}},"loc":{"start":{"line":78,"column":16},"end":{"line":78,"column":24}},"line":78},"5":{"name":"(anonymous_5)","decl":{"start":{"line":79,"column":2},"end":{"line":79,"column":3}},"loc":{"start":{"line":79,"column":19},"end":{"line":105,"column":3}},"line":79}},"branchMap":{"0":{"loc":{"start":{"line":4,"column":16},"end":{"line":4,"column":76}},"type":"binary-expr","locations":[{"start":{"line":4,"column":16},"end":{"line":4,"column":49}},{"start":{"line":4,"column":53},"end":{"line":4,"column":76}}],"line":4},"1":{"loc":{"start":{"line":15,"column":2},"end":{"line":15,"column":26}},"type":"if","locations":[{"start":{"line":15,"column":2},"end":{"line":15,"column":26}},{"start":{},"end":{}}],"line":15},"2":{"loc":{"start":{"line":30,"column":2},"end":{"line":32,"column":3}},"type":"if","locations":[{"start":{"line":30,"column":2},"end":{"line":32,"column":3}},{"start":{},"end":{}}],"line":30},"3":{"loc":{"start":{"line":49,"column":4},"end":{"line":58,"column":5}},"type":"if","locations":[{"start":{"line":49,"column":4},"end":{"line":58,"column":5}},{"start":{},"end":{}}],"line":49},"4":{"loc":{"start":{"line":49,"column":8},"end":{"line":49,"column":52}},"type":"binary-expr","locations":[{"start":{"line":49,"column":8},"end":{"line":49,"column":13}},{"start":{"line":49,"column":17},"end":{"line":49,"column":52}}],"line":49},"5":{"loc":{"start":{"line":60,"column":4},"end":{"line":62,"column":5}},"type":"if","locations":[{"start":{"line":60,"column":4},"end":{"line":62,"column":5}},{"start":{},"end":{}}],"line":60},"6":{"loc":{"start":{"line":65,"column":4},"end":{"line":67,"column":5}},"type":"if","locations":[{"start":{"line":65,"column":4},"end":{"line":67,"column":5}},{"start":{},"end":{}}],"line":65},"7":{"loc":{"start":{"line":82,"column":4},"end":{"line":102,"column":5}},"type":"if","locations":[{"start":{"line":82,"column":4},"end":{"line":102,"column":5}},{"start":{},"end":{}}],"line":82},"8":{"loc":{"start":{"line":82,"column":8},"end":{"line":82,"column":65}},"type":"binary-expr","locations":[{"start":{"line":82,"column":8},"end":{"line":82,"column":38}},{"start":{"line":82,"column":42},"end":{"line":82,"column":65}}],"line":82}},"s":{"0":0,"1":0,"2":0,"3":0,"4":0,"5":0,"6":0,"7":0,"8":0,"9":0,"10":0,"11":0,"12":0,"13":0,"14":0,"15":0,"16":0,"17":0,"18":0,"19":0,"20":0,"21":0,"22":0,"23":0,"24":0,"25":0,"26":0,"27":0,"28":0,"29":0,"30":0,"31":0,"32":0,"33":0,"34":0,"35":0,"36":0,"37":0,"38":0,"39":0,"40":0,"41":0,"42":0,"43":0,"44":0,"45":0,"46":0,"47":0},"f":{"0":0,"1":0,"2":0,"3":0,"4":0,"5":0},"b":{"0":[0,0],"1":[0,0],"2":[0,0],"3":[0,0],"4":[0,0],"5":[0,0],"6":[0,0],"7":[0,0],"8":[0,0]}}
,"/app/src/api/services.js": {"path":"/app/src/api/services.js","statementMap":{"0":{"start":{"line":4,"column":27},"end":{"line":19,"column":1}},"1":{"start":{"line":6,"column":4},"end":{"line":6,"column":57}},"2":{"start":{"line":9,"column":4},"end":{"line":9,"column":34}},"3":{"start":{"line":12,"column":4},"end":{"line":12,"column":39}},"4":{"start":{"line":17,"column":4},"end":{"line":17,"column":55}},"5":{"start":{"line":22,"column":30},"end":{"line":28,"column":1}},"6":{"start":{"line":23,"column":27},"end":{"line":23,"column":70}},"7":{"start":{"line":24,"column":19},"end":{"line":24,"column":56}},"8":{"start":{"line":25,"column":20},"end":{"line":25,"column":58}},"9":{"start":{"line":26,"column":24},"end":{"line":26,"column":69}},"10":{"start":{"line":27,"column":18},"end":{"line":27,"column":58}},"11":{"start":{"line":31,"column":27},"end":{"line":37,"column":1}},"12":{"start":{"line":32,"column":27},"end":{"line":32,"column":67}},"13":{"start":{"line":33,"column":19},"end":{"line":33,"column":53}},"14":{"start":{"line":34,"column":20},"end":{"line":34,"column":55}},"15":{"start":{"line":35,"column":24},"end":{"line":35,"column":66}},"16":{"start":{"line":36,"column":18},"end":{"line":36,"column":55}},"17":{"start":{"line":40,"column":33},"end":{"line":45,"column":1}},"18":{"start":{"line":41,"column":27},"end":{"line":41,"column":74}},"19":{"start":{"line":42,"column":17},"end":{"line":42,"column":57}},"20":{"start":{"line":43,"column":20},"end":{"line":43,"column":72}},"21":{"start":{"line":44,"column":17},"end":{"line":44,"column":65}},"22":{"start":{"line":48,"column":29},"end":{"line":73,"column":1}},"23":{"start":{"line":51,"column":4},"end":{"line":51,"column":75}},"24":{"start":{"line":53,"column":4},"end":{"line":53,"column":70}},"25":{"start":{"line":55,"column":4},"end":{"line":55,"column":83}},"26":{"start":{"line":57,"column":4},"end":{"line":57,"column":78}},"27":{"start":{"line":60,"column":4},"end":{"line":60,"column":66}},"28":{"start":{"line":62,"column":4},"end":{"line":62,"column":60}},"29":{"start":{"line":64,"column":4},"end":{"line":67,"column":6}},"30":{"start":{"line":69,"column":4},"end":{"line":72,"column":6}},"31":{"start":{"line":76,"column":31},"end":{"line":81,"column":1}},"32":{"start":{"line":77,"column":27},"end":{"line":77,"column":71}},"33":{"start":{"line":78,"column":20},"end":{"line":78,"column":59}},"34":{"start":{"line":79,"column":24},"end":{"line":79,"column":70}},"35":{"start":{"line":80,"column":18},"end":{"line":80,"column":59}},"36":{"start":{"line":84,"column":29},"end":{"line":91,"column":1}},"37":{"start":{"line":85,"column":27},"end":{"line":85,"column":69}},"38":{"start":{"line":86,"column":19},"end":{"line":86,"column":55}},"39":{"start":{"line":87,"column":17},"end":{"line":87,"column":52}},"40":{"start":{"line":88,"column":20},"end":{"line":88,"column":57}},"41":{"start":{"line":89,"column":24},"end":{"line":89,"column":68}},"42":{"start":{"line":90,"column":18},"end":{"line":90,"column":57}},"43":{"start":{"line":94,"column":30},"end":{"line":101,"column":1}},"44":{"start":{"line":95,"column":27},"end":{"line":95,"column":70}},"45":{"start":{"line":96,"column":19},"end":{"line":96,"column":56}},"46":{"start":{"line":97,"column":20},"end":{"line":97,"column":58}},"47":{"start":{"line":98,"column":24},"end":{"line":98,"column":69}},"48":{"start":{"line":99,"column":18},"end":{"line":99,"column":58}},"49":{"start":{"line":100,"column":25},"end":{"line":100,"column":70}},"50":{"start":{"line":104,"column":27},"end":{"line":110,"column":1}},"51":{"start":{"line":105,"column":27},"end":{"line":105,"column":67}},"52":{"start":{"line":106,"column":19},"end":{"line":106,"column":53}},"53":{"start":{"line":107,"column":20},"end":{"line":107,"column":55}},"54":{"start":{"line":108,"column":24},"end":{"line":108,"column":66}},"55":{"start":{"line":109,"column":18},"end":{"line":109,"column":55}},"56":{"start":{"line":113,"column":28},"end":{"line":133,"column":1}},"57":{"start":{"line":115,"column":32},"end":{"line":115,"column":72}},"58":{"start":{"line":116,"column":23},"end":{"line":116,"column":57}},"59":{"start":{"line":117,"column":24},"end":{"line":117,"column":59}},"60":{"start":{"line":118,"column":28},"end":{"line":118,"column":70}},"61":{"start":{"line":119,"column":22},"end":{"line":119,"column":59}},"62":{"start":{"line":122,"column":23},"end":{"line":122,"column":62}},"63":{"start":{"line":125,"column":36},"end":{"line":125,"column":89}},"64":{"start":{"line":128,"column":23},"end":{"line":128,"column":63}},"65":{"start":{"line":131,"column":21},"end":{"line":131,"column":58}},"66":{"start":{"line":132,"column":28},"end":{"line":132,"column":72}},"67":{"start":{"line":136,"column":33},"end":{"line":142,"column":1}},"68":{"start":{"line":137,"column":27},"end":{"line":137,"column":74}},"69":{"start":{"line":138,"column":19},"end":{"line":138,"column":60}},"70":{"start":{"line":139,"column":20},"end":{"line":139,"column":62}},"71":{"start":{"line":140,"column":24},"end":{"line":140,"column":73}},"72":{"start":{"line":141,"column":18},"end":{"line":141,"column":62}},"73":{"start":{"line":145,"column":34},"end":{"line":151,"column":1}},"74":{"start":{"line":146,"column":27},"end":{"line":146,"column":75}},"75":{"start":{"line":147,"column":19},"end":{"line":147,"column":61}},"76":{"start":{"line":148,"column":23},"end":{"line":150,"column":4}},"77":{"start":{"line":154,"column":30},"end":{"line":162,"column":1}},"78":{"start":{"line":155,"column":27},"end":{"line":155,"column":70}},"79":{"start":{"line":156,"column":19},"end":{"line":156,"column":56}},"80":{"start":{"line":157,"column":18},"end":{"line":157,"column":58}},"81":{"start":{"line":158,"column":34},"end":{"line":158,"column":97}},"82":{"start":{"line":159,"column":44},"end":{"line":161,"column":4}}},"fnMap":{"0":{"name":"(anonymous_0)","decl":{"start":{"line":5,"column":9},"end":{"line":5,"column":10}},"loc":{"start":{"line":6,"column":4},"end":{"line":6,"column":57}},"line":6},"1":{"name":"(anonymous_1)","decl":{"start":{"line":8,"column":10},"end":{"line":8,"column":11}},"loc":{"start":{"line":9,"column":4},"end":{"line":9,"column":34}},"line":9},"2":{"name":"(anonymous_2)","decl":{"start":{"line":11,"column":18},"end":{"line":11,"column":19}},"loc":{"start":{"line":12,"column":4},"end":{"line":12,"column":39}},"line":12},"3":{"name":"(anonymous_3)","decl":{"start":{"line":14,"column":17},"end":{"line":14,"column":18}},"loc":{"start":{"line":14,"column":27},"end":{"line":18,"column":3}},"line":14},"4":{"name":"(anonymous_4)","decl":{"start":{"line":23,"column":10},"end":{"line":23,"column":11}},"loc":{"start":{"line":23,"column":27},"end":{"line":23,"column":70}},"line":23},"5":{"name":"(anonymous_5)","decl":{"start":{"line":24,"column":11},"end":{"line":24,"column":12}},"loc":{"start":{"line":24,"column":19},"end":{"line":24,"column":56}},"line":24},"6":{"name":"(anonymous_6)","decl":{"start":{"line":25,"column":10},"end":{"line":25,"column":11}},"loc":{"start":{"line":25,"column":20},"end":{"line":25,"column":58}},"line":25},"7":{"name":"(anonymous_7)","decl":{"start":{"line":26,"column":10},"end":{"line":26,"column":11}},"loc":{"start":{"line":26,"column":24},"end":{"line":26,"column":69}},"line":26},"8":{"name":"(anonymous_8)","decl":{"start":{"line":27,"column":10},"end":{"line":27,"column":11}},"loc":{"start":{"line":27,"column":18},"end":{"line":27,"column":58}},"line":27},"9":{"name":"(anonymous_9)","decl":{"start":{"line":32,"column":10},"end":{"line":32,"column":11}},"loc":{"start":{"line":32,"column":27},"end":{"line":32,"column":67}},"line":32},"10":{"name":"(anonymous_10)","decl":{"start":{"line":33,"column":11},"end":{"line":33,"column":12}},"loc":{"start":{"line":33,"column":19},"end":{"line":33,"column":53}},"line":33},"11":{"name":"(anonymous_11)","decl":{"start":{"line":34,"column":10},"end":{"line":34,"column":11}},"loc":{"start":{"line":34,"column":20},"end":{"line":34,"column":55}},"line":34},"12":{"name":"(anonymous_12)","decl":{"start":{"line":35,"column":10},"end":{"line":35,"column":11}},"loc":{"start":{"line":35,"column":24},"end":{"line":35,"column":66}},"line":35},"13":{"name":"(anonymous_13)","decl":{"start":{"line":36,"column":10},"end":{"line":36,"column":11}},"loc":{"start":{"line":36,"column":18},"end":{"line":36,"column":55}},"line":36},"14":{"name":"(anonymous_14)","decl":{"start":{"line":41,"column":10},"end":{"line":41,"column":11}},"loc":{"start":{"line":41,"column":27},"end":{"line":41,"column":74}},"line":41},"15":{"name":"(anonymous_15)","decl":{"start":{"line":42,"column":11},"end":{"line":42,"column":12}},"loc":{"start":{"line":42,"column":17},"end":{"line":42,"column":57}},"line":42},"16":{"name":"(anonymous_16)","decl":{"start":{"line":43,"column":12},"end":{"line":43,"column":13}},"loc":{"start":{"line":43,"column":20},"end":{"line":43,"column":72}},"line":43},"17":{"name":"(anonymous_17)","decl":{"start":{"line":44,"column":9},"end":{"line":44,"column":10}},"loc":{"start":{"line":44,"column":17},"end":{"line":44,"column":65}},"line":44},"18":{"name":"(anonymous_18)","decl":{"start":{"line":50,"column":19},"end":{"line":50,"column":20}},"loc":{"start":{"line":51,"column":4},"end":{"line":51,"column":75}},"line":51},"19":{"name":"(anonymous_19)","decl":{"start":{"line":52,"column":10},"end":{"line":52,"column":11}},"loc":{"start":{"line":53,"column":4},"end":{"line":53,"column":70}},"line":53},"20":{"name":"(anonymous_20)","decl":{"start":{"line":54,"column":10},"end":{"line":54,"column":11}},"loc":{"start":{"line":55,"column":4},"end":{"line":55,"column":83}},"line":55},"21":{"name":"(anonymous_21)","decl":{"start":{"line":56,"column":10},"end":{"line":56,"column":11}},"loc":{"start":{"line":57,"column":4},"end":{"line":57,"column":78}},"line":57},"22":{"name":"(anonymous_22)","decl":{"start":{"line":59,"column":28},"end":{"line":59,"column":29}},"loc":{"start":{"line":60,"column":4},"end":{"line":60,"column":66}},"line":60},"23":{"name":"(anonymous_23)","decl":{"start":{"line":61,"column":22},"end":{"line":61,"column":23}},"loc":{"start":{"line":62,"column":4},"end":{"line":62,"column":60}},"line":62},"24":{"name":"(anonymous_24)","decl":{"start":{"line":63,"column":29},"end":{"line":63,"column":30}},"loc":{"start":{"line":64,"column":4},"end":{"line":67,"column":6}},"line":64},"25":{"name":"(anonymous_25)","decl":{"start":{"line":68,"column":23},"end":{"line":68,"column":24}},"loc":{"start":{"line":69,"column":4},"end":{"line":72,"column":6}},"line":69},"26":{"name":"(anonymous_26)","decl":{"start":{"line":77,"column":10},"end":{"line":77,"column":11}},"loc":{"start":{"line":77,"column":27},"end":{"line":77,"column":71}},"line":77},"27":{"name":"(anonymous_27)","decl":{"start":{"line":78,"column":10},"end":{"line":78,"column":11}},"loc":{"start":{"line":78,"column":20},"end":{"line":78,"column":59}},"line":78},"28":{"name":"(anonymous_28)","decl":{"start":{"line":79,"column":10},"end":{"line":79,"column":11}},"loc":{"start":{"line":79,"column":24},"end":{"line":79,"column":70}},"line":79},"29":{"name":"(anonymous_29)","decl":{"start":{"line":80,"column":10},"end":{"line":80,"column":11}},"loc":{"start":{"line":80,"column":18},"end":{"line":80,"column":59}},"line":80},"30":{"name":"(anonymous_30)","decl":{"start":{"line":85,"column":10},"end":{"line":85,"column":11}},"loc":{"start":{"line":85,"column":27},"end":{"line":85,"column":69}},"line":85},"31":{"name":"(anonymous_31)","decl":{"start":{"line":86,"column":11},"end":{"line":86,"column":12}},"loc":{"start":{"line":86,"column":19},"end":{"line":86,"column":55}},"line":86},"32":{"name":"(anonymous_32)","decl":{"start":{"line":87,"column":11},"end":{"line":87,"column":12}},"loc":{"start":{"line":87,"column":17},"end":{"line":87,"column":52}},"line":87},"33":{"name":"(anonymous_33)","decl":{"start":{"line":88,"column":10},"end":{"line":88,"column":11}},"loc":{"start":{"line":88,"column":20},"end":{"line":88,"column":57}},"line":88},"34":{"name":"(anonymous_34)","decl":{"start":{"line":89,"column":10},"end":{"line":89,"column":11}},"loc":{"start":{"line":89,"column":24},"end":{"line":89,"column":68}},"line":89},"35":{"name":"(anonymous_35)","decl":{"start":{"line":90,"column":10},"end":{"line":90,"column":11}},"loc":{"start":{"line":90,"column":18},"end":{"line":90,"column":57}},"line":90},"36":{"name":"(anonymous_36)","decl":{"start":{"line":95,"column":10},"end":{"line":95,"column":11}},"loc":{"start":{"line":95,"column":27},"end":{"line":95,"column":70}},"line":95},"37":{"name":"(anonymous_37)","decl":{"start":{"line":96,"column":11},"end":{"line":96,"column":12}},"loc":{"start":{"line":96,"column":19},"end":{"line":96,"column":56}},"line":96},"38":{"name":"(anonymous_38)","decl":{"start":{"line":97,"column":10},"end":{"line":97,"column":11}},"loc":{"start":{"line":97,"column":20},"end":{"line":97,"column":58}},"line":97},"39":{"name":"(anonymous_39)","decl":{"start":{"line":98,"column":10},"end":{"line":98,"column":11}},"loc":{"start":{"line":98,"column":24},"end":{"line":98,"column":69}},"line":98},"40":{"name":"(anonymous_40)","decl":{"start":{"line":99,"column":10},"end":{"line":99,"column":11}},"loc":{"start":{"line":99,"column":18},"end":{"line":99,"column":58}},"line":99},"41":{"name":"(anonymous_41)","decl":{"start":{"line":100,"column":19},"end":{"line":100,"column":20}},"loc":{"start":{"line":100,"column":25},"end":{"line":100,"column":70}},"line":100},"42":{"name":"(anonymous_42)","decl":{"start":{"line":105,"column":10},"end":{"line":105,"column":11}},"loc":{"start":{"line":105,"column":27},"end":{"line":105,"column":67}},"line":105},"43":{"name":"(anonymous_43)","decl":{"start":{"line":106,"column":11},"end":{"line":106,"column":12}},"loc":{"start":{"line":106,"column":19},"end":{"line":106,"column":53}},"line":106},"44":{"name":"(anonymous_44)","decl":{"start":{"line":107,"column":10},"end":{"line":107,"column":11}},"loc":{"start":{"line":107,"column":20},"end":{"line":107,"column":55}},"line":107},"45":{"name":"(anonymous_45)","decl":{"start":{"line":108,"column":10},"end":{"line":108,"column":11}},"loc":{"start":{"line":108,"column":24},"end":{"line":108,"column":66}},"line":108},"46":{"name":"(anonymous_46)","decl":{"start":{"line":109,"column":10},"end":{"line":109,"column":11}},"loc":{"start":{"line":109,"column":18},"end":{"line":109,"column":55}},"line":109},"47":{"name":"(anonymous_47)","decl":{"start":{"line":115,"column":15},"end":{"line":115,"column":16}},"loc":{"start":{"line":115,"column":32},"end":{"line":115,"column":72}},"line":115},"48":{"name":"(anonymous_48)","decl":{"start":{"line":116,"column":15},"end":{"line":116,"column":16}},"loc":{"start":{"line":116,"column":23},"end":{"line":116,"column":57}},"line":116},"49":{"name":"(anonymous_49)","decl":{"start":{"line":117,"column":14},"end":{"line":117,"column":15}},"loc":{"start":{"line":117,"column":24},"end":{"line":117,"column":59}},"line":117},"50":{"name":"(anonymous_50)","decl":{"start":{"line":118,"column":14},"end":{"line":118,"column":15}},"loc":{"start":{"line":118,"column":28},"end":{"line":118,"column":70}},"line":118},"51":{"name":"(anonymous_51)","decl":{"start":{"line":119,"column":14},"end":{"line":119,"column":15}},"loc":{"start":{"line":119,"column":22},"end":{"line":119,"column":59}},"line":119},"52":{"name":"(anonymous_52)","decl":{"start":{"line":122,"column":17},"end":{"line":122,"column":18}},"loc":{"start":{"line":122,"column":23},"end":{"line":122,"column":62}},"line":122},"53":{"name":"(anonymous_53)","decl":{"start":{"line":125,"column":30},"end":{"line":125,"column":31}},"loc":{"start":{"line":125,"column":36},"end":{"line":125,"column":89}},"line":125},"54":{"name":"(anonymous_54)","decl":{"start":{"line":128,"column":17},"end":{"line":128,"column":18}},"loc":{"start":{"line":128,"column":23},"end":{"line":128,"column":63}},"line":128},"55":{"name":"(anonymous_55)","decl":{"start":{"line":131,"column":15},"end":{"line":131,"column":16}},"loc":{"start":{"line":131,"column":21},"end":{"line":131,"column":58}},"line":131},"56":{"name":"(anonymous_56)","decl":{"start":{"line":132,"column":18},"end":{"line":132,"column":19}},"loc":{"start":{"line":132,"column":28},"end":{"line":132,"column":72}},"line":132},"57":{"name":"(anonymous_57)","decl":{"start":{"line":137,"column":10},"end":{"line":137,"column":11}},"loc":{"start":{"line":137,"column":27},"end":{"line":137,"column":74}},"line":137},"58":{"name":"(anonymous_58)","decl":{"start":{"line":138,"column":11},"end":{"line":138,"column":12}},"loc":{"start":{"line":138,"column":19},"end":{"line":138,"column":60}},"line":138},"59":{"name":"(anonymous_59)","decl":{"start":{"line":139,"column":10},"end":{"line":139,"column":11}},"loc":{"start":{"line":139,"column":20},"end":{"line":139,"column":62}},"line":139},"60":{"name":"(anonymous_60)","decl":{"start":{"line":140,"column":10},"end":{"line":140,"column":11}},"loc":{"start":{"line":140,"column":24},"end":{"line":140,"column":73}},"line":140},"61":{"name":"(anonymous_61)","decl":{"start":{"line":141,"column":10},"end":{"line":141,"column":11}},"loc":{"start":{"line":141,"column":18},"end":{"line":141,"column":62}},"line":141},"62":{"name":"(anonymous_62)","decl":{"start":{"line":146,"column":10},"end":{"line":146,"column":11}},"loc":{"start":{"line":146,"column":27},"end":{"line":146,"column":75}},"line":146},"63":{"name":"(anonymous_63)","decl":{"start":{"line":147,"column":11},"end":{"line":147,"column":12}},"loc":{"start":{"line":147,"column":19},"end":{"line":147,"column":61}},"line":147},"64":{"name":"(anonymous_64)","decl":{"start":{"line":148,"column":15},"end":{"line":148,"column":16}},"loc":{"start":{"line":148,"column":23},"end":{"line":150,"column":4}},"line":148},"65":{"name":"(anonymous_65)","decl":{"start":{"line":155,"column":10},"end":{"line":155,"column":11}},"loc":{"start":{"line":155,"column":27},"end":{"line":155,"column":70}},"line":155},"66":{"name":"(anonymous_66)","decl":{"start":{"line":156,"column":11},"end":{"line":156,"column":12}},"loc":{"start":{"line":156,"column":19},"end":{"line":156,"column":56}},"line":156},"67":{"name":"(anonymous_67)","decl":{"start":{"line":157,"column":10},"end":{"line":157,"column":11}},"loc":{"start":{"line":157,"column":18},"end":{"line":157,"column":58}},"line":157},"68":{"name":"(anonymous_68)","decl":{"start":{"line":158,"column":20},"end":{"line":158,"column":21}},"loc":{"start":{"line":158,"column":34},"end":{"line":158,"column":97}},"line":158},"69":{"name":"(anonymous_69)","decl":{"start":{"line":159,"column":19},"end":{"line":159,"column":20}},"loc":{"start":{"line":159,"column":44},"end":{"line":161,"column":4}},"line":159}},"branchMap":{"0":{"loc":{"start":{"line":23,"column":11},"end":{"line":23,"column":22}},"type":"default-arg","locations":[{"start":{"line":23,"column":20},"end":{"line":23,"column":22}}],"line":23},"1":{"loc":{"start":{"line":32,"column":11},"end":{"line":32,"column":22}},"type":"default-arg","locations":[{"start":{"line":32,"column":20},"end":{"line":32,"column":22}}],"line":32},"2":{"loc":{"start":{"line":41,"column":11},"end":{"line":41,"column":22}},"type":"default-arg","locations":[{"start":{"line":41,"column":20},"end":{"line":41,"column":22}}],"line":41},"3":{"loc":{"start":{"line":50,"column":34},"end":{"line":50,"column":45}},"type":"default-arg","locations":[{"start":{"line":50,"column":43},"end":{"line":50,"column":45}}],"line":50},"4":{"loc":{"start":{"line":59,"column":29},"end":{"line":59,"column":40}},"type":"default-arg","locations":[{"start":{"line":59,"column":38},"end":{"line":59,"column":40}}],"line":59},"5":{"loc":{"start":{"line":61,"column":23},"end":{"line":61,"column":34}},"type":"default-arg","locations":[{"start":{"line":61,"column":32},"end":{"line":61,"column":34}}],"line":61},"6":{"loc":{"start":{"line":63,"column":30},"end":{"line":63,"column":41}},"type":"default-arg","locations":[{"start":{"line":63,"column":39},"end":{"line":63,"column":41}}],"line":63},"7":{"loc":{"start":{"line":68,"column":24},"end":{"line":68,"column":35}},"type":"default-arg","locations":[{"start":{"line":68,"column":33},"end":{"line":68,"column":35}}],"line":68},"8":{"loc":{"start":{"line":77,"column":11},"end":{"line":77,"column":22}},"type":"default-arg","locations":[{"start":{"line":77,"column":20},"end":{"line":77,"column":22}}],"line":77},"9":{"loc":{"start":{"line":85,"column":11},"end":{"line":85,"column":22}},"type":"default-arg","locations":[{"start":{"line":85,"column":20},"end":{"line":85,"column":22}}],"line":85},"10":{"loc":{"start":{"line":95,"column":11},"end":{"line":95,"column":22}},"type":"default-arg","locations":[{"start":{"line":95,"column":20},"end":{"line":95,"column":22}}],"line":95},"11":{"loc":{"start":{"line":105,"column":11},"end":{"line":105,"column":22}},"type":"default-arg","locations":[{"start":{"line":105,"column":20},"end":{"line":105,"column":22}}],"line":105},"12":{"loc":{"start":{"line":115,"column":16},"end":{"line":115,"column":27}},"type":"default-arg","locations":[{"start":{"line":115,"column":25},"end":{"line":115,"column":27}}],"line":115},"13":{"loc":{"start":{"line":137,"column":11},"end":{"line":137,"column":22}},"type":"default-arg","locations":[{"start":{"line":137,"column":20},"end":{"line":137,"column":22}}],"line":137},"14":{"loc":{"start":{"line":146,"column":11},"end":{"line":146,"column":22}},"type":"default-arg","locations":[{"start":{"line":146,"column":20},"end":{"line":146,"column":22}}],"line":146},"15":{"loc":{"start":{"line":155,"column":11},"end":{"line":155,"column":22}},"type":"default-arg","locations":[{"start":{"line":155,"column":20},"end":{"line":155,"column":22}}],"line":155},"16":{"loc":{"start":{"line":159,"column":28},"end":{"line":159,"column":39}},"type":"default-arg","locations":[{"start":{"line":159,"column":37},"end":{"line":159,"column":39}}],"line":159}},"s":{"0":0,"1":0,"2":0,"3":0,"4":0,"5":0,"6":0,"7":0,"8":0,"9":0,"10":0,"11":0,"12":0,"13":0,"14":0,"15":0,"16":0,"17":0,"18":0,"19":0,"20":0,"21":0,"22":0,"23":0,"24":0,"25":0,"26":0,"27":0,"28":0,"29":0,"30":0,"31":0,"32":0,"33":0,"34":0,"35":0,"36":0,"37":0,"38":0,"39":0,"40":0,"41":0,"42":0,"43":0,"44":0,"45":0,"46":0,"47":0,"48":0,"49":0,"50":0,"51":0,"52":0,"53":0,"54":0,"55":0,"56":0,"57":0,"58":0,"59":0,"60":0,"61":0,"62":0,"63":0,"64":0,"65":0,"66":0,"67":0,"68":0,"69":0,"70":0,"71":0,"72":0,"73":0,"74":0,"75":0,"76":0,"77":0,"78":0,"79":0,"80":0,"81":0,"82":0},"f":{"0":0,"1":0,"2":0,"3":0,"4":0,"5":0,"6":0,"7":0,"8":0,"9":0,"10":0,"11":0,"12":0,"13":0,"14":0,"15":0,"16":0,"17":0,"18":0,"19":0,"20":0,"21":0,"22":0,"23":0,"24":0,"25":0,"26":0,"27":0,"28":0,"29":0,"30":0,"31":0,"32":0,"33":0,"34":0,"35":0,"36":0,"37":0,"38":0,"39":0,"40":0,"41":0,"42":0,"43":0,"44":0,"45":0,"46":0,"47":0,"48":0,"49":0,"50":0,"51":0,"52":0,"53":0,"54":0,"55":0,"56":0,"57":0,"58":0,"59":0,"60":0,"61":0,"62":0,"63":0,"64":0,"65":0,"66":0,"67":0,"68":0,"69":0},"b":{"0":[0],"1":[0],"2":[0],"3":[0],"4":[0],"5":[0],"6":[0],"7":[0],"8":[0],"9":[0],"10":[0],"11":[0],"12":[0],"13":[0],"14":[0],"15":[0],"16":[0]}}
,"/app/src/components/Dashboard.js": {"path":"/app/src/components/Dashboard.js","statementMap":{"0":{"start":{"line":30,"column":18},"end":{"line":267,"column":1}},"1":{"start":{"line":31,"column":27},"end":{"line":31,"column":36}},"2":{"start":{"line":32,"column":16},"end":{"line":32,"column":26}},"3":{"start":{"line":33,"column":19},"end":{"line":33,"column":62}},"4":{"start":{"line":34,"column":40},"end":{"line":34,"column":59}},"5":{"start":{"line":35,"column":50},"end":{"line":35,"column":65}},"6":{"start":{"line":36,"column":40},"end":{"line":36,"column":63}},"7":{"start":{"line":37,"column":48},"end":{"line":37,"column":62}},"8":{"start":{"line":39,"column":33},"end":{"line":39,"column":52}},"9":{"start":{"line":41,"column":2},"end":{"line":49,"column":13}},"10":{"start":{"line":42,"column":4},"end":{"line":42,"column":26}},"11":{"start":{"line":44,"column":4},"end":{"line":47,"column":5}},"12":{"start":{"line":45,"column":6},"end":{"line":45,"column":49}},"13":{"start":{"line":46,"column":6},"end":{"line":46,"column":44}},"14":{"start":{"line":51,"column":2},"end":{"line":56,"column":30}},"15":{"start":{"line":53,"column":4},"end":{"line":55,"column":5}},"16":{"start":{"line":54,"column":6},"end":{"line":54,"column":28}},"17":{"start":{"line":58,"column":2},"end":{"line":60,"column":43}},"18":{"start":{"line":62,"column":30},"end":{"line":74,"column":3}},"19":{"start":{"line":63,"column":4},"end":{"line":73,"column":5}},"20":{"start":{"line":64,"column":23},"end":{"line":64,"column":55}},"21":{"start":{"line":66,"column":26},"end":{"line":66,"column":64}},"22":{"start":{"line":67,"column":20},"end":{"line":69,"column":14}},"23":{"start":{"line":68,"column":33},"end":{"line":68,"column":65}},"24":{"start":{"line":70,"column":6},"end":{"line":70,"column":32}},"25":{"start":{"line":72,"column":6},"end":{"line":72,"column":57}},"26":{"start":{"line":76,"column":30},"end":{"line":78,"column":3}},"27":{"start":{"line":77,"column":4},"end":{"line":77,"column":33}},"28":{"start":{"line":80,"column":23},"end":{"line":82,"column":3}},"29":{"start":{"line":81,"column":4},"end":{"line":81,"column":13}},"30":{"start":{"line":84,"column":21},"end":{"line":140,"column":3}},"31":{"start":{"line":85,"column":4},"end":{"line":139,"column":5}},"32":{"start":{"line":87,"column":6},"end":{"line":118,"column":7}},"33":{"start":{"line":89,"column":10},"end":{"line":89,"column":36}},"34":{"start":{"line":91,"column":10},"end":{"line":91,"column":32}},"35":{"start":{"line":93,"column":10},"end":{"line":93,"column":45}},"36":{"start":{"line":95,"column":10},"end":{"line":95,"column":45}},"37":{"start":{"line":97,"column":10},"end":{"line":97,"column":32}},"38":{"start":{"line":99,"column":10},"end":{"line":99,"column":30}},"39":{"start":{"line":101,"column":10},"end":{"line":101,"column":104}},"40":{"start":{"line":103,"column":10},"end":{"line":103,"column":33}},"41":{"start":{"line":105,"column":10},"end":{"line":105,"column":28}},"42":{"start":{"line":107,"column":10},"end":{"line":107,"column":36}},"43":{"start":{"line":109,"column":10},"end":{"line":109,"column":37}},"44":{"start":{"line":111,"column":10},"end":{"line":111,"column":36}},"45":{"start":{"line":113,"column":10},"end":{"line":113,"column":29}},"46":{"start":{"line":115,"column":10},"end":{"line":115,"column":33}},"47":{"start":{"line":117,"column":10},"end":{"line":117,"column":45}},"48":{"start":{"line":121,"column":6},"end":{"line":138,"column":7}},"49":{"start":{"line":123,"column":10},"end":{"line":123,"column":104}},"50":{"start":{"line":125,"column":10},"end":{"line":125,"column":33}},"51":{"start":{"line":127,"column":10},"end":{"line":127,"column":28}},"52":{"start":{"line":129,"column":10},"end":{"line":129,"column":37}},"53":{"start":{"line":131,"column":10},"end":{"line":131,"column":36}},"54":{"start":{"line":133,"column":10},"end":{"line":133,"column":29}},"55":{"start":{"line":135,"column":10},"end":{"line":135,"column":33}},"56":{"start":{"line":137,"column":10},"end":{"line":137,"column":104}},"57":{"start":{"line":142,"column":22},"end":{"line":142,"column":25}},"58":{"start":{"line":143,"column":25},"end":{"line":143,"column":27}},"59":{"start":{"line":144,"column":23},"end":{"line":144,"column":70}},"60":{"start":{"line":145,"column":23},"end":{"line":145,"column":41}},"61":{"start":{"line":147,"column":2},"end":{"line":151,"column":9}},"62":{"start":{"line":148,"column":4},"end":{"line":150,"column":5}},"63":{"start":{"line":149,"column":6},"end":{"line":149,"column":51}},"64":{"start":{"line":153,"column":2},"end":{"line":266,"column":4}},"65":{"start":{"line":170,"column":31},"end":{"line":170,"column":54}},"66":{"start":{"line":171,"column":35},"end":{"line":173,"column":43}},"67":{"start":{"line":174,"column":37},"end":{"line":176,"column":46}},"68":{"start":{"line":177,"column":34},"end":{"line":179,"column":93}},"69":{"start":{"line":191,"column":37},"end":{"line":193,"column":69}},"70":{"start":{"line":201,"column":36},"end":{"line":203,"column":43}},"71":{"start":{"line":216,"column":34},"end":{"line":218,"column":41}},"72":{"start":{"line":255,"column":25},"end":{"line":255,"column":46}},"73":{"start":{"line":261,"column":34},"end":{"line":261,"column":72}},"74":{"start":{"line":262,"column":32},"end":{"line":262,"column":57}}},"fnMap":{"0":{"name":"(anonymous_0)","decl":{"start":{"line":30,"column":18},"end":{"line":30,"column":19}},"loc":{"start":{"line":30,"column":24},"end":{"line":267,"column":1}},"line":30},"1":{"name":"(anonymous_1)","decl":{"start":{"line":41,"column":12},"end":{"line":41,"column":13}},"loc":{"start":{"line":41,"column":18},"end":{"line":49,"column":3}},"line":41},"2":{"name":"(anonymous_2)","decl":{"start":{"line":51,"column":12},"end":{"line":51,"column":13}},"loc":{"start":{"line":51,"column":18},"end":{"line":56,"column":3}},"line":51},"3":{"name":"(anonymous_3)","decl":{"start":{"line":58,"column":12},"end":{"line":58,"column":13}},"loc":{"start":{"line":58,"column":18},"end":{"line":60,"column":3}},"line":58},"4":{"name":"(anonymous_4)","decl":{"start":{"line":62,"column":30},"end":{"line":62,"column":31}},"loc":{"start":{"line":62,"column":42},"end":{"line":74,"column":3}},"line":62},"5":{"name":"(anonymous_5)","decl":{"start":{"line":68,"column":27},"end":{"line":68,"column":28}},"loc":{"start":{"line":68,"column":33},"end":{"line":68,"column":65}},"line":68},"6":{"name":"(anonymous_6)","decl":{"start":{"line":76,"column":30},"end":{"line":76,"column":31}},"loc":{"start":{"line":76,"column":36},"end":{"line":78,"column":3}},"line":76},"7":{"name":"(anonymous_7)","decl":{"start":{"line":80,"column":23},"end":{"line":80,"column":24}},"loc":{"start":{"line":80,"column":29},"end":{"line":82,"column":3}},"line":80},"8":{"name":"(anonymous_8)","decl":{"start":{"line":84,"column":21},"end":{"line":84,"column":22}},"loc":{"start":{"line":84,"column":27},"end":{"line":140,"column":3}},"line":84},"9":{"name":"(anonymous_9)","decl":{"start":{"line":147,"column":18},"end":{"line":147,"column":19}},"loc":{"start":{"line":147,"column":24},"end":{"line":151,"column":3}},"line":147},"10":{"name":"(anonymous_10)","decl":{"start":{"line":170,"column":20},"end":{"line":170,"column":21}},"loc":{"start":{"line":170,"column":31},"end":{"line":170,"column":54}},"line":170},"11":{"name":"(anonymous_11)","decl":{"start":{"line":171,"column":24},"end":{"line":171,"column":25}},"loc":{"start":{"line":171,"column":35},"end":{"line":173,"column":43}},"line":171},"12":{"name":"(anonymous_12)","decl":{"start":{"line":174,"column":26},"end":{"line":174,"column":27}},"loc":{"start":{"line":174,"column":37},"end":{"line":176,"column":46}},"line":174},"13":{"name":"(anonymous_13)","decl":{"start":{"line":177,"column":23},"end":{"line":177,"column":24}},"loc":{"start":{"line":177,"column":34},"end":{"line":179,"column":93}},"line":177},"14":{"name":"(anonymous_14)","decl":{"start":{"line":191,"column":26},"end":{"line":191,"column":27}},"loc":{"start":{"line":191,"column":37},"end":{"line":193,"column":69}},"line":191},"15":{"name":"(anonymous_15)","decl":{"start":{"line":201,"column":25},"end":{"line":201,"column":26}},"loc":{"start":{"line":201,"column":36},"end":{"line":203,"column":43}},"line":201},"16":{"name":"(anonymous_16)","decl":{"start":{"line":216,"column":23},"end":{"line":216,"column":24}},"loc":{"start":{"line":216,"column":34},"end":{"line":218,"column":41}},"line":216},"17":{"name":"(anonymous_17)","decl":{"start":{"line":255,"column":19},"end":{"line":255,"column":20}},"loc":{"start":{"line":255,"column":25},"end":{"line":255,"column":46}},"line":255},"18":{"name":"(anonymous_18)","decl":{"start":{"line":261,"column":28},"end":{"line":261,"column":29}},"loc":{"start":{"line":261,"column":34},"end":{"line":261,"column":72}},"line":261},"19":{"name":"(anonymous_19)","decl":{"start":{"line":262,"column":26},"end":{"line":262,"column":27}},"loc":{"start":{"line":262,"column":32},"end":{"line":262,"column":57}},"line":262}},"branchMap":{"0":{"loc":{"start":{"line":44,"column":4},"end":{"line":47,"column":5}},"type":"if","locations":[{"start":{"line":44,"column":4},"end":{"line":47,"column":5}},{"start":{},"end":{}}],"line":44},"1":{"loc":{"start":{"line":44,"column":8},"end":{"line":44,"column":89}},"type":"binary-expr","locations":[{"start":{"line":44,"column":8},"end":{"line":44,"column":21}},{"start":{"line":44,"column":25},"end":{"line":44,"column":56}},{"start":{"line":44,"column":60},"end":{"line":44,"column":89}}],"line":44},"2":{"loc":{"start":{"line":53,"column":4},"end":{"line":55,"column":5}},"type":"if","locations":[{"start":{"line":53,"column":4},"end":{"line":55,"column":5}},{"start":{},"end":{}}],"line":53},"3":{"loc":{"start":{"line":66,"column":26},"end":{"line":66,"column":64}},"type":"binary-expr","locations":[{"start":{"line":66,"column":26},"end":{"line":66,"column":47}},{"start":{"line":66,"column":51},"end":{"line":66,"column":64}}],"line":66},"4":{"loc":{"start":{"line":67,"column":20},"end":{"line":69,"column":14}},"type":"cond-expr","locations":[{"start":{"line":68,"column":10},"end":{"line":68,"column":66}},{"start":{"line":69,"column":10},"end":{"line":69,"column":14}}],"line":67},"5":{"loc":{"start":{"line":68,"column":33},"end":{"line":68,"column":65}},"type":"binary-expr","locations":[{"start":{"line":68,"column":33},"end":{"line":68,"column":46}},{"start":{"line":68,"column":50},"end":{"line":68,"column":65}}],"line":68},"6":{"loc":{"start":{"line":85,"column":4},"end":{"line":139,"column":5}},"type":"if","locations":[{"start":{"line":85,"column":4},"end":{"line":139,"column":5}},{"start":{"line":119,"column":11},"end":{"line":139,"column":5}}],"line":85},"7":{"loc":{"start":{"line":87,"column":6},"end":{"line":118,"column":7}},"type":"switch","locations":[{"start":{"line":88,"column":8},"end":{"line":89,"column":36}},{"start":{"line":90,"column":8},"end":{"line":91,"column":32}},{"start":{"line":92,"column":8},"end":{"line":93,"column":45}},{"start":{"line":94,"column":8},"end":{"line":95,"column":45}},{"start":{"line":96,"column":8},"end":{"line":97,"column":32}},{"start":{"line":98,"column":8},"end":{"line":99,"column":30}},{"start":{"line":100,"column":8},"end":{"line":101,"column":104}},{"start":{"line":102,"column":8},"end":{"line":103,"column":33}},{"start":{"line":104,"column":8},"end":{"line":105,"column":28}},{"start":{"line":106,"column":8},"end":{"line":107,"column":36}},{"start":{"line":108,"column":8},"end":{"line":109,"column":37}},{"start":{"line":110,"column":8},"end":{"line":111,"column":36}},{"start":{"line":112,"column":8},"end":{"line":113,"column":29}},{"start":{"line":114,"column":8},"end":{"line":115,"column":33}},{"start":{"line":116,"column":8},"end":{"line":117,"column":45}}],"line":87},"8":{"loc":{"start":{"line":121,"column":6},"end":{"line":138,"column":7}},"type":"switch","locations":[{"start":{"line":122,"column":8},"end":{"line":123,"column":104}},{"start":{"line":124,"column":8},"end":{"line":125,"column":33}},{"start":{"line":126,"column":8},"end":{"line":127,"column":28}},{"start":{"line":128,"column":8},"end":{"line":129,"column":37}},{"start":{"line":130,"column":8},"end":{"line":131,"column":36}},{"start":{"line":132,"column":8},"end":{"line":133,"column":29}},{"start":{"line":134,"column":8},"end":{"line":135,"column":33}},{"start":{"line":136,"column":8},"end":{"line":137,"column":104}}],"line":121},"9":{"loc":{"start":{"line":144,"column":23},"end":{"line":144,"column":70}},"type":"cond-expr","locations":[{"start":{"line":144,"column":42},"end":{"line":144,"column":56}},{"start":{"line":144,"column":59},"end":{"line":144,"column":70}}],"line":144},"10":{"loc":{"start":{"line":148,"column":4},"end":{"line":150,"column":5}},"type":"if","locations":[{"start":{"line":148,"column":4},"end":{"line":150,"column":5}},{"start":{},"end":{}}],"line":148},"11":{"loc":{"start":{"line":166,"column":7},"end":{"line":225,"column":7}},"type":"binary-expr","locations":[{"start":{"line":166,"column":7},"end":{"line":166,"column":15}},{"start":{"line":167,"column":8},"end":{"line":224,"column":17}}],"line":166},"12":{"loc":{"start":{"line":171,"column":35},"end":{"line":173,"column":43}},"type":"cond-expr","locations":[{"start":{"line":172,"column":16},"end":{"line":172,"column":39}},{"start":{"line":173,"column":16},"end":{"line":173,"column":43}}],"line":171},"13":{"loc":{"start":{"line":174,"column":37},"end":{"line":176,"column":46}},"type":"cond-expr","locations":[{"start":{"line":175,"column":16},"end":{"line":175,"column":53}},{"start":{"line":176,"column":16},"end":{"line":176,"column":46}}],"line":174},"14":{"loc":{"start":{"line":177,"column":34},"end":{"line":179,"column":93}},"type":"cond-expr","locations":[{"start":{"line":178,"column":16},"end":{"line":178,"column":89}},{"start":{"line":179,"column":16},"end":{"line":179,"column":93}}],"line":177},"15":{"loc":{"start":{"line":191,"column":37},"end":{"line":193,"column":69}},"type":"cond-expr","locations":[{"start":{"line":192,"column":22},"end":{"line":192,"column":69}},{"start":{"line":193,"column":22},"end":{"line":193,"column":69}}],"line":191},"16":{"loc":{"start":{"line":201,"column":36},"end":{"line":203,"column":43}},"type":"cond-expr","locations":[{"start":{"line":202,"column":22},"end":{"line":202,"column":48}},{"start":{"line":203,"column":22},"end":{"line":203,"column":43}}],"line":201},"17":{"loc":{"start":{"line":216,"column":34},"end":{"line":218,"column":41}},"type":"cond-expr","locations":[{"start":{"line":217,"column":20},"end":{"line":217,"column":46}},{"start":{"line":218,"column":20},"end":{"line":218,"column":41}}],"line":216}},"s":{"0":0,"1":0,"2":0,"3":0,"4":0,"5":0,"6":0,"7":0,"8":0,"9":0,"10":0,"11":0,"12":0,"13":0,"14":0,"15":0,"16":0,"17":0,"18":0,"19":0,"20":0,"21":0,"22":0,"23":0,"24":0,"25":0,"26":0,"27":0,"28":0,"29":0,"30":0,"31":0,"32":0,"33":0,"34":0,"35":0,"36":0,"37":0,"38":0,"39":0,"40":0,"41":0,"42":0,"43":0,"44":0,"45":0,"46":0,"47":0,"48":0,"49":0,"50":0,"51":0,"52":0,"53":0,"54":0,"55":0,"56":0,"57":0,"58":0,"59":0,"60":0,"61":0,"62":0,"63":0,"64":0,"65":0,"66":0,"67":0,"68":0,"69":0,"70":0,"71":0,"72":0,"73":0,"74":0},"f":{"0":0,"1":0,"2":0,"3":0,"4":0,"5":0,"6":0,"7":0,"8":0,"9":0,"10":0,"11":0,"12":0,"13":0,"14":0,"15":0,"16":0,"17":0,"18":0,"19":0},"b":{"0":[0,0],"1":[0,0,0],"2":[0,0],"3":[0,0],"4":[0,0],"5":[0,0],"6":[0,0],"7":[0,0,0,0,0,0,0,0,0,0,0,0,0,0,0],"8":[0,0,0,0,0,0,0,0],"9":[0,0],"10":[0,0],"11":[0,0],"12":[0,0],"13":[0,0],"14":[0,0],"15":[0,0],"16":[0,0],"17":[0,0]}}
,"/app/src/components/DomainTree.js": {"path":"/app/src/components/DomainTree.js","statementMap":{"0":{"start":{"line":28,"column":17},"end":{"line":166,"column":1}},"1":{"start":{"line":29,"column":21},"end":{"line":29,"column":47}},"2":{"start":{"line":30,"column":22},"end":{"line":30,"column":63}},"3":{"start":{"line":32,"column":2},"end":{"line":165,"column":4}},"4":{"start":{"line":52,"column":27},"end":{"line":52,"column":44}},"5":{"start":{"line":112,"column":27},"end":{"line":112,"column":41}},"6":{"start":{"line":124,"column":27},"end":{"line":124,"column":39}},"7":{"start":{"line":136,"column":27},"end":{"line":136,"column":41}},"8":{"start":{"line":150,"column":12},"end":{"line":160,"column":14}},"9":{"start":{"line":168,"column":19},"end":{"line":438,"column":1}},"10":{"start":{"line":169,"column":16},"end":{"line":169,"column":26}},"11":{"start":{"line":170,"column":17},"end":{"line":170,"column":46}},"12":{"start":{"line":171,"column":26},"end":{"line":171,"column":38}},"13":{"start":{"line":172,"column":32},"end":{"line":172,"column":44}},"14":{"start":{"line":173,"column":32},"end":{"line":173,"column":46}},"15":{"start":{"line":174,"column":28},"end":{"line":174,"column":42}},"16":{"start":{"line":175,"column":44},"end":{"line":175,"column":63}},"17":{"start":{"line":176,"column":38},"end":{"line":176,"column":53}},"18":{"start":{"line":177,"column":44},"end":{"line":177,"column":58}},"19":{"start":{"line":178,"column":34},"end":{"line":178,"column":68}},"20":{"start":{"line":179,"column":32},"end":{"line":179,"column":46}},"21":{"start":{"line":181,"column":24},"end":{"line":190,"column":8}},"22":{"start":{"line":182,"column":14},"end":{"line":182,"column":16}},"23":{"start":{"line":183,"column":4},"end":{"line":188,"column":7}},"24":{"start":{"line":184,"column":6},"end":{"line":184,"column":24}},"25":{"start":{"line":185,"column":6},"end":{"line":187,"column":7}},"26":{"start":{"line":186,"column":8},"end":{"line":186,"column":55}},"27":{"start":{"line":189,"column":4},"end":{"line":189,"column":15}},"28":{"start":{"line":192,"column":19},"end":{"line":207,"column":21}},"29":{"start":{"line":193,"column":4},"end":{"line":206,"column":5}},"30":{"start":{"line":194,"column":6},"end":{"line":194,"column":21}},"31":{"start":{"line":195,"column":6},"end":{"line":195,"column":23}},"32":{"start":{"line":196,"column":23},"end":{"line":196,"column":52}},"33":{"start":{"line":197,"column":6},"end":{"line":197,"column":35}},"34":{"start":{"line":199,"column":21},"end":{"line":199,"column":55}},"35":{"start":{"line":200,"column":6},"end":{"line":200,"column":40}},"36":{"start":{"line":202,"column":6},"end":{"line":202,"column":57}},"37":{"start":{"line":203,"column":6},"end":{"line":203,"column":49}},"38":{"start":{"line":205,"column":6},"end":{"line":205,"column":24}},"39":{"start":{"line":209,"column":22},"end":{"line":216,"column":8}},"40":{"start":{"line":210,"column":4},"end":{"line":215,"column":5}},"41":{"start":{"line":211,"column":23},"end":{"line":211,"column":51}},"42":{"start":{"line":212,"column":6},"end":{"line":212,"column":63}},"43":{"start":{"line":214,"column":6},"end":{"line":214,"column":53}},"44":{"start":{"line":218,"column":2},"end":{"line":221,"column":30}},"45":{"start":{"line":219,"column":4},"end":{"line":219,"column":15}},"46":{"start":{"line":220,"column":4},"end":{"line":220,"column":18}},"47":{"start":{"line":224,"column":23},"end":{"line":234,"column":3}},"48":{"start":{"line":225,"column":4},"end":{"line":233,"column":7}},"49":{"start":{"line":226,"column":21},"end":{"line":226,"column":34}},"50":{"start":{"line":227,"column":6},"end":{"line":231,"column":7}},"51":{"start":{"line":228,"column":8},"end":{"line":228,"column":30}},"52":{"start":{"line":230,"column":8},"end":{"line":230,"column":27}},"53":{"start":{"line":232,"column":6},"end":{"line":232,"column":20}},"54":{"start":{"line":236,"column":27},"end":{"line":251,"column":3}},"55":{"start":{"line":237,"column":4},"end":{"line":249,"column":5}},"56":{"start":{"line":238,"column":6},"end":{"line":238,"column":31}},"57":{"start":{"line":239,"column":6},"end":{"line":242,"column":9}},"58":{"start":{"line":244,"column":6},"end":{"line":244,"column":29}},"59":{"start":{"line":245,"column":6},"end":{"line":248,"column":9}},"60":{"start":{"line":250,"column":4},"end":{"line":250,"column":24}},"61":{"start":{"line":253,"column":28},"end":{"line":258,"column":3}},"62":{"start":{"line":254,"column":4},"end":{"line":254,"column":25}},"63":{"start":{"line":255,"column":4},"end":{"line":255,"column":27}},"64":{"start":{"line":256,"column":4},"end":{"line":256,"column":42}},"65":{"start":{"line":257,"column":4},"end":{"line":257,"column":21}},"66":{"start":{"line":260,"column":23},"end":{"line":288,"column":3}},"67":{"start":{"line":261,"column":4},"end":{"line":287,"column":5}},"68":{"start":{"line":262,"column":6},"end":{"line":262,"column":23}},"69":{"start":{"line":263,"column":19},"end":{"line":266,"column":7}},"70":{"start":{"line":268,"column":6},"end":{"line":274,"column":7}},"71":{"start":{"line":269,"column":8},"end":{"line":269,"column":59}},"72":{"start":{"line":270,"column":8},"end":{"line":270,"column":80}},"73":{"start":{"line":272,"column":8},"end":{"line":272,"column":41}},"74":{"start":{"line":273,"column":8},"end":{"line":273,"column":74}},"75":{"start":{"line":276,"column":6},"end":{"line":280,"column":15}},"76":{"start":{"line":277,"column":8},"end":{"line":277,"column":28}},"77":{"start":{"line":278,"column":8},"end":{"line":278,"column":19}},"78":{"start":{"line":279,"column":8},"end":{"line":279,"column":22}},"79":{"start":{"line":282,"column":6},"end":{"line":282,"column":51}},"80":{"start":{"line":283,"column":6},"end":{"line":286,"column":9}},"81":{"start":{"line":290,"column":23},"end":{"line":304,"column":3}},"82":{"start":{"line":291,"column":4},"end":{"line":293,"column":5}},"83":{"start":{"line":292,"column":6},"end":{"line":292,"column":13}},"84":{"start":{"line":295,"column":4},"end":{"line":303,"column":5}},"85":{"start":{"line":296,"column":6},"end":{"line":296,"column":44}},"86":{"start":{"line":297,"column":6},"end":{"line":297,"column":70}},"87":{"start":{"line":298,"column":6},"end":{"line":298,"column":17}},"88":{"start":{"line":299,"column":6},"end":{"line":299,"column":20}},"89":{"start":{"line":301,"column":6},"end":{"line":301,"column":53}},"90":{"start":{"line":302,"column":6},"end":{"line":302,"column":64}},"91":{"start":{"line":306,"column":2},"end":{"line":312,"column":3}},"92":{"start":{"line":307,"column":4},"end":{"line":311,"column":6}},"93":{"start":{"line":314,"column":2},"end":{"line":320,"column":3}},"94":{"start":{"line":315,"column":4},"end":{"line":319,"column":6}},"95":{"start":{"line":322,"column":2},"end":{"line":437,"column":4}},"96":{"start":{"line":338,"column":25},"end":{"line":338,"column":43}},"97":{"start":{"line":370,"column":14},"end":{"line":379,"column":16}},"98":{"start":{"line":399,"column":29},"end":{"line":399,"column":79}},"99":{"start":{"line":409,"column":29},"end":{"line":409,"column":81}},"100":{"start":{"line":416,"column":29},"end":{"line":416,"column":72}},"101":{"start":{"line":418,"column":16},"end":{"line":420,"column":27}}},"fnMap":{"0":{"name":"(anonymous_0)","decl":{"start":{"line":28,"column":17},"end":{"line":28,"column":18}},"loc":{"start":{"line":28,"column":100},"end":{"line":166,"column":1}},"line":28},"1":{"name":"(anonymous_1)","decl":{"start":{"line":52,"column":21},"end":{"line":52,"column":22}},"loc":{"start":{"line":52,"column":27},"end":{"line":52,"column":44}},"line":52},"2":{"name":"(anonymous_2)","decl":{"start":{"line":112,"column":21},"end":{"line":112,"column":22}},"loc":{"start":{"line":112,"column":27},"end":{"line":112,"column":41}},"line":112},"3":{"name":"(anonymous_3)","decl":{"start":{"line":124,"column":21},"end":{"line":124,"column":22}},"loc":{"start":{"line":124,"column":27},"end":{"line":124,"column":39}},"line":124},"4":{"name":"(anonymous_4)","decl":{"start":{"line":136,"column":21},"end":{"line":136,"column":22}},"loc":{"start":{"line":136,"column":27},"end":{"line":136,"column":41}},"line":136},"5":{"name":"(anonymous_5)","decl":{"start":{"line":149,"column":29},"end":{"line":149,"column":30}},"loc":{"start":{"line":150,"column":12},"end":{"line":160,"column":14}},"line":150},"6":{"name":"(anonymous_6)","decl":{"start":{"line":168,"column":19},"end":{"line":168,"column":20}},"loc":{"start":{"line":168,"column":25},"end":{"line":438,"column":1}},"line":168},"7":{"name":"(anonymous_7)","decl":{"start":{"line":181,"column":36},"end":{"line":181,"column":37}},"loc":{"start":{"line":181,"column":47},"end":{"line":190,"column":3}},"line":181},"8":{"name":"(anonymous_8)","decl":{"start":{"line":183,"column":18},"end":{"line":183,"column":19}},"loc":{"start":{"line":183,"column":28},"end":{"line":188,"column":5}},"line":183},"9":{"name":"(anonymous_9)","decl":{"start":{"line":192,"column":31},"end":{"line":192,"column":32}},"loc":{"start":{"line":192,"column":43},"end":{"line":207,"column":3}},"line":192},"10":{"name":"(anonymous_10)","decl":{"start":{"line":209,"column":34},"end":{"line":209,"column":35}},"loc":{"start":{"line":209,"column":46},"end":{"line":216,"column":3}},"line":209},"11":{"name":"(anonymous_11)","decl":{"start":{"line":218,"column":12},"end":{"line":218,"column":13}},"loc":{"start":{"line":218,"column":18},"end":{"line":221,"column":3}},"line":218},"12":{"name":"(anonymous_12)","decl":{"start":{"line":224,"column":23},"end":{"line":224,"column":24}},"loc":{"start":{"line":224,"column":35},"end":{"line":234,"column":3}},"line":224},"13":{"name":"(anonymous_13)","decl":{"start":{"line":225,"column":21},"end":{"line":225,"column":22}},"loc":{"start":{"line":225,"column":31},"end":{"line":233,"column":5}},"line":225},"14":{"name":"(anonymous_14)","decl":{"start":{"line":236,"column":27},"end":{"line":236,"column":28}},"loc":{"start":{"line":236,"column":63},"end":{"line":251,"column":3}},"line":236},"15":{"name":"(anonymous_15)","decl":{"start":{"line":253,"column":28},"end":{"line":253,"column":29}},"loc":{"start":{"line":253,"column":34},"end":{"line":258,"column":3}},"line":253},"16":{"name":"(anonymous_16)","decl":{"start":{"line":260,"column":23},"end":{"line":260,"column":24}},"loc":{"start":{"line":260,"column":35},"end":{"line":288,"column":3}},"line":260},"17":{"name":"(anonymous_17)","decl":{"start":{"line":276,"column":17},"end":{"line":276,"column":18}},"loc":{"start":{"line":276,"column":23},"end":{"line":280,"column":7}},"line":276},"18":{"name":"(anonymous_18)","decl":{"start":{"line":290,"column":23},"end":{"line":290,"column":24}},"loc":{"start":{"line":290,"column":41},"end":{"line":304,"column":3}},"line":290},"19":{"name":"(anonymous_19)","decl":{"start":{"line":338,"column":19},"end":{"line":338,"column":20}},"loc":{"start":{"line":338,"column":25},"end":{"line":338,"column":43}},"line":338},"20":{"name":"(anonymous_20)","decl":{"start":{"line":369,"column":22},"end":{"line":369,"column":23}},"loc":{"start":{"line":370,"column":14},"end":{"line":379,"column":16}},"line":370},"21":{"name":"(anonymous_21)","decl":{"start":{"line":399,"column":22},"end":{"line":399,"column":23}},"loc":{"start":{"line":399,"column":29},"end":{"line":399,"column":79}},"line":399},"22":{"name":"(anonymous_22)","decl":{"start":{"line":409,"column":22},"end":{"line":409,"column":23}},"loc":{"start":{"line":409,"column":29},"end":{"line":409,"column":81}},"line":409},"23":{"name":"(anonymous_23)","decl":{"start":{"line":416,"column":22},"end":{"line":416,"column":23}},"loc":{"start":{"line":416,"column":29},"end":{"line":416,"column":72}},"line":416},"24":{"name":"(anonymous_24)","decl":{"start":{"line":417,"column":19},"end":{"line":417,"column":20}},"loc":{"start":{"line":418,"column":16},"end":{"line":420,"column":27}},"line":418}},"branchMap":{"0":{"loc":{"start":{"line":28,"column":26},"end":{"line":28,"column":35}},"type":"default-arg","locations":[{"start":{"line":28,"column":34},"end":{"line":28,"column":35}}],"line":28},"1":{"loc":{"start":{"line":30,"column":22},"end":{"line":30,"column":63}},"type":"binary-expr","locations":[{"start":{"line":30,"column":22},"end":{"line":30,"column":35}},{"start":{"line":30,"column":39},"end":{"line":30,"column":63}}],"line":30},"2":{"loc":{"start":{"line":42,"column":22},"end":{"line":42,"column":82}},"type":"cond-expr","locations":[{"start":{"line":42,"column":31},"end":{"line":42,"column":58}},{"start":{"line":42,"column":61},"end":{"line":42,"column":82}}],"line":42},"3":{"loc":{"start":{"line":43,"column":18},"end":{"line":43,"column":97}},"type":"cond-expr","locations":[{"start":{"line":43,"column":27},"end":{"line":43,"column":63}},{"start":{"line":43,"column":66},"end":{"line":43,"column":97}}],"line":43},"4":{"loc":{"start":{"line":45,"column":24},"end":{"line":45,"column":84}},"type":"cond-expr","locations":[{"start":{"line":45,"column":33},"end":{"line":45,"column":60}},{"start":{"line":45,"column":63},"end":{"line":45,"column":84}}],"line":45},"5":{"loc":{"start":{"line":49,"column":9},"end":{"line":62,"column":9}},"type":"cond-expr","locations":[{"start":{"line":50,"column":10},"end":{"line":59,"column":23}},{"start":{"line":61,"column":10},"end":{"line":61,"column":36}}],"line":49},"6":{"loc":{"start":{"line":54,"column":21},"end":{"line":54,"column":80}},"type":"cond-expr","locations":[{"start":{"line":54,"column":30},"end":{"line":54,"column":56}},{"start":{"line":54,"column":59},"end":{"line":54,"column":80}}],"line":54},"7":{"loc":{"start":{"line":58,"column":13},"end":{"line":58,"column":67}},"type":"cond-expr","locations":[{"start":{"line":58,"column":26},"end":{"line":58,"column":44}},{"start":{"line":58,"column":47},"end":{"line":58,"column":67}}],"line":58},"8":{"loc":{"start":{"line":68,"column":19},"end":{"line":68,"column":78}},"type":"cond-expr","locations":[{"start":{"line":68,"column":28},"end":{"line":68,"column":54}},{"start":{"line":68,"column":57},"end":{"line":68,"column":78}}],"line":68},"9":{"loc":{"start":{"line":76,"column":37},"end":{"line":76,"column":61}},"type":"binary-expr","locations":[{"start":{"line":76,"column":37},"end":{"line":76,"column":56}},{"start":{"line":76,"column":60},"end":{"line":76,"column":61}}],"line":76},"10":{"loc":{"start":{"line":87,"column":37},"end":{"line":87,"column":58}},"type":"binary-expr","locations":[{"start":{"line":87,"column":37},"end":{"line":87,"column":53}},{"start":{"line":87,"column":57},"end":{"line":87,"column":58}}],"line":87},"11":{"loc":{"start":{"line":98,"column":37},"end":{"line":98,"column":58}},"type":"binary-expr","locations":[{"start":{"line":98,"column":37},"end":{"line":98,"column":53}},{"start":{"line":98,"column":57},"end":{"line":98,"column":58}}],"line":98},"12":{"loc":{"start":{"line":147,"column":7},"end":{"line":163,"column":7}},"type":"binary-expr","locations":[{"start":{"line":147,"column":7},"end":{"line":147,"column":17}},{"start":{"line":147,"column":21},"end":{"line":147,"column":32}},{"start":{"line":148,"column":8},"end":{"line":162,"column":14}}],"line":147},"13":{"loc":{"start":{"line":185,"column":6},"end":{"line":187,"column":7}},"type":"if","locations":[{"start":{"line":185,"column":6},"end":{"line":187,"column":7}},{"start":{},"end":{}}],"line":185},"14":{"loc":{"start":{"line":185,"column":10},"end":{"line":185,"column":51}},"type":"binary-expr","locations":[{"start":{"line":185,"column":10},"end":{"line":185,"column":23}},{"start":{"line":185,"column":27},"end":{"line":185,"column":51}}],"line":185},"15":{"loc":{"start":{"line":197,"column":14},"end":{"line":197,"column":33}},"type":"binary-expr","locations":[{"start":{"line":197,"column":14},"end":{"line":197,"column":27}},{"start":{"line":197,"column":31},"end":{"line":197,"column":33}}],"line":197},"16":{"loc":{"start":{"line":199,"column":35},"end":{"line":199,"column":54}},"type":"binary-expr","locations":[{"start":{"line":199,"column":35},"end":{"line":199,"column":48}},{"start":{"line":199,"column":52},"end":{"line":199,"column":54}}],"line":199},"17":{"loc":{"start":{"line":212,"column":17},"end":{"line":212,"column":61}},"type":"binary-expr","locations":[{"start":{"line":212,"column":17},"end":{"line":212,"column":38}},{"start":{"line":212,"column":42},"end":{"line":212,"column":55}},{"start":{"line":212,"column":59},"end":{"line":212,"column":61}}],"line":212},"18":{"loc":{"start":{"line":227,"column":6},"end":{"line":231,"column":7}},"type":"if","locations":[{"start":{"line":227,"column":6},"end":{"line":231,"column":7}},{"start":{"line":229,"column":13},"end":{"line":231,"column":7}}],"line":227},"19":{"loc":{"start":{"line":236,"column":28},"end":{"line":236,"column":43}},"type":"default-arg","locations":[{"start":{"line":236,"column":39},"end":{"line":236,"column":43}}],"line":236},"20":{"loc":{"start":{"line":236,"column":45},"end":{"line":236,"column":58}},"type":"default-arg","locations":[{"start":{"line":236,"column":54},"end":{"line":236,"column":58}}],"line":236},"21":{"loc":{"start":{"line":237,"column":4},"end":{"line":249,"column":5}},"type":"if","locations":[{"start":{"line":237,"column":4},"end":{"line":249,"column":5}},{"start":{"line":243,"column":11},"end":{"line":249,"column":5}}],"line":237},"22":{"loc":{"start":{"line":241,"column":16},"end":{"line":241,"column":35}},"type":"binary-expr","locations":[{"start":{"line":241,"column":16},"end":{"line":241,"column":29}},{"start":{"line":241,"column":33},"end":{"line":241,"column":35}}],"line":241},"23":{"loc":{"start":{"line":247,"column":16},"end":{"line":247,"column":30}},"type":"binary-expr","locations":[{"start":{"line":247,"column":16},"end":{"line":247,"column":24}},{"start":{"line":247,"column":28},"end":{"line":247,"column":30}}],"line":247},"24":{"loc":{"start":{"line":265,"column":16},"end":{"line":265,"column":39}},"type":"binary-expr","locations":[{"start":{"line":265,"column":16},"end":{"line":265,"column":31}},{"start":{"line":265,"column":35},"end":{"line":265,"column":39}}],"line":265},"25":{"loc":{"start":{"line":268,"column":6},"end":{"line":274,"column":7}},"type":"if","locations":[{"start":{"line":268,"column":6},"end":{"line":274,"column":7}},{"start":{"line":271,"column":13},"end":{"line":274,"column":7}}],"line":268},"26":{"loc":{"start":{"line":285,"column":14},"end":{"line":285,"column":101}},"type":"binary-expr","locations":[{"start":{"line":285,"column":14},"end":{"line":285,"column":42}},{"start":{"line":285,"column":46},"end":{"line":285,"column":77}},{"start":{"line":285,"column":81},"end":{"line":285,"column":101}}],"line":285},"27":{"loc":{"start":{"line":291,"column":4},"end":{"line":293,"column":5}},"type":"if","locations":[{"start":{"line":291,"column":4},"end":{"line":293,"column":5}},{"start":{},"end":{}}],"line":291},"28":{"loc":{"start":{"line":302,"column":12},"end":{"line":302,"column":62}},"type":"binary-expr","locations":[{"start":{"line":302,"column":12},"end":{"line":302,"column":40}},{"start":{"line":302,"column":44},"end":{"line":302,"column":62}}],"line":302},"29":{"loc":{"start":{"line":306,"column":2},"end":{"line":312,"column":3}},"type":"if","locations":[{"start":{"line":306,"column":2},"end":{"line":312,"column":3}},{"start":{},"end":{}}],"line":306},"30":{"loc":{"start":{"line":314,"column":2},"end":{"line":320,"column":3}},"type":"if","locations":[{"start":{"line":314,"column":2},"end":{"line":320,"column":3}},{"start":{},"end":{}}],"line":314},"31":{"loc":{"start":{"line":329,"column":19},"end":{"line":329,"column":61}},"type":"cond-expr","locations":[{"start":{"line":329,"column":28},"end":{"line":329,"column":37}},{"start":{"line":329,"column":40},"end":{"line":329,"column":61}}],"line":329},"32":{"loc":{"start":{"line":352,"column":22},"end":{"line":352,"column":84}},"type":"cond-expr","locations":[{"start":{"line":352,"column":31},"end":{"line":352,"column":54}},{"start":{"line":352,"column":57},"end":{"line":352,"column":84}}],"line":352},"33":{"loc":{"start":{"line":353,"column":18},"end":{"line":353,"column":97}},"type":"cond-expr","locations":[{"start":{"line":353,"column":27},"end":{"line":353,"column":63}},{"start":{"line":353,"column":66},"end":{"line":353,"column":97}}],"line":353},"34":{"loc":{"start":{"line":354,"column":21},"end":{"line":356,"column":91}},"type":"cond-expr","locations":[{"start":{"line":355,"column":14},"end":{"line":355,"column":87}},{"start":{"line":356,"column":14},"end":{"line":356,"column":91}}],"line":354},"35":{"loc":{"start":{"line":359,"column":9},"end":{"line":382,"column":9}},"type":"cond-expr","locations":[{"start":{"line":360,"column":10},"end":{"line":366,"column":23}},{"start":{"line":368,"column":10},"end":{"line":381,"column":16}}],"line":359},"36":{"loc":{"start":{"line":387,"column":11},"end":{"line":387,"column":63}},"type":"cond-expr","locations":[{"start":{"line":387,"column":27},"end":{"line":387,"column":41}},{"start":{"line":387,"column":44},"end":{"line":387,"column":63}}],"line":387},"37":{"loc":{"start":{"line":390,"column":11},"end":{"line":394,"column":11}},"type":"binary-expr","locations":[{"start":{"line":390,"column":11},"end":{"line":390,"column":18}},{"start":{"line":391,"column":12},"end":{"line":393,"column":20}}],"line":390},"38":{"loc":{"start":{"line":416,"column":29},"end":{"line":416,"column":72}},"type":"binary-expr","locations":[{"start":{"line":416,"column":29},"end":{"line":416,"column":43}},{"start":{"line":416,"column":47},"end":{"line":416,"column":72}}],"line":416},"39":{"loc":{"start":{"line":432,"column":13},"end":{"line":432,"column":46}},"type":"cond-expr","locations":[{"start":{"line":432,"column":29},"end":{"line":432,"column":36}},{"start":{"line":432,"column":39},"end":{"line":432,"column":46}}],"line":432}},"s":{"0":0,"1":0,"2":0,"3":0,"4":0,"5":0,"6":0,"7":0,"8":0,"9":0,"10":0,"11":0,"12":0,"13":0,"14":0,"15":0,"16":0,"17":0,"18":0,"19":0,"20":0,"21":0,"22":0,"23":0,"24":0,"25":0,"26":0,"27":0,"28":0,"29":0,"30":0,"31":0,"32":0,"33":0,"34":0,"35":0,"36":0,"37":0,"38":0,"39":0,"40":0,"41":0,"42":0,"43":0,"44":0,"45":0,"46":0,"47":0,"48":0,"49":0,"50":0,"51":0,"52":0,"53":0,"54":0,"55":0,"56":0,"57":0,"58":0,"59":0,"60":0,"61":0,"62":0,"63":0,"64":0,"65":0,"66":0,"67":0,"68":0,"69":0,"70":0,"71":0,"72":0,"73":0,"74":0,"75":0,"76":0,"77":0,"78":0,"79":0,"80":0,"81":0,"82":0,"83":0,"84":0,"85":0,"86":0,"87":0,"88":0,"89":0,"90":0,"91":0,"92":0,"93":0,"94":0,"95":0,"96":0,"97":0,"98":0,"99":0,"100":0,"101":0},"f":{"0":0,"1":0,"2":0,"3":0,"4":0,"5":0,"6":0,"7":0,"8":0,"9":0,"10":0,"11":0,"12":0,"13":0,"14":0,"15":0,"16":0,"17":0,"18":0,"19":0,"20":0,"21":0,"22":0,"23":0,"24":0},"b":{"0":[0],"1":[0,0],"2":[0,0],"3":[0,0],"4":[0,0],"5":[0,0],"6":[0,0],"7":[0,0],"8":[0,0],"9":[0,0],"10":[0,0],"11":[0,0],"12":[0,0,0],"13":[0,0],"14":[0,0],"15":[0,0],"16":[0,0],"17":[0,0,0],"18":[0,0],"19":[0],"20":[0],"21":[0,0],"22":[0,0],"23":[0,0],"24":[0,0],"25":[0,0],"26":[0,0,0],"27":[0,0],"28":[0,0],"29":[0,0],"30":[0,0],"31":[0,0],"32":[0,0],"33":[0,0],"34":[0,0],"35":[0,0],"36":[0,0],"37":[0,0],"38":[0,0],"39":[0,0]}}
[...]
:13}},"12":{"start":{"line":35,"column":19},"end":{"line":35,"column":52}},"13":{"start":{"line":36,"column":2},"end":{"line":36,"column":38}},"14":{"start":{"line":43,"column":36},"end":{"line":83,"column":1}},"15":{"start":{"line":46,"column":2},"end":{"line":77,"column":3}},"16":{"start":{"line":47,"column":4},"end":{"line":47,"column":84}},"17":{"start":{"line":48,"column":4},"end":{"line":48,"column":80}},"18":{"start":{"line":49,"column":9},"end":{"line":77,"column":3}},"19":{"start":{"line":51,"column":22},"end":{"line":51,"column":60}},"20":{"start":{"line":52,"column":28},"end":{"line":52,"column":43}},"21":{"start":{"line":53,"column":31},"end":{"line":53,"column":60}},"22":{"start":{"line":54,"column":26},"end":{"line":54,"column":80}},"23":{"start":{"line":57,"column":22},"end":{"line":57,"column":71}},"24":{"start":{"line":58,"column":4},"end":{"line":58,"column":51}},"25":{"start":{"line":59,"column":4},"end":{"line":59,"column":62}},"26":{"start":{"line":61,"column":9},"end":{"line":77,"column":3}},"27":{"start":{"line":62,"column":4},"end":{"line":62,"column":79}},"28":{"start":{"line":64,"column":24},"end":{"line":64,"column":84}},"29":{"start":{"line":65,"column":4},"end":{"line":65,"column":88}},"30":{"start":{"line":66,"column":9},"end":{"line":77,"column":3}},"31":{"start":{"line":67,"column":4},"end":{"line":67,"column":72}},"32":{"start":{"line":69,"column":26},"end":{"line":69,"column":66}},"33":{"start":{"line":70,"column":4},"end":{"line":74,"column":5}},"34":{"start":{"line":71,"column":6},"end":{"line":71,"column":72}},"35":{"start":{"line":73,"column":6},"end":{"line":73,"column":45}},"36":{"start":{"line":76,"column":4},"end":{"line":76,"column":58}},"37":{"start":{"line":79,"column":2},"end":{"line":82,"column":4}},"38":{"start":{"line":88,"column":34},"end":{"line":105,"column":1}},"39":{"start":{"line":89,"column":21},"end":{"line":92,"column":3}},"40":{"start":{"line":94,"column":2},"end":{"line":104,"column":3}},"41":{"start":{"line":95,"column":4},"end":{"line":95,"column":49}},"42":{"start":{"line":96,"column":9},"end":{"line":104,"column":3}},"43":{"start":{"line":97,"column":4},"end":{"line":97,"column":38}},"44":{"start":{"line":98,"column":9},"end":{"line":104,"column":3}},"45":{"start":{"line":99,"column":4},"end":{"line":99,"column":42}},"46":{"start":{"line":100,"column":9},"end":{"line":104,"column":3}},"47":{"start":{"line":101,"column":4},"end":{"line":101,"column":25}},"48":{"start":{"line":103,"column":4},"end":{"line":103,"column":35}},"49":{"start":{"line":110,"column":27},"end":{"line":113,"column":1}},"50":{"start":{"line":111,"column":16},"end":{"line":111,"column":66}},"51":{"start":{"line":112,"column":2},"end":{"line":112,"column":36}},"52":{"start":{"line":118,"column":29},"end":{"line":132,"column":1}},"53":{"start":{"line":119,"column":16},"end":{"line":119,"column":72}},"54":{"start":{"line":120,"column":20},"end":{"line":120,"column":74}},"55":{"start":{"line":122,"column":2},"end":{"line":131,"column":4}}},"fnMap":{"0":{"name":"(anonymous_0)","decl":{"start":{"line":9,"column":36},"end":{"line":9,"column":37}},"loc":{"start":{"line":9,"column":42},"end":{"line":17,"column":1}},"line":9},"1":{"name":"(anonymous_1)","decl":{"start":{"line":22,"column":35},"end":{"line":22,"column":36}},"loc":{"start":{"line":22,"column":57},"end":{"line":37,"column":1}},"line":22},"2":{"name":"(anonymous_2)","decl":{"start":{"line":43,"column":36},"end":{"line":43,"column":37}},"loc":{"start":{"line":43,"column":76},"end":{"line":83,"column":1}},"line":43},"3":{"name":"(anonymous_3)","decl":{"start":{"line":88,"column":34},"end":{"line":88,"column":35}},"loc":{"start":{"line":88,"column":74},"end":{"line":105,"column":1}},"line":88},"4":{"name":"(anonymous_4)","decl":{"start":{"line":110,"column":27},"end":{"line":110,"column":28}},"loc":{"start":{"line":110,"column":49},"end":{"line":113,"column":1}},"line":110},"5":{"name":"(anonymous_5)","decl":{"start":{"line":118,"column":29},"end":{"line":118,"column":30}},"loc":{"start":{"line":118,"column":69},"end":{"line":132,"column":1}},"line":118}},"branchMap":{"0":{"loc":{"start":{"line":31,"column":2},"end":{"line":33,"column":3}},"type":"if","locations":[{"start":{"line":31,"column":2},"end":{"line":33,"column":3}},{"start":{},"end":{}}],"line":31},"1":{"loc":{"start":{"line":46,"column":2},"end":{"line":77,"column":3}},"type":"if","locations":[{"start":{"line":46,"column":2},"end":{"line":77,"column":3}},{"start":{"line":49,"column":9},"end":{"line":77,"column":3}}],"line":46},"2":{"loc":{"start":{"line":49,"column":9},"end":{"line":77,"column":3}},"type":"if","locations":[{"start":{"line":49,"column":9},"end":{"line":77,"column":3}},{"start":{"line":61,"column":9},"end":{"line":77,"column":3}}],"line":49},"3":{"loc":{"start":{"line":61,"column":9},"end":{"line":77,"column":3}},"type":"if","locations":[{"start":{"line":61,"column":9},"end":{"line":77,"column":3}},{"start":{"line":66,"column":9},"end":{"line":77,"column":3}}],"line":61},"4":{"loc":{"start":{"line":66,"column":9},"end":{"line":77,"column":3}},"type":"if","locations":[{"start":{"line":66,"column":9},"end":{"line":77,"column":3}},{"start":{"line":75,"column":9},"end":{"line":77,"column":3}}],"line":66},"5":{"loc":{"start":{"line":70,"column":4},"end":{"line":74,"column":5}},"type":"if","locations":[{"start":{"line":70,"column":4},"end":{"line":74,"column":5}},{"start":{"line":72,"column":11},"end":{"line":74,"column":5}}],"line":70},"6":{"loc":{"start":{"line":94,"column":2},"end":{"line":104,"column":3}},"type":"if","locations":[{"start":{"line":94,"column":2},"end":{"line":104,"column":3}},{"start":{"line":96,"column":9},"end":{"line":104,"column":3}}],"line":94},"7":{"loc":{"start":{"line":96,"column":9},"end":{"line":104,"column":3}},"type":"if","locations":[{"start":{"line":96,"column":9},"end":{"line":104,"column":3}},{"start":{"line":98,"column":9},"end":{"line":104,"column":3}}],"line":96},"8":{"loc":{"start":{"line":98,"column":9},"end":{"line":104,"column":3}},"type":"if","locations":[{"start":{"line":98,"column":9},"end":{"line":104,"column":3}},{"start":{"line":100,"column":9},"end":{"line":104,"column":3}}],"line":98},"9":{"loc":{"start":{"line":100,"column":9},"end":{"line":104,"column":3}},"type":"if","locations":[{"start":{"line":100,"column":9},"end":{"line":104,"column":3}},{"start":{"line":102,"column":9},"end":{"line":104,"column":3}}],"line":100}},"s":{"0":0,"1":0,"2":0,"3":0,"4":0,"5":0,"6":0,"7":0,"8":0,"9":0,"10":0,"11":0,"12":0,"13":0,"14":0,"15":0,"16":0,"17":0,"18":0,"19":0,"20":0,"21":0,"22":0,"23":0,"24":0,"25":0,"26":0,"27":0,"28":0,"29":0,"30":0,"31":0,"32":0,"33":0,"34":0,"35":0,"36":0,"37":0,"38":0,"39":0,"40":0,"41":0,"42":0,"43":0,"44":0,"45":0,"46":0,"47":0,"48":0,"49":0,"50":0,"51":0,"52":0,"53":0,"54":0,"55":0},"f":{"0":0,"1":0,"2":0,"3":0,"4":0,"5":0},"b":{"0":[0,0],"1":[0,0],"2":[0,0],"3":[0,0],"4":[0,0],"5":[0,0],"6":[0,0],"7":[0,0],"8":[0,0],"9":[0,0]}}
,"/app/src/utils/numberUtils.js": {"path":"/app/src/utils/numberUtils.js","statementMap":{"0":{"start":{"line":6,"column":32},"end":{"line":22,"column":1}},"1":{"start":{"line":7,"column":2},"end":{"line":9,"column":3}},"2":{"start":{"line":8,"column":4},"end":{"line":8,"column":17}},"3":{"start":{"line":11,"column":24},"end":{"line":11,"column":74}},"4":{"start":{"line":12,"column":24},"end":{"line":12,"column":74}},"5":{"start":{"line":15,"column":14},"end":{"line":15,"column":27}},"6":{"start":{"line":18,"column":2},"end":{"line":21,"column":5}},"7":{"start":{"line":19,"column":18},"end":{"line":19,"column":46}},"8":{"start":{"line":20,"column":4},"end":{"line":20,"column":55}},"9":{"start":{"line":29,"column":34},"end":{"line":45,"column":1}},"10":{"start":{"line":30,"column":2},"end":{"line":32,"column":3}},"11":{"start":{"line":31,"column":4},"end":{"line":31,"column":17}},"12":{"start":{"line":34,"column":24},"end":{"line":34,"column":74}},"13":{"start":{"line":35,"column":24},"end":{"line":35,"column":74}},"14":{"start":{"line":37,"column":14},"end":{"line":37,"column":27}},"15":{"start":{"line":38,"column":15},"end":{"line":38,"column":18}},"16":{"start":{"line":40,"column":2},"end":{"line":42,"column":5}},"17":{"start":{"line":41,"column":4},"end":{"line":41,"column":81}},"18":{"start":{"line":44,"column":2},"end":{"line":44,"column":16}}},"fnMap":{"0":{"name":"(anonymous_0)","decl":{"start":{"line":6,"column":32},"end":{"line":6,"column":33}},"loc":{"start":{"line":6,"column":43},"end":{"line":22,"column":1}},"line":6},"1":{"name":"(anonymous_1)","decl":{"start":{"line":18,"column":28},"end":{"line":18,"column":29}},"loc":{"start":{"line":18,"column":39},"end":{"line":21,"column":3}},"line":18},"2":{"name":"(anonymous_2)","decl":{"start":{"line":29,"column":34},"end":{"line":29,"column":35}},"loc":{"start":{"line":29,"column":45},"end":{"line":45,"column":1}},"line":29},"3":{"name":"(anonymous_3)","decl":{"start":{"line":40,"column":24},"end":{"line":40,"column":25}},"loc":{"start":{"line":40,"column":49},"end":{"line":42,"column":3}},"line":40}},"branchMap":{"0":{"loc":{"start":{"line":7,"column":2},"end":{"line":9,"column":3}},"type":"if","locations":[{"start":{"line":7,"column":2},"end":{"line":9,"column":3}},{"start":{},"end":{}}],"line":7},"1":{"loc":{"start":{"line":7,"column":6},"end":{"line":7,"column":43}},"type":"binary-expr","locations":[{"start":{"line":7,"column":6},"end":{"line":7,"column":20}},{"start":{"line":7,"column":24},"end":{"line":7,"column":43}}],"line":7},"2":{"loc":{"start":{"line":20,"column":11},"end":{"line":20,"column":54}},"type":"cond-expr","locations":[{"start":{"line":20,"column":26},"end":{"line":20,"column":46}},{"start":{"line":20,"column":49},"end":{"line":20,"column":54}}],"line":20},"3":{"loc":{"start":{"line":30,"column":2},"end":{"line":32,"column":3}},"type":"if","locations":[{"start":{"line":30,"column":2},"end":{"line":32,"column":3}},{"start":{},"end":{}}],"line":30},"4":{"loc":{"start":{"line":30,"column":6},"end":{"line":30,"column":43}},"type":"binary-expr","locations":[{"start":{"line":30,"column":6},"end":{"line":30,"column":20}},{"start":{"line":30,"column":24},"end":{"line":30,"column":43}}],"line":30}},"s":{"0":0,"1":0,"2":0,"3":0,"4":0,"5":0,"6":0,"7":0,"8":0,"9":0,"10":0,"11":0,"12":0,"13":0,"14":0,"15":0,"16":0,"17":0,"18":0},"f":{"0":0,"1":0,"2":0,"3":0},"b":{"0":[0,0],"1":[0,0],"2":[0,0],"3":[0,0],"4":[0,0]}}
,"/app/src/utils/sessionIcons.js": {"path":"/app/src/utils/sessionIcons.js","statementMap":{"0":{"start":{"line":23,"column":29},"end":{"line":34,"column":1}},"1":{"start":{"line":24,"column":2},"end":{"line":33,"column":3}},"2":{"start":{"line":26,"column":6},"end":{"line":26,"column":58}},"3":{"start":{"line":28,"column":6},"end":{"line":28,"column":57}},"4":{"start":{"line":30,"column":6},"end":{"line":30,"column":55}},"5":{"start":{"line":32,"column":6},"end":{"line":32,"column":71}},"6":{"start":{"line":41,"column":30},"end":{"line":63,"column":1}},"7":{"start":{"line":42,"column":2},"end":{"line":44,"column":3}},"8":{"start":{"line":43,"column":4},"end":{"line":43,"column":70}},"9":{"start":{"line":46,"column":18},"end":{"line":46,"column":43}},"10":{"start":{"line":48,"column":2},"end":{"line":62,"column":3}},"11":{"start":{"line":49,"column":4},"end":{"line":49,"column":58}},"12":{"start":{"line":50,"column":9},"end":{"line":62,"column":3}},"13":{"start":{"line":51,"column":4},"end":{"line":51,"column":65}},"14":{"start":{"line":52,"column":9},"end":{"line":62,"column":3}},"15":{"start":{"line":53,"column":4},"end":{"line":53,"column":55}},"16":{"start":{"line":54,"column":9},"end":{"line":62,"column":3}},"17":{"start":{"line":55,"column":4},"end":{"line":55,"column":60}},"18":{"start":{"line":56,"column":9},"end":{"line":62,"column":3}},"19":{"start":{"line":57,"column":4},"end":{"line":57,"column":66}},"20":{"start":{"line":58,"column":9},"end":{"line":62,"column":3}},"21":{"start":{"line":59,"column":4},"end":{"line":59,"column":52}},"22":{"start":{"line":61,"column":4},"end":{"line":61,"column":66}},"23":{"start":{"line":70,"column":37},"end":{"line":92,"column":1}},"24":{"start":{"line":71,"column":2},"end":{"line":73,"column":3}},"25":{"start":{"line":72,"column":4},"end":{"line":72,"column":20}},"26":{"start":{"line":75,"column":18},"end":{"line":75,"column":43}},"27":{"start":{"line":77,"column":2},"end":{"line":91,"column":3}},"28":{"start":{"line":78,"column":4},"end":{"line":78,"column":18}},"29":{"start":{"line":79,"column":9},"end":{"line":91,"column":3}},"30":{"start":{"line":80,"column":4},"end":{"line":80,"column":22}},"31":{"start":{"line":81,"column":9},"end":{"line":91,"column":3}},"32":{"start":{"line":82,"column":4},"end":{"line":82,"column":20}},"33":{"start":{"line":83,"column":9},"end":{"line":91,"column":3}},"34":{"start":{"line":84,"column":4},"end":{"line":84,"column":16}},"35":{"start":{"line":85,"column":9},"end":{"line":91,"column":3}},"36":{"start":{"line":86,"column":4},"end":{"line":86,"column":29}},"37":{"start":{"line":87,"column":9},"end":{"line":91,"column":3}},"38":{"start":{"line":88,"column":4},"end":{"line":88,"column":18}},"39":{"start":{"line":90,"column":4},"end":{"line":90,"column":23}},"40":{"start":{"line":99,"column":36},"end":{"line":110,"column":1}},"41":{"start":{"line":100,"column":2},"end":{"line":109,"column":3}},"42":{"start":{"line":102,"column":6},"end":{"line":102,"column":22}},"43":{"start":{"line":104,"column":6},"end":{"line":104,"column":20}},"44":{"start":{"line":106,"column":6},"end":{"line":106,"column":22}},"45":{"start":{"line":108,"column":6},"end":{"line":108,"column":22}}},"fnMap":{"0":{"name":"(anonymous_0)","decl":{"start":{"line":23,"column":29},"end":{"line":23,"column":30}},"loc":{"start":{"line":23,"column":45},"end":{"line":34,"column":1}},"line":23},"1":{"name":"(anonymous_1)","decl":{"start":{"line":41,"column":30},"end":{"line":41,"column":31}},"loc":{"start":{"line":41,"column":47},"end":{"line":63,"column":1}},"line":41},"2":{"name":"(anonymous_2)","decl":{"start":{"line":70,"column":37},"end":{"line":70,"column":38}},"loc":{"start":{"line":70,"column":54},"end":{"line":92,"column":1}},"line":70},"3":{"name":"(anonymous_3)","decl":{"start":{"line":99,"column":36},"end":{"line":99,"column":37}},"loc":{"start":{"line":99,"column":52},"end":{"line":110,"column":1}},"line":99}},"branchMap":{"0":{"loc":{"start":{"line":24,"column":2},"end":{"line":33,"column":3}},"type":"switch","locations":[{"start":{"line":25,"column":4},"end":{"line":26,"column":58}},{"start":{"line":27,"column":4},"end":{"line":28,"column":57}},{"start":{"line":29,"column":4},"end":{"line":30,"column":55}},{"start":{"line":31,"column":4},"end":{"line":32,"column":71}}],"line":24},"1":{"loc":{"start":{"line":42,"column":2},"end":{"line":44,"column":3}},"type":"if","locations":[{"start":{"line":42,"column":2},"end":{"line":44,"column":3}},{"start":{},"end":{}}],"line":42},"2":{"loc":{"start":{"line":48,"column":2},"end":{"line":62,"column":3}},"type":"if","locations":[{"start":{"line":48,"column":2},"end":{"line":62,"column":3}},{"start":{"line":50,"column":9},"end":{"line":62,"column":3}}],"line":48},"3":{"loc":{"start":{"line":48,"column":6},"end":{"line":48,"column":61}},"type":"binary-expr","locations":[{"start":{"line":48,"column":6},"end":{"line":48,"column":32}},{"start":{"line":48,"column":36},"end":{"line":48,"column":61}}],"line":48},"4":{"loc":{"start":{"line":50,"column":9},"end":{"line":62,"column":3}},"type":"if","locations":[{"start":{"line":50,"column":9},"end":{"line":62,"column":3}},{"start":{"line":52,"column":9},"end":{"line":62,"column":3}}],"line":50},"5":{"loc":{"start":{"line":52,"column":9},"end":{"line":62,"column":3}},"type":"if","locations":[{"start":{"line":52,"column":9},"end":{"line":62,"column":3}},{"start":{"line":54,"column":9},"end":{"line":62,"column":3}}],"line":52},"6":{"loc":{"start":{"line":54,"column":9},"end":{"line":62,"column":3}},"type":"if","locations":[{"start":{"line":54,"column":9},"end":{"line":62,"column":3}},{"start":{"line":56,"column":9},"end":{"line":62,"column":3}}],"line":54},"7":{"loc":{"start":{"line":54,"column":13},"end":{"line":54,"column":64}},"type":"binary-expr","locations":[{"start":{"line":54,"column":13},"end":{"line":54,"column":37}},{"start":{"line":54,"column":41},"end":{"line":54,"column":64}}],"line":54},"8":{"loc":{"start":{"line":56,"column":9},"end":{"line":62,"column":3}},"type":"if","locations":[{"start":{"line":56,"column":9},"end":{"line":62,"column":3}},{"start":{"line":58,"column":9},"end":{"line":62,"column":3}}],"line":56},"9":{"loc":{"start":{"line":58,"column":9},"end":{"line":62,"column":3}},"type":"if","locations":[{"start":{"line":58,"column":9},"end":{"line":62,"column":3}},{"start":{"line":60,"column":9},"end":{"line":62,"column":3}}],"line":58},"10":{"loc":{"start":{"line":71,"column":2},"end":{"line":73,"column":3}},"type":"if","locations":[{"start":{"line":71,"column":2},"end":{"line":73,"column":3}},{"start":{},"end":{}}],"line":71},"11":{"loc":{"start":{"line":77,"column":2},"end":{"line":91,"column":3}},"type":"if","locations":[{"start":{"line":77,"column":2},"end":{"line":91,"column":3}},{"start":{"line":79,"column":9},"end":{"line":91,"column":3}}],"line":77},"12":{"loc":{"start":{"line":77,"column":6},"end":{"line":77,"column":61}},"type":"binary-expr","locations":[{"start":{"line":77,"column":6},"end":{"line":77,"column":32}},{"start":{"line":77,"column":36},"end":{"line":77,"column":61}}],"line":77},"13":{"loc":{"start":{"line":79,"column":9},"end":{"line":91,"column":3}},"type":"if","locations":[{"start":{"line":79,"column":9},"end":{"line":91,"column":3}},{"start":{"line":81,"column":9},"end":{"line":91,"column":3}}],"line":79},"14":{"loc":{"start":{"line":81,"column":9},"end":{"line":91,"column":3}},"type":"if","locations":[{"start":{"line":81,"column":9},"end":{"line":91,"column":3}},{"start":{"line":83,"column":9},"end":{"line":91,"column":3}}],"line":81},"15":{"loc":{"start":{"line":83,"column":9},"end":{"line":91,"column":3}},"type":"if","locations":[{"start":{"line":83,"column":9},"end":{"line":91,"column":3}},{"start":{"line":85,"column":9},"end":{"line":91,"column":3}}],"line":83},"16":{"loc":{"start":{"line":83,"column":13},"end":{"line":83,"column":64}},"type":"binary-expr","locations":[{"start":{"line":83,"column":13},"end":{"line":83,"column":37}},{"start":{"line":83,"column":41},"end":{"line":83,"column":64}}],"line":83},"17":{"loc":{"start":{"line":85,"column":9},"end":{"line":91,"column":3}},"type":"if","locations":[{"start":{"line":85,"column":9},"end":{"line":91,"column":3}},{"start":{"line":87,"column":9},"end":{"line":91,"column":3}}],"line":85},"18":{"loc":{"start":{"line":87,"column":9},"end":{"line":91,"column":3}},"type":"if","locations":[{"start":{"line":87,"column":9},"end":{"line":91,"column":3}},{"start":{"line":89,"column":9},"end":{"line":91,"column":3}}],"line":87},"19":{"loc":{"start":{"line":100,"column":2},"end":{"line":109,"column":3}},"type":"switch","locations":[{"start":{"line":101,"column":4},"end":{"line":102,"column":22}},{"start":{"line":103,"column":4},"end":{"line":104,"column":20}},{"start":{"line":105,"column":4},"end":{"line":106,"column":22}},{"start":{"line":107,"column":4},"end":{"line":108,"column":22}}],"line":100}},"s":{"0":1,"1":4,"2":2,"3":2,"4":0,"5":0,"6":1,"7":4,"8":0,"9":4,"10":4,"11":2,"12":2,"13":2,"14":0,"15":0,"16":0,"17":0,"18":0,"19":0,"20":0,"21":0,"22":0,"23":1,"24":4,"25":0,"26":4,"27":4,"28":2,"29":2,"30":2,"31":0,"32":0,"33":0,"34":0,"35":0,"36":0,"37":0,"38":0,"39":0,"40":1,"41":4,"42":2,"43":0,"44":2,"45":0},"f":{"0":4,"1":4,"2":4,"3":4},"b":{"0":[2,2,0,0],"1":[0,4],"2":[2,2],"3":[4,2],"4":[2,0],"5":[0,0],"6":[0,0],"7":[0,0],"8":[0,0],"9":[0,0],"10":[0,4],"11":[2,2],"12":[4,2],"13":[2,0],"14":[0,0],"15":[0,0],"16":[0,0],"17":[0,0],"18":[0,0],"19":[2,0,2,0]},"_coverageSchema":"1a1c01bbd47fc00a2c39e90264f33305004495a9","hash":"aba2d8b26ea73765453e72848f5ecc13f6c88d6e"}
}
