TN:
SF:src/App.js
FN:13,(anonymous_0)
FN:23,ThemedAppContent
FN:28,(anonymous_2)
FN:37,(anonymous_3)
FN:41,(anonymous_4)
FN:46,(anonymous_5)
FN:79,(anonymous_6)
FN:84,(anonymous_7)
FN:93,(anonymous_8)
FN:120,AppContent
FN:124,App
FNF:11
FNH:0
FNDA:0,(anonymous_0)
FNDA:0,ThemedAppContent
FNDA:0,(anonymous_2)
FNDA:0,(anonymous_3)
FNDA:0,(anonymous_4)
FNDA:0,(anonymous_5)
FNDA:0,(anonymous_6)
FNDA:0,(anonymous_7)
FNDA:0,(anonymous_8)
FNDA:0,AppContent
FNDA:0,App
DA:13,0
DA:14,0
DA:16,0
DA:17,0
DA:20,0
DA:24,0
DA:25,0
DA:28,0
DA:29,0
DA:30,0
DA:32,0
DA:37,0
DA:39,0
DA:41,0
DA:42,0
DA:48,0
DA:49,0
DA:50,0
DA:53,0
DA:54,0
DA:57,0
DA:58,0
DA:60,0
DA:66,0
DA:67,0
DA:68,0
DA:69,0
DA:70,0
DA:71,0
DA:72,0
DA:79,0
DA:80,0
DA:84,0
DA:85,0
DA:88,0
DA:93,0
DA:94,0
DA:95,0
DA:99,0
DA:121,0
DA:125,0
LF:41
LH:0
BRDA:16,0,0,0
BRDA:16,0,1,0
BRDA:20,1,0,0
BRDA:20,1,1,0
BRDA:29,2,0,0
BRDA:29,2,1,0
BRDA:49,3,0,0
BRDA:49,3,1,0
BRDA:49,4,0,0
BRDA:49,4,1,0
BRDA:49,4,2,0
BRDA:53,5,0,0
BRDA:53,5,1,0
BRDA:57,6,0,0
BRDA:57,6,1,0
BRDA:57,7,0,0
BRDA:57,7,1,0
BRDA:68,8,0,0
BRDA:68,8,1,0
BRDA:68,9,0,0
BRDA:68,9,1,0
BRDA:70,10,0,0
BRDA:70,10,1,0
BRF:23
BRH:0
end_of_record
TN:
SF:src/index.js
FNF:0
FNH:0
DA:7,0
DA:8,0
DA:15,0
LF:3
LH:0
BRF:0
BRH:0
end_of_record
TN:
SF:src/reportWebVitals.js
FN:1,(anonymous_0)
FN:3,(anonymous_1)
FNF:2
FNH:0
FNDA:0,(anonymous_0)
FNDA:0,(anonymous_1)
DA:1,0
DA:2,0
DA:3,0
DA:4,0
DA:5,0
DA:6,0
DA:7,0
DA:8,0
LF:8
LH:0
BRDA:2,0,0,0
BRDA:2,0,1,0
BRDA:2,1,0,0
BRDA:2,1,1,0
BRF:4
BRH:0
end_of_record
TN:
SF:src/api/axios.js
FN:14,(anonymous_0)
FN:28,(anonymous_1)
FN:45,(anonymous_2)
FN:71,(anonymous_3)
FN:78,(anonymous_4)
FN:79,(anonymous_5)
FNF:6
FNH:0
FNDA:0,(anonymous_0)
FNDA:0,(anonymous_1)
FNDA:0,(anonymous_2)
FNDA:0,(anonymous_3)
FNDA:0,(anonymous_4)
FNDA:0,(anonymous_5)
DA:4,0
DA:6,0
DA:14,0
DA:15,0
DA:16,0
DA:17,0
DA:18,0
DA:19,0
DA:21,0
DA:23,0
DA:28,0
DA:29,0
DA:30,0
DA:31,0
DA:34,0
DA:38,0
DA:39,0
DA:40,0
DA:44,0
DA:46,0
DA:49,0
DA:50,0
DA:52,0
DA:56,0
DA:60,0
DA:61,0
DA:65,0
DA:66,0
DA:69,0
DA:72,0
DA:77,0
DA:78,0
DA:80,0
DA:82,0
DA:83,0
DA:85,0
DA:86,0
DA:87,0
DA:91,0
DA:92,0
DA:94,0
DA:95,0
DA:97,0
DA:98,0
DA:99,0
DA:100,0
DA:104,0
LF:47
LH:0
BRDA:4,0,0,0
BRDA:4,0,1,0
BRDA:15,1,0,0
BRDA:15,1,1,0
BRDA:30,2,0,0
BRDA:30,2,1,0
BRDA:49,3,0,0
BRDA:49,3,1,0
BRDA:49,4,0,0
BRDA:49,4,1,0
BRDA:60,5,0,0
BRDA:60,5,1,0
BRDA:65,6,0,0
BRDA:65,6,1,0
BRDA:82,7,0,0
BRDA:82,7,1,0
BRDA:82,8,0,0
BRDA:82,8,1,0
BRF:18
BRH:0
end_of_record
TN:
SF:src/api/services.js
FN:5,(anonymous_0)
FN:8,(anonymous_1)
FN:11,(anonymous_2)
FN:14,(anonymous_3)
FN:23,(anonymous_4)
FN:24,(anonymous_5)
FN:25,(anonymous_6)
FN:26,(anonymous_7)
FN:27,(anonymous_8)
FN:32,(anonymous_9)
FN:33,(anonymous_10)
FN:34,(anonymous_11)
FN:35,(anonymous_12)
FN:36,(anonymous_13)
FN:41,(anonymous_14)
FN:42,(anonymous_15)
FN:43,(anonymous_16)
FN:44,(anonymous_17)
FN:50,(anonymous_18)
FN:52,(anonymous_19)
FN:54,(anonymous_20)
FN:56,(anonymous_21)
FN:59,(anonymous_22)
FN:61,(anonymous_23)
FN:63,(anonymous_24)
FN:68,(anonymous_25)
FN:77,(anonymous_26)
FN:78,(anonymous_27)
FN:79,(anonymous_28)
FN:80,(anonymous_29)
FN:85,(anonymous_30)
FN:86,(anonymous_31)
FN:87,(anonymous_32)
FN:88,(anonymous_33)
FN:89,(anonymous_34)
FN:90,(anonymous_35)
FN:95,(anonymous_36)
FN:96,(anonymous_37)
FN:97,(anonymous_38)
FN:98,(anonymous_39)
FN:99,(anonymous_40)
FN:100,(anonymous_41)
FN:105,(anonymous_42)
FN:106,(anonymous_43)
FN:107,(anonymous_44)
FN:108,(anonymous_45)
FN:109,(anonymous_46)
FN:115,(anonymous_47)
FN:116,(anonymous_48)
FN:117,(anonymous_49)
FN:118,(anonymous_50)
FN:119,(anonymous_51)
FN:122,(anonymous_52)
FN:125,(anonymous_53)
FN:128,(anonymous_54)
FN:131,(anonymous_55)
FN:132,(anonymous_56)
FN:137,(anonymous_57)
FN:138,(anonymous_58)
FN:139,(anonymous_59)
FN:140,(anonymous_60)
FN:141,(anonymous_61)
FN:146,(anonymous_62)
FN:147,(anonymous_63)
FN:148,(anonymous_64)
FN:155,(anonymous_65)
FN:156,(anonymous_66)
FN:157,(anonymous_67)
FN:158,(anonymous_68)
FN:159,(anonymous_69)
FNF:70
FNH:0
FNDA:0,(anonymous_0)
FNDA:0,(anonymous_1)
FNDA:0,(anonymous_2)
FNDA:0,(anonymous_3)
FNDA:0,(anonymous_4)
FNDA:0,(anonymous_5)
FNDA:0,(anonymous_6)
FNDA:0,(anonymous_7)
FNDA:0,(anonymous_8)
FNDA:0,(anonymous_9)
FNDA:0,(anonymous_10)
FNDA:0,(anonymous_11)
FNDA:0,(anonymous_12)
FNDA:0,(anonymous_13)
FNDA:0,(anonymous_14)
FNDA:0,(anonymous_15)
FNDA:0,(anonymous_16)
FNDA:0,(anonymous_17)
FNDA:0,(anonymous_18)
FNDA:0,(anonymous_19)
FNDA:0,(anonymous_20)
FNDA:0,(anonymous_21)
FNDA:0,(anonymous_22)
FNDA:0,(anonymous_23)
FNDA:0,(anonymous_24)
FNDA:0,(anonymous_25)
FNDA:0,(anonymous_26)
FNDA:0,(anonymous_27)
FNDA:0,(anonymous_28)
FNDA:0,(anonymous_29)
FNDA:0,(anonymous_30)
FNDA:0,(anonymous_31)
FNDA:0,(anonymous_32)
FNDA:0,(anonymous_33)
FNDA:0,(anonymous_34)
FNDA:0,(anonymous_35)
FNDA:0,(anonymous_36)
FNDA:0,(anonymous_37)
FNDA:0,(anonymous_38)
FNDA:0,(anonymous_39)
FNDA:0,(anonymous_40)
FNDA:0,(anonymous_41)
FNDA:0,(anonymous_42)
FNDA:0,(anonymous_43)
FNDA:0,(anonymous_44)
FNDA:0,(anonymous_45)
FNDA:0,(anonymous_46)
FNDA:0,(anonymous_47)
FNDA:0,(anonymous_48)
FNDA:0,(anonymous_49)
FNDA:0,(anonymous_50)
FNDA:0,(anonymous_51)
FNDA:0,(anonymous_52)
FNDA:0,(anonymous_53)
FNDA:0,(anonymous_54)
FNDA:0,(anonymous_55)
FNDA:0,(anonymous_56)
FNDA:0,(anonymous_57)
FNDA:0,(anonymous_58)
FNDA:0,(anonymous_59)
FNDA:0,(anonymous_60)
FNDA:0,(anonymous_61)
FNDA:0,(anonymous_62)
FNDA:0,(anonymous_63)
FNDA:0,(anonymous_64)
FNDA:0,(anonymous_65)
FNDA:0,(anonymous_66)
FNDA:0,(anonymous_67)
FNDA:0,(anonymous_68)
FNDA:0,(anonymous_69)
DA:4,0
DA:6,0
DA:9,0
DA:12,0
DA:17,0
DA:22,0
DA:23,0
DA:24,0
DA:25,0
DA:26,0
DA:27,0
DA:31,0
DA:32,0
DA:33,0
DA:34,0
DA:35,0
DA:36,0
DA:40,0
DA:41,0
DA:42,0
DA:43,0
DA:44,0
DA:48,0
DA:51,0
DA:53,0
DA:55,0
DA:57,0
DA:60,0
DA:62,0
DA:64,0
DA:69,0
DA:76,0
DA:77,0
DA:78,0
DA:79,0
DA:80,0
DA:84,0
DA:85,0
DA:86,0
DA:87,0
DA:88,0
DA:89,0
DA:90,0
DA:94,0
DA:95,0
DA:96,0
DA:97,0
DA:98,0
DA:99,0
DA:100,0
DA:104,0
DA:105,0
DA:106,0
DA:107,0
DA:108,0
DA:109,0
DA:113,0
DA:115,0
DA:116,0
DA:117,0
DA:118,0
DA:119,0
DA:122,0
DA:125,0
DA:128,0
DA:131,0
DA:132,0
DA:136,0
DA:137,0
DA:138,0
DA:139,0
DA:140,0
DA:141,0
DA:145,0
DA:146,0
DA:147,0
DA:148,0
DA:154,0
DA:155,0
DA:156,0
DA:157,0
DA:158,0
DA:159,0
LF:83
LH:0
BRDA:23,0,0,0
BRDA:32,1,0,0
BRDA:41,2,0,0
BRDA:50,3,0,0
BRDA:59,4,0,0
BRDA:61,5,0,0
BRDA:63,6,0,0
BRDA:68,7,0,0
BRDA:77,8,0,0
BRDA:85,9,0,0
BRDA:95,10,0,0
BRDA:105,11,0,0
BRDA:115,12,0,0
BRDA:137,13,0,0
BRDA:146,14,0,0
BRDA:155,15,0,0
BRDA:159,16,0,0
BRF:17
BRH:0
end_of_record
TN:
SF:src/components/Dashboard.js
FN:30,(anonymous_0)
FN:41,(anonymous_1)
FN:51,(anonymous_2)
FN:58,(anonymous_3)
FN:62,(anonymous_4)
FN:68,(anonymous_5)
FN:76,(anonymous_6)
FN:80,(anonymous_7)
FN:84,(anonymous_8)
FN:147,(anonymous_9)
FN:170,(anonymous_10)
FN:171,(anonymous_11)
FN:174,(anonymous_12)
FN:177,(anonymous_13)
FN:191,(anonymous_14)
FN:201,(anonymous_15)
FN:216,(anonymous_16)
FN:255,(anonymous_17)
FN:261,(anonymous_18)
FN:262,(anonymous_19)
FNF:20
FNH:0
FNDA:0,(anonymous_0)
FNDA:0,(anonymous_1)
FNDA:0,(anonymous_2)
FNDA:0,(anonymous_3)
FNDA:0,(anonymous_4)
FNDA:0,(anonymous_5)
FNDA:0,(anonymous_6)
FNDA:0,(anonymous_7)
FNDA:0,(anonymous_8)
FNDA:0,(anonymous_9)
FNDA:0,(anonymous_10)
FNDA:0,(anonymous_11)
FNDA:0,(anonymous_12)
FNDA:0,(anonymous_13)
FNDA:0,(anonymous_14)
FNDA:0,(anonymous_15)
FNDA:0,(anonymous_16)
FNDA:0,(anonymous_17)
FNDA:0,(anonymous_18)
FNDA:0,(anonymous_19)
DA:30,0
DA:31,0
DA:32,0
DA:33,0
DA:34,0
DA:35,0
DA:36,0
DA:37,0
DA:39,0
DA:41,0
DA:42,0
DA:44,0
DA:45,0
DA:46,0
DA:51,0
DA:53,0
DA:54,0
DA:58,0
DA:62,0
DA:63,0
DA:64,0
DA:66,0
DA:67,0
DA:68,0
DA:70,0
DA:72,0
DA:76,0
DA:77,0
DA:80,0
DA:81,0
DA:84,0
DA:85,0
DA:87,0
DA:89,0
DA:91,0
DA:93,0
DA:95,0
DA:97,0
DA:99,0
DA:101,0
DA:103,0
DA:105,0
DA:107,0
DA:109,0
DA:111,0
DA:113,0
DA:115,0
DA:117,0
DA:121,0
DA:123,0
DA:125,0
DA:127,0
DA:129,0
DA:131,0
DA:133,0
DA:135,0
DA:137,0
DA:142,0
DA:143,0
DA:144,0
DA:145,0
DA:147,0
DA:148,0
DA:149,0
DA:153,0
DA:170,0
DA:171,0
DA:174,0
DA:177,0
DA:191,0
DA:201,0
DA:216,0
DA:255,0
DA:261,0
DA:262,0
LF:75
LH:0
BRDA:44,0,0,0
BRDA:44,0,1,0
BRDA:44,1,0,0
BRDA:44,1,1,0
BRDA:44,1,2,0
BRDA:53,2,0,0
BRDA:53,2,1,0
BRDA:66,3,0,0
BRDA:66,3,1,0
BRDA:67,4,0,0
BRDA:67,4,1,0
BRDA:68,5,0,0
BRDA:68,5,1,0
BRDA:85,6,0,0
BRDA:85,6,1,0
BRDA:87,7,0,0
BRDA:87,7,1,0
BRDA:87,7,2,0
BRDA:87,7,3,0
BRDA:87,7,4,0
BRDA:87,7,5,0
BRDA:87,7,6,0
BRDA:87,7,7,0
BRDA:87,7,8,0
BRDA:87,7,9,0
BRDA:87,7,10,0
BRDA:87,7,11,0
BRDA:87,7,12,0
BRDA:87,7,13,0
BRDA:87,7,14,0
BRDA:121,8,0,0
BRDA:121,8,1,0
BRDA:121,8,2,0
BRDA:121,8,3,0
BRDA:121,8,4,0
BRDA:121,8,5,0
BRDA:121,8,6,0
BRDA:121,8,7,0
BRDA:144,9,0,0
BRDA:144,9,1,0
BRDA:148,10,0,0
BRDA:148,10,1,0
BRDA:166,11,0,0
BRDA:166,11,1,0
BRDA:171,12,0,0
BRDA:171,12,1,0
BRDA:174,13,0,0
BRDA:174,13,1,0
BRDA:177,14,0,0
BRDA:177,14,1,0
BRDA:191,15,0,0
BRDA:191,15,1,0
BRDA:201,16,0,0
BRDA:201,16,1,0
BRDA:216,17,0,0
BRDA:216,17,1,0
BRF:56
BRH:0
end_of_record
TN:
SF:src/components/DomainTree.js
FN:28,(anonymous_0)
FN:52,(anonymous_1)
FN:112,(anonymous_2)
FN:124,(anonymous_3)
FN:136,(anonymous_4)
FN:149,(anonymous_5)
FN:168,(anonymous_6)
FN:181,(anonymous_7)
FN:183,(anonymous_8)
FN:192,(anonymous_9)
FN:209,(anonymous_10)
FN:218,(anonymous_11)
FN:224,(anonymous_12)
FN:225,(anonymous_13)
FN:236,(anonymous_14)
FN:253,(anonymous_15)
FN:260,(anonymous_16)
FN:276,(anonymous_17)
FN:290,(anonymous_18)
FN:338,(anonymous_19)
FN:369,(anonymous_20)
FN:399,(anonymous_21)
FN:409,(anonymous_22)
FN:416,(anonymous_23)
FN:417,(anonymous_24)
FNF:25
FNH:0
FNDA:0,(anonymous_0)
FNDA:0,(anonymous_1)
FNDA:0,(anonymous_2)
FNDA:0,(anonymous_3)
FNDA:0,(anonymous_4)
FNDA:0,(anonymous_5)
FNDA:0,(anonymous_6)
FNDA:0,(anonymous_7)
FNDA:0,(anonymous_8)
FNDA:0,(anonymous_9)
FNDA:0,(anonymous_10)
FNDA:0,(anonymous_11)
FNDA:0,(anonymous_12)
FNDA:0,(anonymous_13)
FNDA:0,(anonymous_14)
FNDA:0,(anonymous_15)
FNDA:0,(anonymous_16)
FNDA:0,(anonymous_17)
FNDA:0,(anonymous_18)
FNDA:0,(anonymous_19)
FNDA:0,(anonymous_20)
FNDA:0,(anonymous_21)
FNDA:0,(anonymous_22)
FNDA:0,(anonymous_23)
FNDA:0,(anonymous_24)
DA:28,0
DA:29,0
DA:30,0
DA:32,0
DA:52,0
DA:112,0
DA:124,0
DA:136,0
DA:150,0
DA:168,0
DA:169,0
DA:170,0
DA:171,0
DA:172,0
DA:173,0
DA:174,0
DA:175,0
DA:176,0
DA:177,0
DA:178,0
DA:179,0
DA:181,0
DA:182,0
DA:183,0
DA:184,0
DA:185,0
DA:186,0
DA:189,0
DA:192,0
DA:193,0
DA:194,0
DA:195,0
DA:196,0
DA:197,0
DA:199,0
DA:200,0
DA:202,0
DA:203,0
DA:205,0
DA:209,0
DA:210,0
DA:211,0
DA:212,0
DA:214,0
DA:218,0
DA:219,0
DA:220,0
DA:224,0
DA:225,0
DA:226,0
DA:227,0
DA:228,0
DA:230,0
DA:232,0
DA:236,0
DA:237,0
DA:238,0
DA:239,0
DA:244,0
DA:245,0
DA:250,0
DA:253,0
DA:254,0
DA:255,0
DA:256,0
DA:257,0
DA:260,0
DA:261,0
DA:262,0
DA:263,0
DA:268,0
DA:269,0
DA:270,0
DA:272,0
DA:273,0
DA:276,0
DA:277,0
DA:278,0
DA:279,0
DA:282,0
DA:283,0
DA:290,0
DA:291,0
DA:292,0
DA:295,0
DA:296,0
DA:297,0
DA:298,0
DA:299,0
DA:301,0
DA:302,0
DA:306,0
DA:307,0
DA:314,0
DA:315,0
DA:322,0
DA:338,0
DA:370,0
DA:399,0
DA:409,0
DA:416,0
DA:418,0
LF:102
LH:0
BRDA:28,0,0,0
BRDA:30,1,0,0
BRDA:30,1,1,0
BRDA:42,2,0,0
BRDA:42,2,1,0
BRDA:43,3,0,0
BRDA:43,3,1,0
BRDA:45,4,0,0
BRDA:45,4,1,0
BRDA:49,5,0,0
BRDA:49,5,1,0
BRDA:54,6,0,0
BRDA:54,6,1,0
BRDA:58,7,0,0
BRDA:58,7,1,0
BRDA:68,8,0,0
BRDA:68,8,1,0
BRDA:76,9,0,0
BRDA:76,9,1,0
BRDA:87,10,0,0
BRDA:87,10,1,0
BRDA:98,11,0,0
BRDA:98,11,1,0
BRDA:147,12,0,0
BRDA:147,12,1,0
BRDA:147,12,2,0
BRDA:185,13,0,0
BRDA:185,13,1,0
BRDA:185,14,0,0
BRDA:185,14,1,0
BRDA:197,15,0,0
BRDA:197,15,1,0
BRDA:199,16,0,0
BRDA:199,16,1,0
BRDA:212,17,0,0
BRDA:212,17,1,0
BRDA:212,17,2,0
BRDA:227,18,0,0
BRDA:227,18,1,0
BRDA:236,19,0,0
BRDA:236,20,0,0
BRDA:237,21,0,0
BRDA:237,21,1,0
BRDA:241,22,0,0
BRDA:241,22,1,0
BRDA:247,23,0,0
BRDA:247,23,1,0
BRDA:265,24,0,0
BRDA:265,24,1,0
BRDA:268,25,0,0
BRDA:268,25,1,0
BRDA:285,26,0,0
BRDA:285,26,1,0
BRDA:285,26,2,0
BRDA:291,27,0,0
BRDA:291,27,1,0
BRDA:302,28,0,0
BRDA:302,28,1,0
BRDA:306,29,0,0
BRDA:306,29,1,0
BRDA:314,30,0,0
BRDA:314,30,1,0
BRDA:329,31,0,0
BRDA:329,31,1,0
BRDA:352,32,0,0
BRDA:352,32,1,0
BRDA:353,33,0,0
BRDA:353,33,1,0
BRDA:354,34,0,0
BRDA:354,34,1,0
BRDA:359,35,0,0
BRDA:359,35,1,0
BRDA:387,36,0,0
BRDA:387,36,1,0
BRDA:390,37,0,0
BRDA:390,37,1,0
BRDA:416,38,0,0
BRDA:416,38,1,0
BRDA:432,39,0,0
BRDA:432,39,1,0
BRF:80
BRH:0
end_of_record
TN:
SF:src/components/FeedbackManager.js
FN:34,(anonymous_0)
FN:57,(anonymous_1)
FN:78,(anonymous_2)
FN:97,(anonymous_3)
FN:101,(anonymous_4)
FN:118,(anonymous_5)
FN:123,(anonymous_6)
FN:139,(anonymous_7)
FN:151,(anonymous_8)
FN:156,(anonymous_9)
FN:161,(anonymous_10)
FN:168,(anonymous_11)
FN:172,(anonymous_12)
FN:188,(anonymous_13)
FN:195,(anonymous_14)
FN:209,(anonymous_15)
FN:218,(anonymous_16)
FN:226,(anonymous_17)
FN:239,(anonymous_18)
FN:242,(anonymous_19)
FN:278,(anonymous_20)
FN:282,(anonymous_21)
FN:294,(anonymous_22)
FNF:23
FNH:0
FNDA:0,(anonymous_0)
FNDA:0,(anonymous_1)
FNDA:0,(anonymous_2)
FNDA:0,(anonymous_3)
FNDA:0,(anonymous_4)
FNDA:0,(anonymous_5)
FNDA:0,(anonymous_6)
FNDA:0,(anonymous_7)
FNDA:0,(anonymous_8)
FNDA:0,(anonymous_9)
FNDA:0,(anonymous_10)
FNDA:0,(anonymous_11)
FNDA:0,(anonymous_12)
FNDA:0,(anonymous_13)
FNDA:0,(anonymous_14)
FNDA:0,(anonymous_15)
FNDA:0,(anonymous_16)
FNDA:0,(anonymous_17)
FNDA:0,(anonymous_18)
FNDA:0,(anonymous_19)
FNDA:0,(anonymous_20)
FNDA:0,(anonymous_21)
FNDA:0,(anonymous_22)
DA:27,0
DA:34,0
DA:35,0
DA:36,0
DA:37,0
DA:38,0
DA:41,0
DA:42,0
DA:43,0
DA:46,0
DA:47,0
DA:50,0
DA:52,0
DA:57,0
DA:58,0
DA:63,0
DA:64,0
DA:67,0
DA:68,0
DA:71,0
DA:72,0
DA:75,0
DA:78,0
DA:79,0
DA:80,0
DA:81,0
DA:84,0
DA:85,0
DA:86,0
DA:89,0
DA:90,0
DA:93,0
DA:97,0
DA:98,0
DA:101,0
DA:102,0
DA:103,0
DA:104,0
DA:109,0
DA:110,0
DA:115,0
DA:118,0
DA:119,0
DA:120,0
DA:123,0
DA:124,0
DA:125,0
DA:126,0
DA:127,0
DA:129,0
DA:130,0
DA:132,0
DA:133,0
DA:135,0
DA:139,0
DA:140,0
DA:141,0
DA:142,0
DA:143,0
DA:144,0
DA:146,0
DA:151,0
DA:152,0
DA:153,0
DA:156,0
DA:157,0
DA:158,0
DA:161,0
DA:162,0
DA:163,0
DA:164,0
DA:165,0
DA:168,0
DA:169,0
DA:172,0
DA:173,0
DA:178,0
DA:181,0
DA:188,0
DA:195,0
DA:209,0
DA:219,0
DA:226,0
DA:239,0
DA:242,0
DA:278,0
DA:283,0
DA:294,0
LF:88
LH:0
BRDA:63,0,0,0
BRDA:63,0,1,0
BRDA:67,1,0,0
BRDA:67,1,1,0
BRDA:71,2,0,0
BRDA:71,2,1,0
BRDA:84,3,0,0
BRDA:84,3,1,0
BRDA:101,4,0,0
BRDA:102,5,0,0
BRDA:102,5,1,0
BRDA:106,6,0,0
BRDA:106,6,1,0
BRDA:125,7,0,0
BRDA:125,7,1,0
BRDA:135,8,0,0
BRDA:135,8,1,0
BRDA:140,9,0,0
BRDA:140,9,1,0
BRDA:178,10,0,0
BRDA:178,10,1,0
BRDA:194,11,0,0
BRDA:194,11,1,0
BRDA:224,12,0,0
BRDA:224,12,1,0
BRDA:254,13,0,0
BRDA:254,13,1,0
BRDA:271,14,0,0
BRDA:271,14,1,0
BRDA:304,15,0,0
BRDA:304,15,1,0
BRF:31
BRH:0
end_of_record
TN:
SF:src/components/FilterModal.js
FN:19,(anonymous_0)
FN:27,(anonymous_1)
FN:39,(anonymous_2)
FN:44,(anonymous_3)
FN:48,(anonymous_4)
FN:64,(anonymous_5)
FN:68,(anonymous_6)
FN:69,(anonymous_7)
FNF:8
FNH:0
FNDA:0,(anonymous_0)
FNDA:0,(anonymous_1)
FNDA:0,(anonymous_2)
FNDA:0,(anonymous_3)
FNDA:0,(anonymous_4)
FNDA:0,(anonymous_5)
FNDA:0,(anonymous_6)
FNDA:0,(anonymous_7)
DA:19,0
DA:27,0
DA:29,0
DA:40,0
DA:44,0
DA:49,0
DA:65,0
DA:68,0
DA:69,0
LF:9
LH:0
BRDA:22,0,0,0
BRDA:25,1,0,0
BRDA:43,2,0,0
BRDA:43,2,1,0
BRDA:58,3,0,0
BRDA:58,3,1,0
BRDA:65,4,0,0
BRDA:65,4,1,0
BRDA:68,5,0,0
BRDA:68,5,1,0
BRDA:81,6,0,0
BRDA:81,6,1,0
BRF:12
BRH:0
end_of_record
TN:
SF:src/components/JalaliDatePicker.js
FN:14,(anonymous_0)
FN:28,(anonymous_1)
FN:41,(anonymous_2)
FN:45,(anonymous_3)
FN:67,(anonymous_4)
FN:73,(anonymous_5)
FN:84,(anonymous_6)
FN:155,(anonymous_7)
FN:160,(anonymous_8)
FN:164,(anonymous_9)
FN:218,(anonymous_10)
FN:229,(anonymous_11)
FN:242,(anonymous_12)
FN:252,(anonymous_13)
FNF:14
FNH:0
FNDA:0,(anonymous_0)
FNDA:0,(anonymous_1)
FNDA:0,(anonymous_2)
FNDA:0,(anonymous_3)
FNDA:0,(anonymous_4)
FNDA:0,(anonymous_5)
FNDA:0,(anonymous_6)
FNDA:0,(anonymous_7)
FNDA:0,(anonymous_8)
FNDA:0,(anonymous_9)
FNDA:0,(anonymous_10)
FNDA:0,(anonymous_11)
FNDA:0,(anonymous_12)
FNDA:0,(anonymous_13)
DA:11,0
DA:14,0
DA:15,0
DA:16,0
DA:18,0
DA:19,0
DA:20,0
DA:22,0
DA:23,0
DA:28,0
DA:29,0
DA:30,0
DA:31,0
DA:32,0
DA:33,0
DA:34,0
DA:36,0
DA:37,0
DA:41,0
DA:42,0
DA:45,0
DA:46,0
DA:47,0
DA:49,0
DA:50,0
DA:70,0
DA:73,0
DA:74,0
DA:77,0
DA:78,0
DA:80,0
DA:84,0
DA:85,0
DA:86,0
DA:89,0
DA:90,0
DA:91,0
DA:92,0
DA:93,0
DA:95,0
DA:97,0
DA:99,0
DA:101,0
DA:102,0
DA:104,0
DA:106,0
DA:107,0
DA:110,0
DA:111,0
DA:112,0
DA:113,0
DA:114,0
DA:116,0
DA:117,0
DA:118,0
DA:119,0
DA:120,0
DA:122,0
DA:126,0
DA:129,0
DA:132,0
DA:133,0
DA:136,0
DA:137,0
DA:160,0
DA:162,0
DA:163,0
DA:165,0
DA:166,0
DA:168,0
DA:170,0
DA:171,0
DA:175,0
DA:205,0
DA:207,0
DA:211,0
DA:218,0
DA:229,0
DA:242,0
DA:252,0
LF:80
LH:0
BRDA:15,0,0,0
BRDA:15,0,1,0
BRDA:19,1,0,0
BRDA:19,1,1,0
BRDA:29,2,0,0
BRDA:29,2,1,0
BRDA:41,3,0,0
BRDA:41,4,0,0
BRDA:46,5,0,0
BRDA:46,5,1,0
BRDA:61,6,0,0
BRDA:61,6,1,0
BRDA:62,7,0,0
BRDA:62,7,1,0
BRDA:63,8,0,0
BRDA:63,8,1,0
BRDA:74,9,0,0
BRDA:74,9,1,0
BRDA:90,10,0,0
BRDA:90,10,1,0
BRDA:90,11,0,0
BRDA:90,11,1,0
BRDA:93,12,0,0
BRDA:93,12,1,0
BRDA:97,13,0,0
BRDA:97,13,1,0
BRDA:102,14,0,0
BRDA:102,14,1,0
BRDA:106,15,0,0
BRDA:106,15,1,0
BRDA:111,16,0,0
BRDA:111,16,1,0
BRDA:111,17,0,0
BRDA:111,17,1,0
BRDA:116,18,0,0
BRDA:116,18,1,0
BRDA:116,19,0,0
BRDA:116,19,1,0
BRDA:119,20,0,0
BRDA:119,20,1,0
BRDA:132,21,0,0
BRDA:132,21,1,0
BRDA:149,22,0,0
BRDA:149,22,1,0
BRDA:151,23,0,0
BRDA:151,23,1,0
BRDA:162,24,0,0
BRDA:162,24,1,0
BRDA:170,25,0,0
BRDA:170,25,1,0
BRDA:242,26,0,0
BRDA:242,26,1,0
BRDA:252,27,0,0
BRDA:252,27,1,0
BRF:54
BRH:0
end_of_record
TN:
SF:src/components/JalaliDateTimePicker.js
FN:10,(anonymous_0)
FN:24,(anonymous_1)
FN:39,(anonymous_2)
FN:43,(anonymous_3)
FN:48,(anonymous_4)
FN:59,(anonymous_5)
FN:68,(anonymous_6)
FN:72,(anonymous_7)
FN:126,(anonymous_8)
FN:137,(anonymous_9)
FN:150,(anonymous_10)
FN:160,(anonymous_11)
FNF:12
FNH:0
FNDA:0,(anonymous_0)
FNDA:0,(anonymous_1)
FNDA:0,(anonymous_2)
FNDA:0,(anonymous_3)
FNDA:0,(anonymous_4)
FNDA:0,(anonymous_5)
FNDA:0,(anonymous_6)
FNDA:0,(anonymous_7)
FNDA:0,(anonymous_8)
FNDA:0,(anonymous_9)
FNDA:0,(anonymous_10)
FNDA:0,(anonymous_11)
DA:10,0
DA:11,0
DA:12,0
DA:14,0
DA:15,0
DA:16,0
DA:18,0
DA:19,0
DA:24,0
DA:25,0
DA:26,0
DA:27,0
DA:28,0
DA:29,0
DA:30,0
DA:31,0
DA:32,0
DA:34,0
DA:35,0
DA:39,0
DA:40,0
DA:43,0
DA:44,0
DA:45,0
DA:48,0
DA:49,0
DA:52,0
DA:53,0
DA:55,0
DA:59,0
DA:60,0
DA:61,0
DA:65,0
DA:68,0
DA:70,0
DA:71,0
DA:73,0
DA:74,0
DA:76,0
DA:78,0
DA:79,0
DA:83,0
DA:113,0
DA:115,0
DA:119,0
DA:126,0
DA:137,0
DA:150,0
DA:160,0
LF:49
LH:0
BRDA:11,0,0,0
BRDA:11,0,1,0
BRDA:15,1,0,0
BRDA:15,1,1,0
BRDA:25,2,0,0
BRDA:25,2,1,0
BRDA:39,3,0,0
BRDA:39,4,0,0
BRDA:44,5,0,0
BRDA:44,5,1,0
BRDA:49,6,0,0
BRDA:49,6,1,0
BRDA:65,7,0,0
BRDA:65,7,1,0
BRDA:70,8,0,0
BRDA:70,8,1,0
BRDA:78,9,0,0
BRDA:78,9,1,0
BRDA:150,10,0,0
BRDA:150,10,1,0
BRDA:160,11,0,0
BRDA:160,11,1,0
BRF:22
BRH:0
end_of_record
TN:
SF:src/components/Kanban.js
FN:31,(anonymous_0)
FN:48,(anonymous_1)
FN:53,(anonymous_2)
FN:58,(anonymous_3)
FN:61,(anonymous_4)
FN:72,(anonymous_5)
FN:84,(anonymous_6)
FN:85,(anonymous_7)
FN:86,(anonymous_8)
FN:93,(anonymous_9)
FN:95,(anonymous_10)
FN:96,(anonymous_11)
FN:100,(anonymous_12)
FN:102,(anonymous_13)
FN:110,(anonymous_14)
FN:110,(anonymous_15)
FN:118,(anonymous_16)
FN:122,(anonymous_17)
FN:130,(anonymous_18)
FN:189,(anonymous_19)
FN:205,(anonymous_20)
FN:206,(anonymous_21)
FN:210,(anonymous_22)
FN:212,(anonymous_23)
FN:226,(anonymous_24)
FN:241,(anonymous_25)
FN:250,(anonymous_26)
FN:251,(anonymous_27)
FN:261,(anonymous_28)
FN:262,(anonymous_29)
FN:269,(anonymous_30)
FN:274,(anonymous_31)
FN:275,(anonymous_32)
FN:287,(anonymous_33)
FN:294,(anonymous_34)
FN:305,(anonymous_35)
FN:317,(anonymous_36)
FN:323,(anonymous_37)
FN:359,(anonymous_38)
FN:363,(anonymous_39)
FN:379,(anonymous_40)
FN:394,(anonymous_41)
FN:397,(anonymous_42)
FN:397,(anonymous_43)
FN:399,(anonymous_44)
FN:402,(anonymous_45)
FN:413,(anonymous_46)
FN:427,(anonymous_47)
FN:451,(anonymous_48)
FN:479,(anonymous_49)
FN:483,(anonymous_50)
FN:509,(anonymous_51)
FN:542,(anonymous_52)
FN:579,(anonymous_53)
FN:593,(anonymous_54)
FN:603,(anonymous_55)
FNF:56
FNH:0
FNDA:0,(anonymous_0)
FNDA:0,(anonymous_1)
FNDA:0,(anonymous_2)
FNDA:0,(anonymous_3)
FNDA:0,(anonymous_4)
FNDA:0,(anonymous_5)
FNDA:0,(anonymous_6)
FNDA:0,(anonymous_7)
FNDA:0,(anonymous_8)
FNDA:0,(anonymous_9)
FNDA:0,(anonymous_10)
FNDA:0,(anonymous_11)
FNDA:0,(anonymous_12)
FNDA:0,(anonymous_13)
FNDA:0,(anonymous_14)
FNDA:0,(anonymous_15)
FNDA:0,(anonymous_16)
FNDA:0,(anonymous_17)
FNDA:0,(anonymous_18)
FNDA:0,(anonymous_19)
FNDA:0,(anonymous_20)
FNDA:0,(anonymous_21)
FNDA:0,(anonymous_22)
FNDA:0,(anonymous_23)
FNDA:0,(anonymous_24)
FNDA:0,(anonymous_25)
FNDA:0,(anonymous_26)
FNDA:0,(anonymous_27)
FNDA:0,(anonymous_28)
FNDA:0,(anonymous_29)
FNDA:0,(anonymous_30)
FNDA:0,(anonymous_31)
FNDA:0,(anonymous_32)
FNDA:0,(anonymous_33)
FNDA:0,(anonymous_34)
FNDA:0,(anonymous_35)
FNDA:0,(anonymous_36)
FNDA:0,(anonymous_37)
FNDA:0,(anonymous_38)
FNDA:0,(anonymous_39)
FNDA:0,(anonymous_40)
FNDA:0,(anonymous_41)
FNDA:0,(anonymous_42)
FNDA:0,(anonymous_43)
FNDA:0,(anonymous_44)
FNDA:0,(anonymous_45)
FNDA:0,(anonymous_46)
FNDA:0,(anonymous_47)
FNDA:0,(anonymous_48)
FNDA:0,(anonymous_49)
FNDA:0,(anonymous_50)
FNDA:0,(anonymous_51)
FNDA:0,(anonymous_52)
FNDA:0,(anonymous_53)
FNDA:0,(anonymous_54)
FNDA:0,(anonymous_55)
DA:22,0
DA:31,0
DA:32,0
DA:33,0
DA:34,0
DA:35,0
DA:36,0
DA:37,0
DA:38,0
DA:39,0
DA:40,0
DA:41,0
DA:42,0
DA:43,0
DA:44,0
DA:45,0
DA:46,0
DA:48,0
DA:49,0
DA:50,0
DA:53,0
DA:54,0
DA:57,0
DA:58,0
DA:61,0
DA:62,0
DA:63,0
DA:65,0
DA:66,0
DA:68,0
DA:72,0
DA:73,0
DA:74,0
DA:76,0
DA:77,0
DA:79,0
DA:84,0
DA:85,0
DA:86,0
DA:87,0
DA:93,0
DA:94,0
DA:95,0
DA:96,0
DA:98,0
DA:99,0
DA:100,0
DA:102,0
DA:106,0
DA:110,0
DA:113,0
DA:118,0
DA:120,0
DA:122,0
DA:124,0
DA:127,0
DA:130,0
DA:133,0
DA:134,0
DA:135,0
DA:137,0
DA:138,0
DA:139,0
DA:140,0
DA:141,0
DA:142,0
DA:144,0
DA:145,0
DA:146,0
DA:147,0
DA:157,0
DA:158,0
DA:161,0
DA:162,0
DA:173,0
DA:176,0
DA:178,0
DA:183,0
DA:189,0
DA:194,0
DA:197,0
DA:198,0
DA:201,0
DA:202,0
DA:205,0
DA:206,0
DA:210,0
DA:212,0
DA:216,0
DA:217,0
DA:218,0
DA:219,0
DA:220,0
DA:221,0
DA:222,0
DA:224,0
DA:226,0
DA:228,0
DA:231,0
DA:233,0
DA:234,0
DA:237,0
DA:238,0
DA:241,0
DA:242,0
DA:243,0
DA:244,0
DA:247,0
DA:250,0
DA:251,0
DA:252,0
DA:256,0
DA:257,0
DA:259,0
DA:261,0
DA:262,0
DA:263,0
DA:269,0
DA:270,0
DA:271,0
DA:274,0
DA:275,0
DA:276,0
DA:279,0
DA:287,0
DA:295,0
DA:307,0
DA:308,0
DA:309,0
DA:310,0
DA:311,0
DA:312,0
DA:317,0
DA:324,0
DA:359,0
DA:363,0
DA:380,0
DA:395,0
DA:397,0
DA:399,0
DA:401,0
DA:402,0
DA:405,0
DA:415,0
DA:416,0
DA:417,0
DA:418,0
DA:419,0
DA:420,0
DA:421,0
DA:422,0
DA:427,0
DA:432,0
DA:451,0
DA:479,0
DA:483,0
DA:509,0
DA:542,0
DA:579,0
DA:593,0
DA:603,0
LF:161
LH:0
BRDA:65,0,0,0
BRDA:65,0,1,0
BRDA:66,1,0,0
BRDA:66,1,1,0
BRDA:76,2,0,0
BRDA:76,2,1,0
BRDA:77,3,0,0
BRDA:77,3,1,0
BRDA:87,4,0,0
BRDA:87,4,1,0
BRDA:98,5,0,0
BRDA:98,5,1,0
BRDA:99,6,0,0
BRDA:99,6,1,0
BRDA:120,7,0,0
BRDA:120,7,1,0
BRDA:120,8,0,0
BRDA:120,8,1,0
BRDA:122,9,0,0
BRDA:122,9,1,0
BRDA:122,10,0,0
BRDA:122,10,1,0
BRDA:124,11,0,0
BRDA:124,11,1,0
BRDA:127,12,0,0
BRDA:127,12,1,0
BRDA:135,13,0,0
BRDA:135,13,1,0
BRDA:144,14,0,0
BRDA:144,14,1,0
BRDA:157,15,0,0
BRDA:157,15,1,0
BRDA:161,16,0,0
BRDA:161,16,1,0
BRDA:176,17,0,0
BRDA:176,17,1,0
BRDA:176,18,0,0
BRDA:176,18,1,0
BRDA:176,18,2,0
BRDA:206,19,0,0
BRDA:206,19,1,0
BRDA:224,20,0,0
BRDA:224,20,1,0
BRDA:233,21,0,0
BRDA:233,21,1,0
BRDA:242,22,0,0
BRDA:242,22,1,0
BRDA:252,23,0,0
BRDA:252,23,1,0
BRDA:263,24,0,0
BRDA:263,24,1,0
BRDA:276,25,0,0
BRDA:276,25,1,0
BRDA:308,26,0,0
BRDA:308,26,1,0
BRDA:327,27,0,0
BRDA:327,27,1,0
BRDA:330,28,0,0
BRDA:330,28,1,0
BRDA:347,29,0,0
BRDA:347,29,1,0
BRDA:359,30,0,0
BRDA:359,30,1,0
BRDA:363,31,0,0
BRDA:363,31,1,0
BRDA:385,32,0,0
BRDA:385,32,1,0
BRDA:386,33,0,0
BRDA:386,33,1,0
BRDA:401,34,0,0
BRDA:401,34,1,0
BRDA:401,35,0,0
BRDA:401,35,1,0
BRDA:401,35,2,0
BRDA:415,36,0,0
BRDA:415,36,1,0
BRDA:416,37,0,0
BRDA:416,37,1,0
BRDA:417,38,0,0
BRDA:417,38,1,0
BRDA:441,39,0,0
BRDA:441,39,1,0
BRDA:442,40,0,0
BRDA:442,40,1,0
BRDA:451,41,0,0
BRDA:451,41,1,0
BRDA:457,42,0,0
BRDA:457,42,1,0
BRDA:462,43,0,0
BRDA:462,43,1,0
BRDA:467,44,0,0
BRDA:467,44,1,0
BRDA:470,45,0,0
BRDA:470,45,1,0
BRDA:479,46,0,0
BRDA:479,46,1,0
BRDA:483,47,0,0
BRDA:483,47,1,0
BRDA:510,48,0,0
BRDA:510,48,1,0
BRDA:518,49,0,0
BRDA:518,49,1,0
BRDA:524,50,0,0
BRDA:524,50,1,0
BRDA:530,51,0,0
BRDA:530,51,1,0
BRDA:536,52,0,0
BRDA:536,52,1,0
BRDA:542,53,0,0
BRDA:542,53,1,0
BRDA:553,54,0,0
BRDA:553,54,1,0
BRDA:563,55,0,0
BRDA:563,55,1,0
BRDA:573,56,0,0
BRDA:573,56,1,0
BRDA:579,57,0,0
BRDA:579,57,1,0
BRDA:598,58,0,0
BRDA:598,58,1,0
BRF:120
BRH:0
end_of_record
TN:
SF:src/components/Login.js
FN:14,(anonymous_0)
FN:23,(anonymous_1)
FN:54,(anonymous_2)
FN:57,(anonymous_3)
FN:58,(anonymous_4)
FN:72,(anonymous_5)
FN:101,(anonymous_6)
FN:127,(anonymous_7)
FNF:8
FNH:0
FNDA:0,(anonymous_0)
FNDA:0,(anonymous_1)
FNDA:0,(anonymous_2)
FNDA:0,(anonymous_3)
FNDA:0,(anonymous_4)
FNDA:0,(anonymous_5)
FNDA:0,(anonymous_6)
FNDA:0,(anonymous_7)
DA:14,0
DA:15,0
DA:16,0
DA:17,0
DA:18,0
DA:20,0
DA:21,0
DA:23,0
DA:24,0
DA:25,0
DA:26,0
DA:28,0
DA:30,0
DA:31,0
DA:33,0
DA:36,0
DA:39,0
DA:54,0
DA:57,0
DA:58,0
DA:72,0
DA:101,0
DA:127,0
LF:23
LH:0
BRDA:30,0,0,0
BRDA:30,0,1,0
BRDA:54,1,0,0
BRDA:54,1,1,0
BRDA:57,2,0,0
BRDA:57,2,1,0
BRDA:58,3,0,0
BRDA:58,3,1,0
BRDA:72,4,0,0
BRDA:72,4,1,0
BRDA:85,5,0,0
BRDA:85,5,1,0
BRDA:150,6,0,0
BRDA:150,6,1,0
BRF:14
BRH:0
end_of_record
TN:
SF:src/components/MeetingManager.js
FN:46,(anonymous_0)
FN:68,(anonymous_1)
FN:75,(anonymous_2)
FN:85,(anonymous_3)
FN:99,(anonymous_4)
FN:111,(anonymous_5)
FN:133,(anonymous_6)
FN:154,(anonymous_7)
FN:159,(anonymous_8)
FN:176,(anonymous_9)
FN:177,(anonymous_10)
FN:211,(anonymous_11)
FN:231,(anonymous_12)
FN:232,(anonymous_13)
FN:243,(anonymous_14)
FN:251,(anonymous_15)
FN:278,(anonymous_16)
FN:310,(anonymous_17)
FN:313,(anonymous_18)
FN:326,(anonymous_19)
FN:329,(anonymous_20)
FN:352,(anonymous_21)
FN:361,(anonymous_22)
FN:365,(anonymous_23)
FN:375,(anonymous_24)
FN:384,(anonymous_25)
FN:387,(anonymous_26)
FN:400,(anonymous_27)
FN:409,(anonymous_28)
FN:418,(anonymous_29)
FN:429,(anonymous_30)
FN:437,(anonymous_31)
FN:445,(anonymous_32)
FN:447,(anonymous_33)
FN:450,(anonymous_34)
FN:458,(anonymous_35)
FN:459,(anonymous_36)
FN:474,(anonymous_37)
FN:477,(anonymous_38)
FN:485,(anonymous_39)
FN:486,(anonymous_40)
FNF:41
FNH:0
FNDA:0,(anonymous_0)
FNDA:0,(anonymous_1)
FNDA:0,(anonymous_2)
FNDA:0,(anonymous_3)
FNDA:0,(anonymous_4)
FNDA:0,(anonymous_5)
FNDA:0,(anonymous_6)
FNDA:0,(anonymous_7)
FNDA:0,(anonymous_8)
FNDA:0,(anonymous_9)
FNDA:0,(anonymous_10)
FNDA:0,(anonymous_11)
FNDA:0,(anonymous_12)
FNDA:0,(anonymous_13)
FNDA:0,(anonymous_14)
FNDA:0,(anonymous_15)
FNDA:0,(anonymous_16)
FNDA:0,(anonymous_17)
FNDA:0,(anonymous_18)
FNDA:0,(anonymous_19)
FNDA:0,(anonymous_20)
FNDA:0,(anonymous_21)
FNDA:0,(anonymous_22)
FNDA:0,(anonymous_23)
FNDA:0,(anonymous_24)
FNDA:0,(anonymous_25)
FNDA:0,(anonymous_26)
FNDA:0,(anonymous_27)
FNDA:0,(anonymous_28)
FNDA:0,(anonymous_29)
FNDA:0,(anonymous_30)
FNDA:0,(anonymous_31)
FNDA:0,(anonymous_32)
FNDA:0,(anonymous_33)
FNDA:0,(anonymous_34)
FNDA:0,(anonymous_35)
FNDA:0,(anonymous_36)
FNDA:0,(anonymous_37)
FNDA:0,(anonymous_38)
FNDA:0,(anonymous_39)
FNDA:0,(anonymous_40)
DA:32,0
DA:37,0
DA:46,0
DA:47,0
DA:48,0
DA:49,0
DA:50,0
DA:51,0
DA:52,0
DA:54,0
DA:68,0
DA:69,0
DA:70,0
DA:71,0
DA:75,0
DA:76,0
DA:77,0
DA:78,0
DA:79,0
DA:81,0
DA:85,0
DA:86,0
DA:88,0
DA:89,0
DA:91,0
DA:93,0
DA:94,0
DA:95,0
DA:96,0
DA:98,0
DA:99,0
DA:100,0
DA:101,0
DA:103,0
DA:105,0
DA:106,0
DA:111,0
DA:112,0
DA:113,0
DA:114,0
DA:117,0
DA:118,0
DA:120,0
DA:121,0
DA:122,0
DA:133,0
DA:136,0
DA:137,0
DA:151,0
DA:154,0
DA:155,0
DA:156,0
DA:159,0
DA:160,0
DA:162,0
DA:163,0
DA:164,0
DA:167,0
DA:168,0
DA:176,0
DA:177,0
DA:181,0
DA:182,0
DA:183,0
DA:185,0
DA:186,0
DA:190,0
DA:191,0
DA:194,0
DA:195,0
DA:196,0
DA:198,0
DA:199,0
DA:202,0
DA:203,0
DA:205,0
DA:206,0
DA:207,0
DA:211,0
DA:212,0
DA:213,0
DA:214,0
DA:217,0
DA:218,0
DA:221,0
DA:222,0
DA:223,0
DA:224,0
DA:226,0
DA:227,0
DA:231,0
DA:232,0
DA:235,0
DA:243,0
DA:251,0
DA:279,0
DA:311,0
DA:314,0
DA:326,0
DA:329,0
DA:352,0
DA:361,0
DA:366,0
DA:375,0
DA:384,0
DA:388,0
DA:400,0
DA:409,0
DA:418,0
DA:429,0
DA:437,0
DA:445,0
DA:448,0
DA:451,0
DA:459,0
DA:460,0
DA:475,0
DA:478,0
DA:486,0
DA:487,0
LF:120
LH:0
BRDA:70,0,0,0
BRDA:70,0,1,0
BRDA:78,1,0,0
BRDA:78,1,1,0
BRDA:79,2,0,0
BRDA:79,2,1,0
BRDA:89,3,0,0
BRDA:89,3,1,0
BRDA:96,4,0,0
BRDA:96,4,1,0
BRDA:111,5,0,0
BRDA:112,6,0,0
BRDA:112,6,1,0
BRDA:117,7,0,0
BRDA:117,7,1,0
BRDA:120,8,0,0
BRDA:120,8,1,0
BRDA:121,9,0,0
BRDA:121,9,1,0
BRDA:124,10,0,0
BRDA:124,10,1,0
BRDA:125,11,0,0
BRDA:125,11,1,0
BRDA:126,12,0,0
BRDA:126,12,1,0
BRDA:127,13,0,0
BRDA:127,13,1,0
BRDA:128,14,0,0
BRDA:128,14,1,0
BRDA:130,15,0,0
BRDA:130,15,1,0
BRDA:131,16,0,0
BRDA:131,16,1,0
BRDA:132,17,0,0
BRDA:132,17,1,0
BRDA:133,18,0,0
BRDA:133,18,1,0
BRDA:162,19,0,0
BRDA:162,19,1,0
BRDA:172,20,0,0
BRDA:172,20,1,0
BRDA:173,21,0,0
BRDA:173,21,1,0
BRDA:175,22,0,0
BRDA:175,22,1,0
BRDA:176,23,0,0
BRDA:176,23,1,0
BRDA:177,24,0,0
BRDA:177,24,1,0
BRDA:181,25,0,0
BRDA:181,25,1,0
BRDA:182,26,0,0
BRDA:182,26,1,0
BRDA:185,27,0,0
BRDA:185,27,1,0
BRDA:194,28,0,0
BRDA:194,28,1,0
BRDA:206,29,0,0
BRDA:206,29,1,0
BRDA:206,29,2,0
BRDA:212,30,0,0
BRDA:212,30,1,0
BRDA:217,31,0,0
BRDA:217,31,1,0
BRDA:232,32,0,0
BRDA:232,32,1,0
BRDA:239,33,0,0
BRDA:239,33,1,0
BRDA:250,34,0,0
BRDA:250,34,1,0
BRDA:265,35,0,0
BRDA:265,35,1,0
BRDA:269,36,0,0
BRDA:269,36,1,0
BRDA:271,37,0,0
BRDA:271,37,1,0
BRDA:283,38,0,0
BRDA:283,38,1,0
BRDA:285,39,0,0
BRDA:285,39,1,0
BRDA:292,40,0,0
BRDA:292,40,1,0
BRDA:296,41,0,0
BRDA:296,41,1,0
BRDA:297,42,0,0
BRDA:297,42,1,0
BRDA:316,43,0,0
BRDA:316,43,1,0
BRDA:316,43,2,0
BRDA:316,43,3,0
BRDA:316,43,4,0
BRDA:324,44,0,0
BRDA:324,44,1,0
BRDA:343,45,0,0
BRDA:343,45,1,0
BRDA:346,46,0,0
BRDA:346,46,1,0
BRDA:393,47,0,0
BRDA:393,47,1,0
BRDA:400,48,0,0
BRDA:400,48,1,0
BRDA:427,49,0,0
BRDA:427,49,1,0
BRDA:431,50,0,0
BRDA:431,50,1,0
BRDA:445,51,0,0
BRDA:445,51,1,0
BRDA:462,52,0,0
BRDA:462,52,1,0
BRDA:463,53,0,0
BRDA:463,53,1,0
BRDA:501,54,0,0
BRDA:501,54,1,0
BRF:113
BRH:0
end_of_record
TN:
SF:src/components/OrganizationalDashboard.js
FN:24,(anonymous_0)
FN:31,(anonymous_1)
FN:35,(anonymous_2)
FN:169,(anonymous_3)
FN:341,(anonymous_4)
FN:445,(anonymous_5)
FN:523,(anonymous_6)
FN:631,(anonymous_7)
FNF:8
FNH:0
FNDA:0,(anonymous_0)
FNDA:0,(anonymous_1)
FNDA:0,(anonymous_2)
FNDA:0,(anonymous_3)
FNDA:0,(anonymous_4)
FNDA:0,(anonymous_5)
FNDA:0,(anonymous_6)
FNDA:0,(anonymous_7)
DA:24,0
DA:25,0
DA:26,0
DA:27,0
DA:28,0
DA:29,0
DA:31,0
DA:32,0
DA:35,0
DA:36,0
DA:37,0
DA:38,0
DA:39,0
DA:40,0
DA:41,0
DA:43,0
DA:46,0
DA:47,0
DA:50,0
DA:51,0
DA:52,0
DA:53,0
DA:54,0
DA:55,0
DA:56,0
DA:57,0
DA:58,0
DA:59,0
DA:61,0
DA:65,0
DA:67,0
DA:69,0
DA:72,0
DA:74,0
DA:78,0
DA:79,0
DA:82,0
DA:83,0
DA:98,0
DA:99,0
DA:111,0
DA:170,0
DA:342,0
DA:446,0
DA:524,0
DA:632,0
DA:642,0
DA:652,0
LF:48
LH:0
BRDA:40,0,0,0
BRDA:40,0,1,0
BRDA:40,1,0,0
BRDA:40,1,1,0
BRDA:50,2,0,0
BRDA:50,2,1,0
BRDA:52,3,0,0
BRDA:52,3,1,0
BRDA:52,4,0,0
BRDA:52,4,1,0
BRDA:54,5,0,0
BRDA:54,5,1,0
BRDA:54,6,0,0
BRDA:54,6,1,0
BRDA:56,7,0,0
BRDA:56,7,1,0
BRDA:58,8,0,0
BRDA:58,8,1,0
BRDA:61,9,0,0
BRDA:61,9,1,0
BRDA:61,9,2,0
BRDA:65,10,0,0
BRDA:65,10,1,0
BRDA:69,11,0,0
BRDA:69,11,1,0
BRDA:78,12,0,0
BRDA:78,12,1,0
BRDA:82,13,0,0
BRDA:82,13,1,0
BRDA:98,14,0,0
BRDA:98,14,1,0
BRDA:120,15,0,0
BRDA:120,15,1,0
BRDA:135,16,0,0
BRDA:135,16,1,0
BRDA:136,17,0,0
BRDA:136,17,1,0
BRDA:137,18,0,0
BRDA:137,18,1,0
BRDA:149,19,0,0
BRDA:149,19,1,0
BRDA:161,20,0,0
BRDA:161,20,1,0
BRDA:167,21,0,0
BRDA:167,21,1,0
BRDA:179,22,0,0
BRDA:179,22,1,0
BRDA:180,23,0,0
BRDA:180,23,1,0
BRDA:182,24,0,0
BRDA:182,24,1,0
BRDA:189,25,0,0
BRDA:189,25,1,0
BRDA:261,26,0,0
BRDA:261,26,1,0
BRDA:280,27,0,0
BRDA:280,27,1,0
BRDA:281,28,0,0
BRDA:281,28,1,0
BRDA:282,29,0,0
BRDA:282,29,1,0
BRDA:294,30,0,0
BRDA:294,30,1,0
BRDA:306,31,0,0
BRDA:306,31,1,0
BRDA:320,32,0,0
BRDA:320,32,1,0
BRDA:321,33,0,0
BRDA:321,33,1,0
BRDA:331,34,0,0
BRDA:331,34,1,0
BRDA:332,35,0,0
BRDA:332,35,1,0
BRDA:346,36,0,0
BRDA:346,36,1,0
BRDA:349,37,0,0
BRDA:349,37,1,0
BRDA:350,38,0,0
BRDA:350,38,1,0
BRDA:384,39,0,0
BRDA:384,39,1,0
BRDA:385,40,0,0
BRDA:385,40,1,0
BRDA:386,41,0,0
BRDA:386,41,1,0
BRDA:398,42,0,0
BRDA:398,42,1,0
BRDA:410,43,0,0
BRDA:410,43,1,0
BRDA:424,44,0,0
BRDA:424,44,1,0
BRDA:425,45,0,0
BRDA:425,45,1,0
BRDA:435,46,0,0
BRDA:435,46,1,0
BRDA:436,47,0,0
BRDA:436,47,1,0
BRDA:450,48,0,0
BRDA:450,48,1,0
BRDA:453,49,0,0
BRDA:453,49,1,0
BRDA:454,50,0,0
BRDA:454,50,1,0
BRDA:488,51,0,0
BRDA:488,51,1,0
BRDA:489,52,0,0
BRDA:489,52,1,0
BRDA:490,53,0,0
BRDA:490,53,1,0
BRDA:502,54,0,0
BRDA:502,54,1,0
BRDA:514,55,0,0
BRDA:514,55,1,0
BRDA:521,56,0,0
BRDA:521,56,1,0
BRDA:521,57,0,0
BRDA:521,57,1,0
BRDA:528,58,0,0
BRDA:528,58,1,0
BRDA:529,59,0,0
BRDA:529,59,1,0
BRDA:544,60,0,0
BRDA:544,60,1,0
BRDA:558,61,0,0
BRDA:558,61,1,0
BRDA:588,62,0,0
BRDA:588,62,1,0
BRDA:589,63,0,0
BRDA:589,63,1,0
BRDA:599,64,0,0
BRDA:599,64,1,0
BRDA:600,65,0,0
BRDA:600,65,1,0
BRDA:610,66,0,0
BRDA:610,66,1,0
BRDA:611,67,0,0
BRDA:611,67,1,0
BRDA:621,68,0,0
BRDA:621,68,1,0
BRDA:622,69,0,0
BRDA:622,69,1,0
BRDA:657,70,0,0
BRDA:657,70,1,0
BRDA:660,71,0,0
BRDA:660,71,1,0
BRDA:661,72,0,0
BRDA:661,72,1,0
BRDA:668,73,0,0
BRDA:668,73,1,0
BRDA:679,74,0,0
BRDA:679,74,1,0
BRDA:690,75,0,0
BRDA:690,75,1,0
BRDA:694,76,0,0
BRDA:694,76,1,0
BRDA:697,77,0,0
BRDA:697,77,1,0
BRDA:706,78,0,0
BRDA:706,78,1,0
BRF:159
BRH:0
end_of_record
TN:
SF:src/components/OrganizationalStructure.js
FN:6,(anonymous_0)
FNF:1
FNH:0
FNDA:0,(anonymous_0)
DA:6,0
DA:7,0
DA:8,0
DA:10,0
LF:4
LH:0
BRDA:19,0,0,0
BRDA:19,0,1,0
BRF:2
BRH:0
end_of_record
TN:
SF:src/components/PaginatedSelect.js
FN:37,(anonymous_0)
FN:46,(anonymous_1)
FN:47,(anonymous_2)
FN:62,(anonymous_3)
FN:65,(anonymous_4)
FN:84,(anonymous_5)
FN:104,(anonymous_6)
FN:106,(anonymous_7)
FN:107,(anonymous_8)
FN:116,(anonymous_9)
FN:118,(anonymous_10)
FN:136,(anonymous_11)
FN:144,(anonymous_12)
FN:152,(anonymous_13)
FN:156,(anonymous_14)
FN:166,(anonymous_15)
FN:178,(anonymous_16)
FN:184,(anonymous_17)
FN:192,(anonymous_18)
FN:197,(anonymous_19)
FN:202,(anonymous_20)
FN:260,(anonymous_21)
FN:268,(anonymous_22)
FN:275,(anonymous_23)
FNF:24
FNH:0
FNDA:0,(anonymous_0)
FNDA:0,(anonymous_1)
FNDA:0,(anonymous_2)
FNDA:0,(anonymous_3)
FNDA:0,(anonymous_4)
FNDA:0,(anonymous_5)
FNDA:0,(anonymous_6)
FNDA:0,(anonymous_7)
FNDA:0,(anonymous_8)
FNDA:0,(anonymous_9)
FNDA:0,(anonymous_10)
FNDA:0,(anonymous_11)
FNDA:0,(anonymous_12)
FNDA:0,(anonymous_13)
FNDA:0,(anonymous_14)
FNDA:0,(anonymous_15)
FNDA:0,(anonymous_16)
FNDA:0,(anonymous_17)
FNDA:0,(anonymous_18)
FNDA:0,(anonymous_19)
FNDA:0,(anonymous_20)
FNDA:0,(anonymous_21)
FNDA:0,(anonymous_22)
FNDA:0,(anonymous_23)
DA:37,0
DA:46,0
DA:47,0
DA:51,0
DA:52,0
DA:53,0
DA:54,0
DA:55,0
DA:56,0
DA:57,0
DA:58,0
DA:59,0
DA:62,0
DA:63,0
DA:65,0
DA:66,0
DA:67,0
DA:71,0
DA:72,0
DA:73,0
DA:74,0
DA:78,0
DA:84,0
DA:85,0
DA:87,0
DA:88,0
DA:89,0
DA:94,0
DA:95,0
DA:98,0
DA:99,0
DA:100,0
DA:101,0
DA:103,0
DA:104,0
DA:106,0
DA:107,0
DA:108,0
DA:111,0
DA:115,0
DA:116,0
DA:117,0
DA:118,0
DA:119,0
DA:120,0
DA:122,0
DA:126,0
DA:127,0
DA:129,0
DA:131,0
DA:136,0
DA:137,0
DA:138,0
DA:144,0
DA:145,0
DA:147,0
DA:148,0
DA:152,0
DA:153,0
DA:156,0
DA:157,0
DA:158,0
DA:166,0
DA:167,0
DA:168,0
DA:169,0
DA:170,0
DA:173,0
DA:174,0
DA:178,0
DA:179,0
DA:180,0
DA:181,0
DA:183,0
DA:184,0
DA:185,0
DA:192,0
DA:193,0
DA:194,0
DA:197,0
DA:198,0
DA:199,0
DA:202,0
DA:203,0
DA:204,0
DA:205,0
DA:208,0
DA:260,0
DA:269,0
DA:270,0
DA:271,0
DA:275,0
LF:92
LH:0
BRDA:42,0,0,0
BRDA:43,1,0,0
BRDA:44,2,0,0
BRDA:45,3,0,0
BRDA:46,4,0,0
BRDA:47,5,0,0
BRDA:47,6,0,0
BRDA:47,6,1,0
BRDA:47,6,2,0
BRDA:48,7,0,0
BRDA:63,8,0,0
BRDA:63,8,1,0
BRDA:63,9,0,0
BRDA:63,9,1,0
BRDA:66,10,0,0
BRDA:66,10,1,0
BRDA:71,11,0,0
BRDA:71,11,1,0
BRDA:71,12,0,0
BRDA:71,12,1,0
BRDA:72,13,0,0
BRDA:72,13,1,0
BRDA:73,14,0,0
BRDA:73,14,1,0
BRDA:73,15,0,0
BRDA:73,15,1,0
BRDA:78,16,0,0
BRDA:78,16,1,0
BRDA:84,17,0,0
BRDA:84,18,0,0
BRDA:84,19,0,0
BRDA:84,20,0,0
BRDA:85,21,0,0
BRDA:85,21,1,0
BRDA:94,22,0,0
BRDA:94,22,1,0
BRDA:100,23,0,0
BRDA:100,23,1,0
BRDA:103,24,0,0
BRDA:103,24,1,0
BRDA:115,25,0,0
BRDA:115,25,1,0
BRDA:115,26,0,0
BRDA:115,26,1,0
BRDA:117,27,0,0
BRDA:117,27,1,0
BRDA:119,28,0,0
BRDA:119,28,1,0
BRDA:137,29,0,0
BRDA:137,29,1,0
BRDA:145,30,0,0
BRDA:145,30,1,0
BRDA:147,31,0,0
BRDA:147,31,1,0
BRDA:157,32,0,0
BRDA:157,32,1,0
BRDA:173,33,0,0
BRDA:173,33,1,0
BRDA:173,34,0,0
BRDA:173,34,1,0
BRDA:173,34,2,0
BRDA:183,35,0,0
BRDA:183,35,1,0
BRDA:183,36,0,0
BRDA:183,36,1,0
BRDA:183,36,2,0
BRDA:185,37,0,0
BRDA:185,37,1,0
BRDA:217,38,0,0
BRDA:217,38,1,0
BRDA:256,39,0,0
BRDA:256,39,1,0
BRDA:259,40,0,0
BRDA:259,40,1,0
BRDA:259,40,2,0
BRDA:284,41,0,0
BRDA:284,41,1,0
BRDA:293,42,0,0
BRDA:293,42,1,0
BRDA:293,42,2,0
BRDA:304,43,0,0
BRDA:304,43,1,0
BRDA:304,43,2,0
BRDA:304,43,3,0
BRF:84
BRH:0
end_of_record
TN:
SF:src/components/Pagination.js
FN:4,(anonymous_0)
FN:22,(anonymous_1)
FNF:2
FNH:0
FNDA:0,(anonymous_0)
FNDA:0,(anonymous_1)
DA:4,0
DA:5,0
DA:6,0
DA:7,0
DA:8,0
DA:9,0
DA:10,0
DA:12,0
DA:22,0
LF:9
LH:0
BRDA:4,0,0,0
BRDA:4,1,0,0
BRDA:4,2,0,0
BRDA:4,3,0,0
BRDA:5,4,0,0
BRDA:5,4,1,0
BRDA:6,5,0,0
BRDA:6,5,1,0
BRDA:7,6,0,0
BRDA:7,6,1,0
BRDA:8,7,0,0
BRDA:8,7,1,0
BRDA:9,8,0,0
BRDA:9,8,1,0
BRF:14
BRH:0
end_of_record
TN:
SF:src/components/PersianTypography.js
FN:9,(anonymous_0)
FN:11,(anonymous_1)
FN:18,(anonymous_2)
FNF:3
FNH:0
FNDA:0,(anonymous_0)
FNDA:0,(anonymous_1)
FNDA:0,(anonymous_2)
DA:9,0
DA:11,0
DA:12,0
DA:13,0
DA:17,0
DA:18,0
DA:22,0
DA:23,0
DA:30,0
DA:31,0
DA:34,0
DA:37,0
DA:39,0
DA:46,0
LF:14
LH:0
BRDA:12,0,0,0
BRDA:12,0,1,0
BRDA:12,1,0,0
BRDA:12,1,1,0
BRDA:17,2,0,0
BRDA:17,2,1,0
BRDA:22,3,0,0
BRDA:22,3,1,0
BRDA:30,4,0,0
BRDA:30,4,1,0
BRDA:30,5,0,0
BRDA:30,5,1,0
BRF:12
BRH:0
end_of_record
TN:
SF:src/components/ProjectManager.js
FN:45,(anonymous_0)
FN:74,(anonymous_1)
FN:95,(anonymous_2)
FN:114,(anonymous_3)
FN:118,(anonymous_4)
FN:147,(anonymous_5)
FN:152,(anonymous_6)
FN:168,(anonymous_7)
FN:180,(anonymous_8)
FN:185,(anonymous_9)
FN:190,(anonymous_10)
FN:204,(anonymous_11)
FN:211,(anonymous_12)
FN:215,(anonymous_13)
FN:235,(anonymous_14)
FN:242,(anonymous_15)
FN:301,(anonymous_16)
FN:318,(anonymous_17)
FN:335,(anonymous_18)
FN:338,(anonymous_19)
FN:362,(anonymous_20)
FN:373,(anonymous_21)
FN:380,(anonymous_22)
FN:384,(anonymous_23)
FN:385,(anonymous_24)
FN:394,(anonymous_25)
FN:398,(anonymous_26)
FN:408,(anonymous_27)
FN:415,(anonymous_28)
FN:423,(anonymous_29)
FN:432,(anonymous_30)
FNF:31
FNH:0
FNDA:0,(anonymous_0)
FNDA:0,(anonymous_1)
FNDA:0,(anonymous_2)
FNDA:0,(anonymous_3)
FNDA:0,(anonymous_4)
FNDA:0,(anonymous_5)
FNDA:0,(anonymous_6)
FNDA:0,(anonymous_7)
FNDA:0,(anonymous_8)
FNDA:0,(anonymous_9)
FNDA:0,(anonymous_10)
FNDA:0,(anonymous_11)
FNDA:0,(anonymous_12)
FNDA:0,(anonymous_13)
FNDA:0,(anonymous_14)
FNDA:0,(anonymous_15)
FNDA:0,(anonymous_16)
FNDA:0,(anonymous_17)
FNDA:0,(anonymous_18)
FNDA:0,(anonymous_19)
FNDA:0,(anonymous_20)
FNDA:0,(anonymous_21)
FNDA:0,(anonymous_22)
FNDA:0,(anonymous_23)
FNDA:0,(anonymous_24)
FNDA:0,(anonymous_25)
FNDA:0,(anonymous_26)
FNDA:0,(anonymous_27)
FNDA:0,(anonymous_28)
FNDA:0,(anonymous_29)
FNDA:0,(anonymous_30)
DA:35,0
DA:45,0
DA:46,0
DA:47,0
DA:48,0
DA:49,0
DA:52,0
DA:53,0
DA:54,0
DA:57,0
DA:58,0
DA:61,0
DA:63,0
DA:74,0
DA:75,0
DA:80,0
DA:81,0
DA:84,0
DA:85,0
DA:88,0
DA:89,0
DA:92,0
DA:95,0
DA:96,0
DA:97,0
DA:98,0
DA:101,0
DA:102,0
DA:103,0
DA:106,0
DA:107,0
DA:110,0
DA:114,0
DA:115,0
DA:118,0
DA:119,0
DA:120,0
DA:121,0
DA:132,0
DA:133,0
DA:144,0
DA:147,0
DA:148,0
DA:149,0
DA:152,0
DA:153,0
DA:154,0
DA:155,0
DA:156,0
DA:158,0
DA:159,0
DA:161,0
DA:162,0
DA:164,0
DA:168,0
DA:169,0
DA:170,0
DA:171,0
DA:172,0
DA:173,0
DA:175,0
DA:180,0
DA:181,0
DA:182,0
DA:185,0
DA:186,0
DA:187,0
DA:190,0
DA:191,0
DA:192,0
DA:193,0
DA:194,0
DA:196,0
DA:199,0
DA:201,0
DA:204,0
DA:205,0
DA:206,0
DA:207,0
DA:208,0
DA:211,0
DA:212,0
DA:215,0
DA:216,0
DA:225,0
DA:228,0
DA:235,0
DA:242,0
DA:302,0
DA:318,0
DA:335,0
DA:338,0
DA:362,0
DA:373,0
DA:380,0
DA:384,0
DA:385,0
DA:394,0
DA:399,0
DA:408,0
DA:415,0
DA:423,0
DA:432,0
LF:103
LH:0
BRDA:80,0,0,0
BRDA:80,0,1,0
BRDA:84,1,0,0
BRDA:84,1,1,0
BRDA:88,2,0,0
BRDA:88,2,1,0
BRDA:101,3,0,0
BRDA:101,3,1,0
BRDA:118,4,0,0
BRDA:119,5,0,0
BRDA:119,5,1,0
BRDA:123,6,0,0
BRDA:123,6,1,0
BRDA:124,7,0,0
BRDA:124,7,1,0
BRDA:125,8,0,0
BRDA:125,8,1,0
BRDA:126,9,0,0
BRDA:126,9,1,0
BRDA:127,10,0,0
BRDA:127,10,1,0
BRDA:128,11,0,0
BRDA:128,11,1,0
BRDA:154,12,0,0
BRDA:154,12,1,0
BRDA:164,13,0,0
BRDA:164,13,1,0
BRDA:169,14,0,0
BRDA:169,14,1,0
BRDA:191,15,0,0
BRDA:191,15,1,0
BRDA:192,16,0,0
BRDA:192,16,1,0
BRDA:193,17,0,0
BRDA:193,17,1,0
BRDA:194,18,0,0
BRDA:194,18,1,0
BRDA:225,19,0,0
BRDA:225,19,1,0
BRDA:241,20,0,0
BRDA:241,20,1,0
BRDA:310,21,0,0
BRDA:310,21,1,0
BRDA:325,22,0,0
BRDA:325,22,1,0
BRDA:330,23,0,0
BRDA:330,23,1,0
BRDA:333,24,0,0
BRDA:333,24,1,0
BRDA:356,25,0,0
BRDA:356,25,1,0
BRDA:439,26,0,0
BRDA:439,26,1,0
BRF:53
BRH:0
end_of_record
TN:
SF:src/components/ReportNotesManager.js
FN:41,(anonymous_0)
FN:72,(anonymous_1)
FN:81,(anonymous_2)
FN:120,(anonymous_3)
FN:124,(anonymous_4)
FN:128,(anonymous_5)
FN:155,(anonymous_6)
FN:169,(anonymous_7)
FN:203,(anonymous_8)
FN:218,(anonymous_9)
FN:249,(anonymous_10)
FN:258,(anonymous_11)
FN:268,(anonymous_12)
FN:290,(anonymous_13)
FN:294,(anonymous_14)
FN:298,(anonymous_15)
FN:314,(anonymous_16)
FN:347,(anonymous_17)
FN:350,(anonymous_18)
FN:387,(anonymous_19)
FN:389,(anonymous_20)
FN:401,(anonymous_21)
FN:411,(anonymous_22)
FN:418,(anonymous_23)
FN:429,(anonymous_24)
FN:439,(anonymous_25)
FN:450,(anonymous_26)
FN:453,(anonymous_27)
FN:466,(anonymous_28)
FNF:29
FNH:0
FNDA:0,(anonymous_0)
FNDA:0,(anonymous_1)
FNDA:0,(anonymous_2)
FNDA:0,(anonymous_3)
FNDA:0,(anonymous_4)
FNDA:0,(anonymous_5)
FNDA:0,(anonymous_6)
FNDA:0,(anonymous_7)
FNDA:0,(anonymous_8)
FNDA:0,(anonymous_9)
FNDA:0,(anonymous_10)
FNDA:0,(anonymous_11)
FNDA:0,(anonymous_12)
FNDA:0,(anonymous_13)
FNDA:0,(anonymous_14)
FNDA:0,(anonymous_15)
FNDA:0,(anonymous_16)
FNDA:0,(anonymous_17)
FNDA:0,(anonymous_18)
FNDA:0,(anonymous_19)
FNDA:0,(anonymous_20)
FNDA:0,(anonymous_21)
FNDA:0,(anonymous_22)
FNDA:0,(anonymous_23)
FNDA:0,(anonymous_24)
FNDA:0,(anonymous_25)
FNDA:0,(anonymous_26)
FNDA:0,(anonymous_27)
FNDA:0,(anonymous_28)
DA:34,0
DA:41,0
DA:42,0
DA:43,0
DA:44,0
DA:45,0
DA:46,0
DA:49,0
DA:50,0
DA:51,0
DA:54,0
DA:55,0
DA:60,0
DA:70,0
DA:72,0
DA:73,0
DA:74,0
DA:75,0
DA:77,0
DA:81,0
DA:82,0
DA:83,0
DA:84,0
DA:89,0
DA:90,0
DA:93,0
DA:94,0
DA:97,0
DA:98,0
DA:101,0
DA:102,0
DA:103,0
DA:105,0
DA:106,0
DA:107,0
DA:108,0
DA:110,0
DA:113,0
DA:114,0
DA:116,0
DA:120,0
DA:121,0
DA:124,0
DA:125,0
DA:128,0
DA:129,0
DA:130,0
DA:131,0
DA:141,0
DA:142,0
DA:152,0
DA:155,0
DA:156,0
DA:157,0
DA:158,0
DA:169,0
DA:170,0
DA:171,0
DA:174,0
DA:175,0
DA:177,0
DA:178,0
DA:180,0
DA:181,0
DA:183,0
DA:184,0
DA:187,0
DA:188,0
DA:189,0
DA:191,0
DA:192,0
DA:195,0
DA:196,0
DA:198,0
DA:199,0
DA:203,0
DA:204,0
DA:205,0
DA:208,0
DA:209,0
DA:210,0
DA:211,0
DA:213,0
DA:214,0
DA:218,0
DA:219,0
DA:228,0
DA:249,0
DA:258,0
DA:269,0
DA:270,0
DA:290,0
DA:295,0
DA:296,0
DA:299,0
DA:300,0
DA:301,0
DA:315,0
DA:347,0
DA:350,0
DA:387,0
DA:390,0
DA:401,0
DA:411,0
DA:418,0
DA:429,0
DA:439,0
DA:450,0
DA:454,0
DA:466,0
LF:110
LH:0
BRDA:75,0,0,0
BRDA:75,0,1,0
BRDA:89,1,0,0
BRDA:89,1,1,0
BRDA:93,2,0,0
BRDA:93,2,1,0
BRDA:97,3,0,0
BRDA:97,3,1,0
BRDA:102,4,0,0
BRDA:102,4,1,0
BRDA:103,5,0,0
BRDA:103,5,1,0
BRDA:105,6,0,0
BRDA:105,6,1,0
BRDA:106,7,0,0
BRDA:106,7,1,0
BRDA:107,8,0,0
BRDA:107,8,1,0
BRDA:128,9,0,0
BRDA:129,10,0,0
BRDA:129,10,1,0
BRDA:137,11,0,0
BRDA:137,11,1,0
BRDA:174,12,0,0
BRDA:174,12,1,0
BRDA:177,13,0,0
BRDA:177,13,1,0
BRDA:180,14,0,0
BRDA:180,14,1,0
BRDA:180,15,0,0
BRDA:180,15,1,0
BRDA:183,16,0,0
BRDA:183,16,1,0
BRDA:187,17,0,0
BRDA:187,17,1,0
BRDA:199,18,0,0
BRDA:199,18,1,0
BRDA:204,19,0,0
BRDA:204,19,1,0
BRDA:255,20,0,0
BRDA:255,20,1,0
BRDA:277,21,0,0
BRDA:277,21,1,0
BRDA:286,22,0,0
BRDA:286,22,1,0
BRDA:290,23,0,0
BRDA:290,23,1,0
BRDA:307,24,0,0
BRDA:307,24,1,0
BRDA:323,25,0,0
BRDA:323,25,1,0
BRDA:328,26,0,0
BRDA:328,26,1,0
BRDA:355,27,0,0
BRDA:355,27,1,0
BRDA:360,28,0,0
BRDA:360,28,1,0
BRDA:360,28,2,0
BRDA:378,29,0,0
BRDA:378,29,1,0
BRDA:405,30,0,0
BRDA:405,30,1,0
BRDA:410,31,0,0
BRDA:410,31,1,0
BRDA:417,32,0,0
BRDA:417,32,1,0
BRDA:424,33,0,0
BRDA:424,33,1,0
BRDA:428,34,0,0
BRDA:428,34,1,0
BRDA:434,35,0,0
BRDA:434,35,1,0
BRDA:434,35,2,0
BRDA:438,36,0,0
BRDA:438,36,1,0
BRDA:448,37,0,0
BRDA:448,37,1,0
BRDA:450,38,0,0
BRDA:450,38,1,0
BRDA:453,39,0,0
BRDA:453,39,1,0
BRF:81
BRH:0
end_of_record
TN:
SF:src/components/ReportViewer.js
FN:41,(anonymous_0)
FN:58,(anonymous_1)
FN:64,(anonymous_2)
FN:77,(anonymous_3)
FN:119,(anonymous_4)
FN:127,(anonymous_5)
FN:181,(anonymous_6)
FN:221,(anonymous_7)
FN:223,(anonymous_8)
FN:235,(anonymous_9)
FN:259,(anonymous_10)
FN:264,(anonymous_11)
FN:282,(anonymous_12)
FN:307,(anonymous_13)
FN:327,(anonymous_14)
FN:329,(anonymous_15)
FN:329,(anonymous_16)
FN:341,(anonymous_17)
FN:343,(anonymous_18)
FN:343,(anonymous_19)
FN:360,(anonymous_20)
FN:362,(anonymous_21)
FN:362,(anonymous_22)
FN:374,(anonymous_23)
FN:376,(anonymous_24)
FN:376,(anonymous_25)
FN:392,(anonymous_26)
FN:394,(anonymous_27)
FN:394,(anonymous_28)
FN:409,(anonymous_29)
FN:411,(anonymous_30)
FN:447,(anonymous_31)
FN:480,(anonymous_32)
FN:490,(anonymous_33)
FN:511,(anonymous_34)
FN:556,(anonymous_35)
FN:583,(anonymous_36)
FN:612,(anonymous_37)
FNF:38
FNH:0
FNDA:0,(anonymous_0)
FNDA:0,(anonymous_1)
FNDA:0,(anonymous_2)
FNDA:0,(anonymous_3)
FNDA:0,(anonymous_4)
FNDA:0,(anonymous_5)
FNDA:0,(anonymous_6)
FNDA:0,(anonymous_7)
FNDA:0,(anonymous_8)
FNDA:0,(anonymous_9)
FNDA:0,(anonymous_10)
FNDA:0,(anonymous_11)
FNDA:0,(anonymous_12)
FNDA:0,(anonymous_13)
FNDA:0,(anonymous_14)
FNDA:0,(anonymous_15)
FNDA:0,(anonymous_16)
FNDA:0,(anonymous_17)
FNDA:0,(anonymous_18)
FNDA:0,(anonymous_19)
FNDA:0,(anonymous_20)
FNDA:0,(anonymous_21)
FNDA:0,(anonymous_22)
FNDA:0,(anonymous_23)
FNDA:0,(anonymous_24)
FNDA:0,(anonymous_25)
FNDA:0,(anonymous_26)
FNDA:0,(anonymous_27)
FNDA:0,(anonymous_28)
FNDA:0,(anonymous_29)
FNDA:0,(anonymous_30)
FNDA:0,(anonymous_31)
FNDA:0,(anonymous_32)
FNDA:0,(anonymous_33)
FNDA:0,(anonymous_34)
FNDA:0,(anonymous_35)
FNDA:0,(anonymous_36)
FNDA:0,(anonymous_37)
DA:34,0
DA:41,0
DA:42,0
DA:43,0
DA:44,0
DA:47,0
DA:48,0
DA:49,0
DA:50,0
DA:51,0
DA:52,0
DA:55,0
DA:56,0
DA:58,0
DA:59,0
DA:60,0
DA:64,0
DA:65,0
DA:66,0
DA:67,0
DA:68,0
DA:69,0
DA:70,0
DA:73,0
DA:77,0
DA:78,0
DA:79,0
DA:80,0
DA:81,0
DA:84,0
DA:85,0
DA:87,0
DA:88,0
DA:93,0
DA:94,0
DA:95,0
DA:96,0
DA:97,0
DA:98,0
DA:99,0
DA:103,0
DA:104,0
DA:106,0
DA:107,0
DA:110,0
DA:112,0
DA:113,0
DA:115,0
DA:119,0
DA:120,0
DA:121,0
DA:123,0
DA:127,0
DA:128,0
DA:129,0
DA:130,0
DA:133,0
DA:134,0
DA:139,0
DA:140,0
DA:141,0
DA:142,0
DA:143,0
DA:144,0
DA:145,0
DA:149,0
DA:150,0
DA:152,0
DA:153,0
DA:157,0
DA:158,0
DA:159,0
DA:160,0
DA:161,0
DA:162,0
DA:163,0
DA:164,0
DA:165,0
DA:166,0
DA:168,0
DA:169,0
DA:173,0
DA:174,0
DA:181,0
DA:183,0
DA:221,0
DA:224,0
DA:237,0
DA:238,0
DA:240,0
DA:241,0
DA:262,0
DA:266,0
DA:267,0
DA:286,0
DA:287,0
DA:289,0
DA:290,0
DA:310,0
DA:311,0
DA:312,0
DA:327,0
DA:329,0
DA:330,0
DA:341,0
DA:343,0
DA:344,0
DA:360,0
DA:362,0
DA:363,0
DA:374,0
DA:376,0
DA:377,0
DA:392,0
DA:394,0
DA:395,0
DA:409,0
DA:412,0
DA:448,0
DA:481,0
DA:490,0
DA:512,0
DA:557,0
DA:584,0
DA:613,0
LF:125
LH:0
BRDA:41,0,0,0
BRDA:59,1,0,0
BRDA:59,1,1,0
BRDA:67,2,0,0
BRDA:67,2,1,0
BRDA:68,3,0,0
BRDA:68,3,1,0
BRDA:68,4,0,0
BRDA:68,4,1,0
BRDA:69,5,0,0
BRDA:69,5,1,0
BRDA:78,6,0,0
BRDA:78,6,1,0
BRDA:78,7,0,0
BRDA:78,7,1,0
BRDA:93,8,0,0
BRDA:93,8,1,0
BRDA:96,9,0,0
BRDA:96,9,1,0
BRDA:98,10,0,0
BRDA:98,10,1,0
BRDA:103,11,0,0
BRDA:103,11,1,0
BRDA:113,12,0,0
BRDA:113,12,1,0
BRDA:120,13,0,0
BRDA:120,13,1,0
BRDA:120,14,0,0
BRDA:120,14,1,0
BRDA:128,15,0,0
BRDA:128,15,1,0
BRDA:128,16,0,0
BRDA:128,16,1,0
BRDA:139,17,0,0
BRDA:139,17,1,0
BRDA:142,18,0,0
BRDA:142,18,1,0
BRDA:144,19,0,0
BRDA:144,19,1,0
BRDA:149,20,0,0
BRDA:149,20,1,0
BRDA:173,21,0,0
BRDA:173,21,1,0
BRDA:173,22,0,0
BRDA:173,22,1,0
BRDA:195,23,0,0
BRDA:195,23,1,0
BRDA:198,24,0,0
BRDA:198,24,1,0
BRDA:207,25,0,0
BRDA:207,25,1,0
BRDA:231,26,0,0
BRDA:231,26,1,0
BRDA:238,27,0,0
BRDA:238,27,1,0
BRDA:287,28,0,0
BRDA:287,28,1,0
BRDA:320,29,0,0
BRDA:320,29,1,0
BRDA:353,30,0,0
BRDA:353,30,1,0
BRDA:386,31,0,0
BRDA:386,31,1,0
BRDA:403,32,0,0
BRDA:403,32,1,0
BRDA:407,33,0,0
BRDA:407,33,1,0
BRDA:422,34,0,0
BRDA:422,34,1,0
BRDA:428,35,0,0
BRDA:428,35,1,0
BRDA:428,35,2,0
BRDA:441,36,0,0
BRDA:441,36,1,0
BRDA:441,36,2,0
BRDA:448,37,0,0
BRDA:448,37,1,0
BRDA:455,38,0,0
BRDA:455,38,1,0
BRDA:457,39,0,0
BRDA:457,39,1,0
BRDA:466,40,0,0
BRDA:466,40,1,0
BRDA:474,41,0,0
BRDA:474,41,1,0
BRDA:474,41,2,0
BRDA:481,42,0,0
BRDA:481,42,1,0
BRDA:489,43,0,0
BRDA:489,43,1,0
BRDA:489,43,2,0
BRDA:490,44,0,0
BRDA:490,44,1,0
BRDA:497,45,0,0
BRDA:497,45,1,0
BRDA:505,46,0,0
BRDA:505,46,1,0
BRDA:505,46,2,0
BRDA:512,47,0,0
BRDA:512,47,1,0
BRDA:521,48,0,0
BRDA:521,48,1,0
BRDA:530,49,0,0
BRDA:530,49,1,0
BRDA:538,50,0,0
BRDA:538,50,1,0
BRDA:538,50,2,0
BRDA:547,51,0,0
BRDA:547,51,1,0
BRDA:558,52,0,0
BRDA:558,52,1,0
BRDA:560,53,0,0
BRDA:560,53,1,0
BRDA:560,53,2,0
BRDA:564,54,0,0
BRDA:564,54,1,0
BRDA:565,55,0,0
BRDA:565,55,1,0
BRDA:566,56,0,0
BRDA:566,56,1,0
BRDA:567,57,0,0
BRDA:567,57,1,0
BRDA:577,58,0,0
BRDA:577,58,1,0
BRDA:577,58,2,0
BRDA:584,59,0,0
BRDA:584,59,1,0
BRDA:589,60,0,0
BRDA:589,60,1,0
BRDA:598,61,0,0
BRDA:598,61,1,0
BRDA:606,62,0,0
BRDA:606,62,1,0
BRDA:606,62,2,0
BRDA:613,63,0,0
BRDA:613,63,1,0
BRDA:627,64,0,0
BRDA:627,64,1,0
BRF:138
BRH:0
end_of_record
TN:
SF:src/components/Reports.js
FN:18,(anonymous_0)
FN:23,(anonymous_1)
FN:108,(anonymous_2)
FNF:3
FNH:0
FNDA:0,(anonymous_0)
FNDA:0,(anonymous_1)
FNDA:0,(anonymous_2)
DA:18,0
DA:19,0
DA:20,0
DA:21,0
DA:23,0
DA:24,0
DA:27,0
DA:30,0
DA:37,0
DA:38,0
DA:46,0
DA:47,0
DA:55,0
DA:61,0
DA:109,0
LF:15
LH:0
BRDA:37,0,0,0
BRDA:37,0,1,0
BRDA:46,1,0,0
BRDA:46,1,1,0
BRDA:71,2,0,0
BRDA:71,2,1,0
BRDA:83,3,0,0
BRDA:83,3,1,0
BRDA:92,4,0,0
BRDA:92,4,1,0
BRDA:99,5,0,0
BRDA:99,5,1,0
BRDA:103,6,0,0
BRDA:103,6,1,0
BRF:14
BRH:0
end_of_record
TN:
SF:src/components/SavedReportsList.js
FN:39,(anonymous_0)
FN:56,(anonymous_1)
FN:83,(anonymous_2)
FN:87,(anonymous_3)
FN:112,(anonymous_4)
FN:148,(anonymous_5)
FN:151,(anonymous_6)
FN:164,(anonymous_7)
FN:167,(anonymous_8)
FN:194,(anonymous_9)
FN:206,(anonymous_10)
FN:219,(anonymous_11)
FNF:12
FNH:0
FNDA:0,(anonymous_0)
FNDA:0,(anonymous_1)
FNDA:0,(anonymous_2)
FNDA:0,(anonymous_3)
FNDA:0,(anonymous_4)
FNDA:0,(anonymous_5)
FNDA:0,(anonymous_6)
FNDA:0,(anonymous_7)
FNDA:0,(anonymous_8)
FNDA:0,(anonymous_9)
FNDA:0,(anonymous_10)
FNDA:0,(anonymous_11)
DA:28,0
DA:33,0
DA:39,0
DA:40,0
DA:41,0
DA:42,0
DA:45,0
DA:46,0
DA:47,0
DA:50,0
DA:51,0
DA:56,0
DA:57,0
DA:58,0
DA:59,0
DA:64,0
DA:65,0
DA:68,0
DA:69,0
DA:72,0
DA:73,0
DA:74,0
DA:75,0
DA:77,0
DA:79,0
DA:83,0
DA:84,0
DA:87,0
DA:88,0
DA:89,0
DA:90,0
DA:91,0
DA:92,0
DA:93,0
DA:94,0
DA:101,0
DA:102,0
DA:103,0
DA:104,0
DA:105,0
DA:107,0
DA:108,0
DA:112,0
DA:113,0
DA:122,0
DA:148,0
DA:152,0
DA:164,0
DA:168,0
DA:195,0
DA:206,0
DA:219,0
LF:52
LH:0
BRDA:64,0,0,0
BRDA:64,0,1,0
BRDA:68,1,0,0
BRDA:68,1,1,0
BRDA:73,2,0,0
BRDA:73,2,1,0
BRDA:75,3,0,0
BRDA:75,3,1,0
BRDA:142,4,0,0
BRDA:142,4,1,0
BRDA:146,5,0,0
BRDA:146,5,1,0
BRDA:162,6,0,0
BRDA:162,6,1,0
BRDA:176,7,0,0
BRDA:176,7,1,0
BRDA:185,8,0,0
BRDA:185,8,1,0
BRDA:188,9,0,0
BRDA:188,9,1,0
BRDA:196,10,0,0
BRDA:196,10,1,0
BRDA:199,11,0,0
BRDA:199,11,1,0
BRDA:200,12,0,0
BRDA:200,12,1,0
BRDA:206,13,0,0
BRDA:206,13,1,0
BRDA:209,14,0,0
BRDA:209,14,1,0
BRDA:211,15,0,0
BRDA:211,15,1,0
BRDA:212,16,0,0
BRDA:212,16,1,0
BRDA:213,17,0,0
BRDA:213,17,1,0
BRDA:231,18,0,0
BRDA:231,18,1,0
BRDA:231,18,2,0
BRF:39
BRH:0
end_of_record
TN:
SF:src/components/SessionDetailsDialog.js
FN:22,(anonymous_0)
FN:32,(anonymous_1)
FNF:2
FNH:1
FNDA:2,(anonymous_0)
FNDA:0,(anonymous_1)
DA:22,1
DA:23,2
DA:24,2
DA:25,2
DA:26,2
DA:28,2
DA:29,2
DA:32,0
DA:33,0
DA:34,0
DA:37,0
DA:38,0
DA:40,0
DA:41,0
DA:42,0
DA:43,0
DA:45,0
DA:47,0
DA:48,0
DA:50,0
DA:54,0
LF:21
LH:7
BRDA:22,0,0,0
BRDA:28,1,0,2
BRDA:28,1,1,0
BRDA:33,2,0,0
BRDA:33,2,1,0
BRDA:42,3,0,0
BRDA:42,3,1,0
BRDA:48,4,0,0
BRDA:48,4,1,0
BRDA:62,5,0,0
BRDA:62,5,1,0
BRDA:63,6,0,0
BRDA:63,6,1,0
BRDA:79,7,0,0
BRDA:79,7,1,0
BRDA:92,8,0,0
BRDA:92,8,1,0
BRDA:102,9,0,0
BRDA:102,9,1,0
BRDA:112,10,0,0
BRDA:112,10,1,0
BRDA:116,11,0,0
BRDA:116,11,1,0
BRDA:116,11,2,0
BRDA:145,12,0,0
BRDA:145,12,1,0
BRDA:156,13,0,0
BRDA:156,13,1,0
BRDA:168,14,0,0
BRDA:168,14,1,0
BRDA:182,15,0,0
BRDA:182,15,1,0
BRDA:182,15,2,0
BRDA:190,16,0,0
BRDA:190,16,1,0
BRF:35
BRH:1
end_of_record
TN:
SF:src/components/SessionList.js
FN:26,(anonymous_0)
FN:37,(anonymous_1)
FN:60,(anonymous_2)
FN:75,(anonymous_3)
FN:94,(anonymous_4)
FN:99,(anonymous_5)
FN:109,(anonymous_6)
FN:162,(anonymous_7)
FN:188,(anonymous_8)
FN:256,(anonymous_9)
FN:279,(anonymous_10)
FN:284,(anonymous_11)
FNF:12
FNH:5
FNDA:5,(anonymous_0)
FNDA:3,(anonymous_1)
FNDA:3,(anonymous_2)
FNDA:0,(anonymous_3)
FNDA:0,(anonymous_4)
FNDA:4,(anonymous_5)
FNDA:0,(anonymous_6)
FNDA:4,(anonymous_7)
FNDA:0,(anonymous_8)
FNDA:0,(anonymous_9)
FNDA:0,(anonymous_10)
FNDA:0,(anonymous_11)
DA:26,1
DA:27,5
DA:28,5
DA:29,5
DA:30,5
DA:31,5
DA:32,5
DA:33,5
DA:34,5
DA:35,5
DA:37,5
DA:38,3
DA:39,3
DA:40,3
DA:43,3
DA:44,0
DA:46,3
DA:50,3
DA:51,3
DA:53,0
DA:54,0
DA:56,3
DA:60,5
DA:62,3
DA:63,3
DA:64,3
DA:65,0
DA:66,0
DA:69,0
DA:72,3
DA:75,5
DA:76,0
DA:78,0
DA:79,0
DA:82,0
DA:83,0
DA:84,0
DA:85,0
DA:86,0
DA:89,0
DA:90,0
DA:94,5
DA:95,0
DA:96,0
DA:99,5
DA:101,4
DA:102,0
DA:107,4
DA:109,0
DA:110,0
DA:112,0
DA:113,0
DA:116,0
DA:117,0
DA:118,0
DA:123,4
DA:126,5
DA:127,3
DA:134,2
DA:135,0
DA:142,2
DA:143,0
DA:159,2
DA:163,4
DA:164,4
DA:167,4
DA:168,4
DA:170,4
DA:188,0
DA:256,0
DA:280,0
DA:281,0
DA:285,0
DA:286,0
DA:287,0
DA:288,0
DA:289,0
LF:77
LH:40
BRDA:26,0,0,5
BRDA:26,1,0,5
BRDA:43,2,0,0
BRDA:43,2,1,3
BRDA:43,3,0,3
BRDA:43,3,1,0
BRDA:50,4,0,3
BRDA:50,4,1,0
BRDA:51,5,0,3
BRDA:51,5,1,0
BRDA:64,6,0,0
BRDA:64,6,1,3
BRDA:78,7,0,0
BRDA:78,7,1,0
BRDA:85,8,0,0
BRDA:85,8,1,0
BRDA:90,9,0,0
BRDA:90,9,1,0
BRDA:101,10,0,0
BRDA:101,10,1,4
BRDA:101,11,0,4
BRDA:101,11,1,0
BRDA:107,12,0,0
BRDA:107,12,1,4
BRDA:107,13,0,4
BRDA:107,13,1,0
BRDA:110,14,0,0
BRDA:110,14,1,0
BRDA:112,15,0,0
BRDA:112,15,1,0
BRDA:126,16,0,3
BRDA:126,16,1,2
BRDA:134,17,0,0
BRDA:134,17,1,2
BRDA:142,18,0,0
BRDA:142,18,1,2
BRDA:148,19,0,0
BRDA:148,19,1,0
BRDA:149,20,0,0
BRDA:149,20,1,0
BRDA:180,21,0,0
BRDA:180,21,1,4
BRDA:181,22,0,0
BRDA:181,22,1,4
BRDA:184,23,0,0
BRDA:184,23,1,4
BRDA:194,24,0,0
BRDA:194,24,1,4
BRDA:196,25,0,0
BRDA:196,25,1,4
BRDA:206,26,0,0
BRDA:206,26,1,4
BRDA:208,27,0,0
BRDA:208,27,1,4
BRDA:222,28,0,4
BRDA:222,28,1,2
BRDA:224,29,0,4
BRDA:224,29,1,0
BRDA:259,30,0,0
BRDA:259,30,1,4
BRDA:288,31,0,0
BRDA:288,31,1,0
BRF:62
BRH:26
end_of_record
TN:
SF:src/components/Settings.js
FN:21,(anonymous_0)
FN:35,(anonymous_1)
FN:39,(anonymous_2)
FN:50,(anonymous_3)
FN:74,(anonymous_4)
FN:91,(anonymous_5)
FN:121,(anonymous_6)
FN:129,(anonymous_7)
FN:138,(anonymous_8)
FN:147,(anonymous_9)
FN:156,(anonymous_10)
FN:167,(anonymous_11)
FNF:12
FNH:0
FNDA:0,(anonymous_0)
FNDA:0,(anonymous_1)
FNDA:0,(anonymous_2)
FNDA:0,(anonymous_3)
FNDA:0,(anonymous_4)
FNDA:0,(anonymous_5)
FNDA:0,(anonymous_6)
FNDA:0,(anonymous_7)
FNDA:0,(anonymous_8)
FNDA:0,(anonymous_9)
FNDA:0,(anonymous_10)
FNDA:0,(anonymous_11)
DA:21,0
DA:22,0
DA:23,0
DA:31,0
DA:32,0
DA:33,0
DA:35,0
DA:36,0
DA:39,0
DA:40,0
DA:41,0
DA:42,0
DA:44,0
DA:46,0
DA:50,0
DA:51,0
DA:52,0
DA:53,0
DA:54,0
DA:55,0
DA:57,0
DA:59,0
DA:63,0
DA:64,0
DA:67,0
DA:74,0
DA:91,0
DA:121,0
DA:129,0
DA:138,0
DA:147,0
DA:156,0
DA:167,0
LF:33
LH:0
BRDA:57,0,0,0
BRDA:57,0,1,0
BRDA:63,1,0,0
BRDA:63,1,1,0
BRDA:73,2,0,0
BRDA:73,2,1,0
BRDA:99,3,0,0
BRDA:99,3,1,0
BRDA:101,4,0,0
BRDA:101,4,1,0
BRDA:138,5,0,0
BRDA:138,5,1,0
BRDA:147,6,0,0
BRDA:147,6,1,0
BRDA:179,7,0,0
BRDA:179,7,1,0
BRF:16
BRH:0
end_of_record
TN:
SF:src/components/Sidebar.js
FN:40,(anonymous_0)
FN:76,(anonymous_1)
FN:275,(anonymous_2)
FN:279,(anonymous_3)
FNF:4
FNH:0
FNDA:0,(anonymous_0)
FNDA:0,(anonymous_1)
FNDA:0,(anonymous_2)
FNDA:0,(anonymous_3)
DA:37,0
DA:38,0
DA:40,0
DA:41,0
DA:42,0
DA:43,0
DA:46,0
DA:76,0
DA:77,0
DA:78,0
DA:79,0
DA:84,0
DA:276,0
DA:278,0
DA:279,0
DA:355,0
DA:464,0
LF:17
LH:0
BRDA:46,0,0,0
BRDA:46,0,1,0
BRDA:78,1,0,0
BRDA:78,1,1,0
BRDA:88,2,0,0
BRDA:88,2,1,0
BRDA:89,3,0,0
BRDA:89,3,1,0
BRDA:99,4,0,0
BRDA:99,4,1,0
BRDA:106,5,0,0
BRDA:106,5,1,0
BRDA:116,6,0,0
BRDA:116,6,1,0
BRDA:125,7,0,0
BRDA:125,7,1,0
BRDA:131,8,0,0
BRDA:131,8,1,0
BRDA:140,9,0,0
BRDA:140,9,1,0
BRDA:150,10,0,0
BRDA:150,10,1,0
BRDA:152,11,0,0
BRDA:152,11,1,0
BRDA:153,12,0,0
BRDA:153,12,1,0
BRDA:157,13,0,0
BRDA:157,13,1,0
BRDA:171,14,0,0
BRDA:171,14,1,0
BRDA:173,15,0,0
BRDA:173,15,1,0
BRDA:184,16,0,0
BRDA:184,16,1,0
BRDA:195,17,0,0
BRDA:195,17,1,0
BRDA:196,18,0,0
BRDA:196,18,1,0
BRDA:200,19,0,0
BRDA:200,19,1,0
BRDA:203,20,0,0
BRDA:203,20,1,0
BRDA:214,21,0,0
BRDA:214,21,1,0
BRDA:216,22,0,0
BRDA:216,22,1,0
BRDA:217,23,0,0
BRDA:217,23,1,0
BRDA:224,24,0,0
BRDA:224,24,1,0
BRDA:230,25,0,0
BRDA:230,25,1,0
BRDA:230,25,2,0
BRDA:232,26,0,0
BRDA:232,26,1,0
BRDA:238,27,0,0
BRDA:238,27,1,0
BRDA:246,28,0,0
BRDA:246,28,1,0
BRDA:251,29,0,0
BRDA:251,29,1,0
BRDA:259,30,0,0
BRDA:259,30,1,0
BRDA:259,31,0,0
BRDA:259,31,1,0
BRDA:284,32,0,0
BRDA:284,32,1,0
BRDA:293,33,0,0
BRDA:293,33,1,0
BRDA:296,34,0,0
BRDA:296,34,1,0
BRDA:299,35,0,0
BRDA:299,35,1,0
BRDA:300,36,0,0
BRDA:300,36,1,0
BRDA:304,37,0,0
BRDA:304,37,1,0
BRDA:307,38,0,0
BRDA:307,38,1,0
BRDA:312,39,0,0
BRDA:312,39,1,0
BRDA:316,40,0,0
BRDA:316,40,1,0
BRDA:318,41,0,0
BRDA:318,41,1,0
BRDA:319,42,0,0
BRDA:319,42,1,0
BRDA:321,43,0,0
BRDA:321,43,1,0
BRDA:327,44,0,0
BRDA:327,44,1,0
BRDA:328,45,0,0
BRDA:328,45,1,0
BRDA:329,46,0,0
BRDA:329,46,1,0
BRDA:330,47,0,0
BRDA:330,47,1,0
BRDA:340,48,0,0
BRDA:340,48,1,0
BRDA:344,49,0,0
BRDA:344,49,1,0
BRDA:346,50,0,0
BRDA:346,50,1,0
BRDA:347,51,0,0
BRDA:347,51,1,0
BRDA:348,52,0,0
BRDA:348,52,1,0
BRDA:366,53,0,0
BRDA:366,53,1,0
BRDA:386,54,0,0
BRDA:386,54,1,0
BRDA:397,55,0,0
BRDA:397,55,1,0
BRDA:402,56,0,0
BRDA:402,56,1,0
BRDA:413,57,0,0
BRDA:413,57,1,0
BRDA:439,58,0,0
BRDA:439,58,1,0
BRDA:466,59,0,0
BRDA:466,59,1,0
BRDA:478,60,0,0
BRDA:478,60,1,0
BRDA:481,61,0,0
BRDA:481,61,1,0
BRDA:483,62,0,0
BRDA:483,62,1,0
BRDA:495,63,0,0
BRDA:495,63,1,0
BRDA:506,64,0,0
BRDA:506,64,1,0
BRDA:510,65,0,0
BRDA:510,65,1,0
BRDA:512,66,0,0
BRDA:512,66,1,0
BRDA:514,67,0,0
BRDA:514,67,1,0
BRDA:524,68,0,0
BRDA:524,68,1,0
BRF:139
BRH:0
end_of_record
TN:
SF:src/components/SortableTableHeader.js
FN:7,(anonymous_0)
FN:17,(anonymous_1)
FN:44,(anonymous_2)
FNF:3
FNH:0
FNDA:0,(anonymous_0)
FNDA:0,(anonymous_1)
FNDA:0,(anonymous_2)
DA:7,0
DA:14,0
DA:15,0
DA:17,0
DA:18,0
DA:20,0
DA:23,0
DA:27,0
DA:45,0
DA:46,0
LF:10
LH:0
BRDA:12,0,0,0
BRDA:14,1,0,0
BRDA:14,1,1,0
BRDA:14,1,2,0
BRDA:15,2,0,0
BRDA:15,2,1,0
BRDA:15,3,0,0
BRDA:15,3,1,0
BRDA:18,4,0,0
BRDA:18,4,1,0
BRDA:20,5,0,0
BRDA:20,5,1,0
BRDA:33,6,0,0
BRDA:33,6,1,0
BRDA:37,7,0,0
BRDA:37,7,1,0
BRDA:50,8,0,0
BRDA:50,8,1,0
BRDA:53,9,0,0
BRDA:53,9,1,0
BRDA:54,10,0,0
BRDA:54,10,1,0
BRF:22
BRH:0
end_of_record
TN:
SF:src/components/Statistics.js
FN:14,(anonymous_0)
FN:20,(anonymous_1)
FN:24,(anonymous_2)
FN:43,(anonymous_3)
FN:213,(anonymous_4)
FNF:5
FNH:0
FNDA:0,(anonymous_0)
FNDA:0,(anonymous_1)
FNDA:0,(anonymous_2)
FNDA:0,(anonymous_3)
FNDA:0,(anonymous_4)
DA:14,0
DA:15,0
DA:16,0
DA:17,0
DA:18,0
DA:20,0
DA:21,0
DA:24,0
DA:25,0
DA:26,0
DA:27,0
DA:29,0
DA:31,0
DA:35,0
DA:36,0
DA:39,0
DA:40,0
DA:43,0
DA:45,0
DA:114,0
DA:214,0
LF:21
LH:0
BRDA:35,0,0,0
BRDA:35,0,1,0
BRDA:39,1,0,0
BRDA:39,1,1,0
BRDA:51,2,0,0
BRDA:51,2,1,0
BRDA:53,3,0,0
BRDA:53,3,1,0
BRDA:57,4,0,0
BRDA:57,4,1,0
BRDA:58,5,0,0
BRDA:58,5,1,0
BRDA:76,6,0,0
BRDA:76,6,1,0
BRDA:88,7,0,0
BRDA:88,7,1,0
BRDA:89,8,0,0
BRDA:89,8,1,0
BRDA:96,9,0,0
BRDA:96,9,1,0
BRDA:100,10,0,0
BRDA:100,10,1,0
BRDA:122,11,0,0
BRDA:122,11,1,0
BRDA:133,12,0,0
BRDA:133,12,1,0
BRDA:134,13,0,0
BRDA:134,13,1,0
BRDA:140,14,0,0
BRDA:140,14,1,0
BRDA:146,15,0,0
BRDA:146,15,1,0
BRDA:147,16,0,0
BRDA:147,16,1,0
BRDA:153,17,0,0
BRDA:153,17,1,0
BRDA:154,18,0,0
BRDA:154,18,1,0
BRDA:160,19,0,0
BRDA:160,19,1,0
BRDA:161,20,0,0
BRDA:161,20,1,0
BRDA:167,21,0,0
BRDA:167,21,1,0
BRDA:168,22,0,0
BRDA:168,22,1,0
BRDA:174,23,0,0
BRDA:174,23,1,0
BRDA:180,24,0,0
BRDA:180,24,1,0
BRDA:185,25,0,0
BRDA:185,25,1,0
BRDA:191,26,0,0
BRDA:191,26,1,0
BRDA:194,27,0,0
BRDA:194,27,1,0
BRDA:197,28,0,0
BRDA:197,28,1,0
BRDA:207,29,0,0
BRDA:207,29,1,0
BRDA:218,30,0,0
BRDA:218,30,1,0
BRDA:219,31,0,0
BRDA:219,31,1,0
BRDA:223,32,0,0
BRDA:223,32,1,0
BRDA:224,33,0,0
BRDA:224,33,1,0
BRDA:233,34,0,0
BRDA:233,34,1,0
BRDA:243,35,0,0
BRDA:243,35,1,0
BRF:72
BRH:0
end_of_record
TN:
SF:src/components/SystemLogs.js
FN:20,(anonymous_0)
FN:35,(anonymous_1)
FN:39,(anonymous_2)
FN:51,(anonymous_3)
FN:56,(anonymous_4)
FN:62,(anonymous_5)
FN:73,(anonymous_6)
FN:95,(anonymous_7)
FN:103,(anonymous_8)
FN:112,(anonymous_9)
FN:127,(anonymous_10)
FN:132,(anonymous_11)
FN:137,(anonymous_12)
FN:151,(anonymous_13)
FN:158,(anonymous_14)
FN:224,(anonymous_15)
FNF:16
FNH:0
FNDA:0,(anonymous_0)
FNDA:0,(anonymous_1)
FNDA:0,(anonymous_2)
FNDA:0,(anonymous_3)
FNDA:0,(anonymous_4)
FNDA:0,(anonymous_5)
FNDA:0,(anonymous_6)
FNDA:0,(anonymous_7)
FNDA:0,(anonymous_8)
FNDA:0,(anonymous_9)
FNDA:0,(anonymous_10)
FNDA:0,(anonymous_11)
FNDA:0,(anonymous_12)
FNDA:0,(anonymous_13)
FNDA:0,(anonymous_14)
FNDA:0,(anonymous_15)
DA:20,0
DA:21,0
DA:22,0
DA:25,0
DA:26,0
DA:29,0
DA:30,0
DA:33,0
DA:35,0
DA:36,0
DA:39,0
DA:40,0
DA:41,0
DA:42,0
DA:44,0
DA:46,0
DA:51,0
DA:52,0
DA:55,0
DA:56,0
DA:60,0
DA:61,0
DA:62,0
DA:63,0
DA:69,0
DA:70,0
DA:71,0
DA:73,0
DA:74,0
DA:75,0
DA:77,0
DA:78,0
DA:79,0
DA:80,0
DA:81,0
DA:82,0
DA:85,0
DA:86,0
DA:87,0
DA:91,0
DA:95,0
DA:96,0
DA:97,0
DA:98,0
DA:101,0
DA:103,0
DA:104,0
DA:109,0
DA:112,0
DA:113,0
DA:118,0
DA:121,0
DA:127,0
DA:128,0
DA:129,0
DA:132,0
DA:133,0
DA:134,0
DA:137,0
DA:138,0
DA:139,0
DA:140,0
DA:141,0
DA:143,0
DA:146,0
DA:148,0
DA:151,0
DA:152,0
DA:153,0
DA:154,0
DA:155,0
DA:158,0
DA:159,0
DA:162,0
DA:163,0
DA:166,0
DA:225,0
LF:77
LH:0
BRDA:42,0,0,0
BRDA:42,0,1,0
BRDA:55,1,0,0
BRDA:55,1,1,0
BRDA:60,2,0,0
BRDA:60,2,1,0
BRDA:63,3,0,0
BRDA:63,3,1,0
BRDA:63,3,2,0
BRDA:63,3,3,0
BRDA:69,4,0,0
BRDA:69,4,1,0
BRDA:70,5,0,0
BRDA:70,5,1,0
BRDA:71,6,0,0
BRDA:71,6,1,0
BRDA:77,7,0,0
BRDA:77,7,1,0
BRDA:80,8,0,0
BRDA:80,8,1,0
BRDA:85,9,0,0
BRDA:85,9,1,0
BRDA:86,10,0,0
BRDA:86,10,1,0
BRDA:109,11,0,0
BRDA:109,11,1,0
BRDA:118,12,0,0
BRDA:118,12,1,0
BRDA:138,13,0,0
BRDA:138,13,1,0
BRDA:139,14,0,0
BRDA:139,14,1,0
BRDA:140,15,0,0
BRDA:140,15,1,0
BRDA:141,16,0,0
BRDA:141,16,1,0
BRDA:162,17,0,0
BRDA:162,17,1,0
BRDA:217,18,0,0
BRDA:217,18,1,0
BRF:40
BRH:0
end_of_record
TN:
SF:src/components/TableControls.js
FN:15,(anonymous_0)
FN:25,(anonymous_1)
FN:36,(anonymous_2)
FN:42,(anonymous_3)
FN:55,(anonymous_4)
FN:71,(anonymous_5)
FN:75,(anonymous_6)
FN:79,(anonymous_7)
FN:80,(anonymous_8)
FN:91,(anonymous_9)
FNF:10
FNH:0
FNDA:0,(anonymous_0)
FNDA:0,(anonymous_1)
FNDA:0,(anonymous_2)
FNDA:0,(anonymous_3)
FNDA:0,(anonymous_4)
FNDA:0,(anonymous_5)
FNDA:0,(anonymous_6)
FNDA:0,(anonymous_7)
FNDA:0,(anonymous_8)
FNDA:0,(anonymous_9)
DA:15,0
DA:24,0
DA:25,0
DA:27,0
DA:36,0
DA:42,0
DA:55,0
DA:71,0
DA:76,0
DA:79,0
DA:80,0
DA:91,0
LF:12
LH:0
BRDA:16,0,0,0
BRDA:18,1,0,0
BRDA:19,2,0,0
BRDA:22,3,0,0
BRDA:39,4,0,0
BRDA:39,4,1,0
BRDA:56,5,0,0
BRDA:56,5,1,0
BRDA:66,6,0,0
BRDA:66,6,1,0
BRDA:66,6,2,0
BRDA:68,7,0,0
BRDA:68,7,1,0
BRDA:76,8,0,0
BRDA:76,8,1,0
BRDA:79,9,0,0
BRDA:79,9,1,0
BRF:17
BRH:0
end_of_record
TN:
SF:src/components/TaskManager.js
FN:46,(anonymous_0)
FN:80,(anonymous_1)
FN:109,(anonymous_2)
FN:128,(anonymous_3)
FN:133,(anonymous_4)
FN:166,(anonymous_5)
FN:171,(anonymous_6)
FN:231,(anonymous_7)
FN:243,(anonymous_8)
FN:248,(anonymous_9)
FN:253,(anonymous_10)
FN:270,(anonymous_11)
FN:277,(anonymous_12)
FN:281,(anonymous_13)
FN:301,(anonymous_14)
FN:308,(anonymous_15)
FN:389,(anonymous_16)
FN:409,(anonymous_17)
FN:424,(anonymous_18)
FN:428,(anonymous_19)
FN:453,(anonymous_20)
FN:464,(anonymous_21)
FN:471,(anonymous_22)
FN:479,(anonymous_23)
FN:480,(anonymous_24)
FN:487,(anonymous_25)
FN:495,(anonymous_26)
FN:496,(anonymous_27)
FN:505,(anonymous_28)
FN:509,(anonymous_29)
FN:520,(anonymous_30)
FN:528,(anonymous_31)
FN:535,(anonymous_32)
FN:543,(anonymous_33)
FN:552,(anonymous_34)
FNF:35
FNH:0
FNDA:0,(anonymous_0)
FNDA:0,(anonymous_1)
FNDA:0,(anonymous_2)
FNDA:0,(anonymous_3)
FNDA:0,(anonymous_4)
FNDA:0,(anonymous_5)
FNDA:0,(anonymous_6)
FNDA:0,(anonymous_7)
FNDA:0,(anonymous_8)
FNDA:0,(anonymous_9)
FNDA:0,(anonymous_10)
FNDA:0,(anonymous_11)
FNDA:0,(anonymous_12)
FNDA:0,(anonymous_13)
FNDA:0,(anonymous_14)
FNDA:0,(anonymous_15)
FNDA:0,(anonymous_16)
FNDA:0,(anonymous_17)
FNDA:0,(anonymous_18)
FNDA:0,(anonymous_19)
FNDA:0,(anonymous_20)
FNDA:0,(anonymous_21)
FNDA:0,(anonymous_22)
FNDA:0,(anonymous_23)
FNDA:0,(anonymous_24)
FNDA:0,(anonymous_25)
FNDA:0,(anonymous_26)
FNDA:0,(anonymous_27)
FNDA:0,(anonymous_28)
FNDA:0,(anonymous_29)
FNDA:0,(anonymous_30)
FNDA:0,(anonymous_31)
FNDA:0,(anonymous_32)
FNDA:0,(anonymous_33)
FNDA:0,(anonymous_34)
DA:36,0
DA:46,0
DA:47,0
DA:48,0
DA:49,0
DA:50,0
DA:51,0
DA:54,0
DA:55,0
DA:56,0
DA:59,0
DA:60,0
DA:65,0
DA:67,0
DA:80,0
DA:81,0
DA:86,0
DA:87,0
DA:90,0
DA:91,0
DA:94,0
DA:95,0
DA:98,0
DA:99,0
DA:102,0
DA:103,0
DA:106,0
DA:109,0
DA:110,0
DA:111,0
DA:112,0
DA:115,0
DA:116,0
DA:117,0
DA:120,0
DA:121,0
DA:124,0
DA:128,0
DA:129,0
DA:133,0
DA:134,0
DA:135,0
DA:136,0
DA:149,0
DA:150,0
DA:163,0
DA:166,0
DA:167,0
DA:168,0
DA:171,0
DA:172,0
DA:174,0
DA:177,0
DA:178,0
DA:180,0
DA:181,0
DA:185,0
DA:186,0
DA:188,0
DA:189,0
DA:193,0
DA:194,0
DA:197,0
DA:198,0
DA:200,0
DA:201,0
DA:202,0
DA:204,0
DA:205,0
DA:207,0
DA:208,0
DA:211,0
DA:212,0
DA:213,0
DA:214,0
DA:215,0
DA:216,0
DA:217,0
DA:219,0
DA:220,0
DA:221,0
DA:222,0
DA:223,0
DA:227,0
DA:231,0
DA:232,0
DA:233,0
DA:234,0
DA:235,0
DA:236,0
DA:238,0
DA:243,0
DA:244,0
DA:245,0
DA:248,0
DA:249,0
DA:250,0
DA:253,0
DA:254,0
DA:256,0
DA:257,0
DA:259,0
DA:262,0
DA:265,0
DA:267,0
DA:270,0
DA:271,0
DA:272,0
DA:273,0
DA:274,0
DA:277,0
DA:278,0
DA:281,0
DA:282,0
DA:291,0
DA:294,0
DA:301,0
DA:308,0
DA:390,0
DA:409,0
DA:424,0
DA:428,0
DA:453,0
DA:464,0
DA:472,0
DA:473,0
DA:479,0
DA:480,0
DA:488,0
DA:489,0
DA:495,0
DA:496,0
DA:505,0
DA:510,0
DA:520,0
DA:528,0
DA:535,0
DA:543,0
DA:552,0
LF:139
LH:0
BRDA:86,0,0,0
BRDA:86,0,1,0
BRDA:90,1,0,0
BRDA:90,1,1,0
BRDA:94,2,0,0
BRDA:94,2,1,0
BRDA:98,3,0,0
BRDA:98,3,1,0
BRDA:102,4,0,0
BRDA:102,4,1,0
BRDA:115,5,0,0
BRDA:115,5,1,0
BRDA:133,6,0,0
BRDA:134,7,0,0
BRDA:134,7,1,0
BRDA:138,8,0,0
BRDA:138,8,1,0
BRDA:139,9,0,0
BRDA:139,9,1,0
BRDA:140,10,0,0
BRDA:140,10,1,0
BRDA:141,11,0,0
BRDA:141,11,1,0
BRDA:142,12,0,0
BRDA:142,12,1,0
BRDA:143,13,0,0
BRDA:143,13,1,0
BRDA:144,14,0,0
BRDA:144,14,1,0
BRDA:145,15,0,0
BRDA:145,15,1,0
BRDA:177,16,0,0
BRDA:177,16,1,0
BRDA:177,17,0,0
BRDA:177,17,1,0
BRDA:177,17,2,0
BRDA:181,18,0,0
BRDA:181,18,1,0
BRDA:185,19,0,0
BRDA:185,19,1,0
BRDA:185,20,0,0
BRDA:185,20,1,0
BRDA:185,20,2,0
BRDA:189,21,0,0
BRDA:189,21,1,0
BRDA:193,22,0,0
BRDA:193,22,1,0
BRDA:194,23,0,0
BRDA:194,23,1,0
BRDA:197,24,0,0
BRDA:197,24,1,0
BRDA:198,25,0,0
BRDA:198,25,1,0
BRDA:200,26,0,0
BRDA:200,26,1,0
BRDA:212,27,0,0
BRDA:212,27,1,0
BRDA:213,28,0,0
BRDA:213,28,1,0
BRDA:215,29,0,0
BRDA:215,29,1,0
BRDA:216,30,0,0
BRDA:216,30,1,0
BRDA:217,31,0,0
BRDA:217,31,1,0
BRDA:220,32,0,0
BRDA:220,32,1,0
BRDA:220,33,0,0
BRDA:220,33,1,0
BRDA:222,34,0,0
BRDA:222,34,1,0
BRDA:232,35,0,0
BRDA:232,35,1,0
BRDA:254,36,0,0
BRDA:254,36,1,0
BRDA:256,37,0,0
BRDA:256,37,1,0
BRDA:257,38,0,0
BRDA:257,38,1,0
BRDA:259,39,0,0
BRDA:259,39,1,0
BRDA:291,40,0,0
BRDA:291,40,1,0
BRDA:307,41,0,0
BRDA:307,41,1,0
BRDA:398,42,0,0
BRDA:398,42,1,0
BRDA:405,43,0,0
BRDA:405,43,1,0
BRDA:414,44,0,0
BRDA:414,44,1,0
BRDA:421,45,0,0
BRDA:421,45,1,0
BRDA:427,46,0,0
BRDA:427,46,1,0
BRDA:427,46,2,0
BRDA:447,47,0,0
BRDA:447,47,1,0
BRDA:470,48,0,0
BRDA:470,48,1,0
BRDA:470,49,0,0
BRDA:470,49,1,0
BRDA:473,50,0,0
BRDA:473,50,1,0
BRDA:478,51,0,0
BRDA:478,51,1,0
BRDA:486,52,0,0
BRDA:486,52,1,0
BRDA:486,53,0,0
BRDA:486,53,1,0
BRDA:489,54,0,0
BRDA:489,54,1,0
BRDA:494,55,0,0
BRDA:494,55,1,0
BRDA:559,56,0,0
BRDA:559,56,1,0
BRF:116
BRH:0
end_of_record
TN:
SF:src/components/UserManagement.js
FN:34,(anonymous_0)
FN:66,(anonymous_1)
FN:91,(anonymous_2)
FN:101,(anonymous_3)
FN:120,(anonymous_4)
FN:125,(anonymous_5)
FN:154,(anonymous_6)
FN:159,(anonymous_7)
FN:187,(anonymous_8)
FN:199,(anonymous_9)
FN:204,(anonymous_10)
FN:209,(anonymous_11)
FN:223,(anonymous_12)
FN:230,(anonymous_13)
FN:241,(anonymous_14)
FN:315,(anonymous_15)
FN:323,(anonymous_16)
FN:343,(anonymous_17)
FN:351,(anonymous_18)
FN:354,(anonymous_19)
FN:380,(anonymous_20)
FN:388,(anonymous_21)
FN:395,(anonymous_22)
FN:402,(anonymous_23)
FN:408,(anonymous_24)
FN:415,(anonymous_25)
FN:424,(anonymous_26)
FN:432,(anonymous_27)
FN:436,(anonymous_28)
FN:437,(anonymous_29)
FN:454,(anonymous_30)
FN:469,(anonymous_31)
FN:476,(anonymous_32)
FNF:33
FNH:0
FNDA:0,(anonymous_0)
FNDA:0,(anonymous_1)
FNDA:0,(anonymous_2)
FNDA:0,(anonymous_3)
FNDA:0,(anonymous_4)
FNDA:0,(anonymous_5)
FNDA:0,(anonymous_6)
FNDA:0,(anonymous_7)
FNDA:0,(anonymous_8)
FNDA:0,(anonymous_9)
FNDA:0,(anonymous_10)
FNDA:0,(anonymous_11)
FNDA:0,(anonymous_12)
FNDA:0,(anonymous_13)
FNDA:0,(anonymous_14)
FNDA:0,(anonymous_15)
FNDA:0,(anonymous_16)
FNDA:0,(anonymous_17)
FNDA:0,(anonymous_18)
FNDA:0,(anonymous_19)
FNDA:0,(anonymous_20)
FNDA:0,(anonymous_21)
FNDA:0,(anonymous_22)
FNDA:0,(anonymous_23)
FNDA:0,(anonymous_24)
FNDA:0,(anonymous_25)
FNDA:0,(anonymous_26)
FNDA:0,(anonymous_27)
FNDA:0,(anonymous_28)
FNDA:0,(anonymous_29)
FNDA:0,(anonymous_30)
FNDA:0,(anonymous_31)
FNDA:0,(anonymous_32)
DA:34,0
DA:35,0
DA:36,0
DA:37,0
DA:38,0
DA:39,0
DA:42,0
DA:43,0
DA:44,0
DA:47,0
DA:48,0
DA:52,0
DA:54,0
DA:55,0
DA:66,0
DA:67,0
DA:72,0
DA:73,0
DA:76,0
DA:77,0
DA:80,0
DA:81,0
DA:84,0
DA:85,0
DA:88,0
DA:91,0
DA:92,0
DA:93,0
DA:94,0
DA:95,0
DA:97,0
DA:101,0
DA:102,0
DA:103,0
DA:104,0
DA:107,0
DA:108,0
DA:109,0
DA:112,0
DA:113,0
DA:116,0
DA:120,0
DA:121,0
DA:122,0
DA:125,0
DA:126,0
DA:127,0
DA:128,0
DA:139,0
DA:140,0
DA:151,0
DA:154,0
DA:155,0
DA:156,0
DA:159,0
DA:160,0
DA:161,0
DA:162,0
DA:163,0
DA:164,0
DA:167,0
DA:168,0
DA:170,0
DA:172,0
DA:174,0
DA:175,0
DA:177,0
DA:179,0
DA:180,0
DA:182,0
DA:183,0
DA:187,0
DA:188,0
DA:189,0
DA:190,0
DA:191,0
DA:193,0
DA:194,0
DA:199,0
DA:200,0
DA:201,0
DA:204,0
DA:205,0
DA:206,0
DA:209,0
DA:210,0
DA:211,0
DA:212,0
DA:213,0
DA:215,0
DA:218,0
DA:220,0
DA:223,0
DA:224,0
DA:225,0
DA:226,0
DA:227,0
DA:230,0
DA:231,0
DA:234,0
DA:241,0
DA:316,0
DA:323,0
DA:344,0
DA:345,0
DA:351,0
DA:354,0
DA:380,0
DA:388,0
DA:395,0
DA:402,0
DA:408,0
DA:415,0
DA:424,0
DA:432,0
DA:436,0
DA:437,0
DA:455,0
DA:456,0
DA:477,0
DA:478,0
LF:121
LH:0
BRDA:72,0,0,0
BRDA:72,0,1,0
BRDA:76,1,0,0
BRDA:76,1,1,0
BRDA:80,2,0,0
BRDA:80,2,1,0
BRDA:84,3,0,0
BRDA:84,3,1,0
BRDA:94,4,0,0
BRDA:94,4,1,0
BRDA:95,5,0,0
BRDA:95,5,1,0
BRDA:107,6,0,0
BRDA:107,6,1,0
BRDA:125,7,0,0
BRDA:126,8,0,0
BRDA:126,8,1,0
BRDA:129,9,0,0
BRDA:129,9,1,0
BRDA:130,10,0,0
BRDA:130,10,1,0
BRDA:132,11,0,0
BRDA:132,11,1,0
BRDA:133,12,0,0
BRDA:133,12,1,0
BRDA:134,13,0,0
BRDA:134,13,1,0
BRDA:135,14,0,0
BRDA:135,14,1,0
BRDA:136,15,0,0
BRDA:136,15,1,0
BRDA:161,16,0,0
BRDA:161,16,1,0
BRDA:163,17,0,0
BRDA:163,17,1,0
BRDA:167,18,0,0
BRDA:167,18,1,0
BRDA:174,19,0,0
BRDA:174,19,1,0
BRDA:183,20,0,0
BRDA:183,20,1,0
BRDA:188,21,0,0
BRDA:188,21,1,0
BRDA:194,22,0,0
BRDA:194,22,1,0
BRDA:210,23,0,0
BRDA:210,23,1,0
BRDA:211,24,0,0
BRDA:211,24,1,0
BRDA:212,25,0,0
BRDA:212,25,1,0
BRDA:213,26,0,0
BRDA:213,26,1,0
BRDA:318,27,0,0
BRDA:318,27,1,0
BRDA:319,28,0,0
BRDA:319,28,1,0
BRDA:320,29,0,0
BRDA:320,29,1,0
BRDA:322,30,0,0
BRDA:322,30,1,0
BRDA:323,31,0,0
BRDA:323,31,1,0
BRDA:327,32,0,0
BRDA:327,32,1,0
BRDA:334,33,0,0
BRDA:334,33,1,0
BRDA:373,34,0,0
BRDA:373,34,1,0
BRDA:392,35,0,0
BRDA:392,35,1,0
BRDA:446,36,0,0
BRDA:446,36,1,0
BRDA:465,37,0,0
BRDA:465,37,1,0
BRF:75
BRH:0
end_of_record
TN:
SF:src/components/UserProfile.js
FN:25,(anonymous_0)
FN:44,(anonymous_1)
FN:63,(anonymous_2)
FN:70,(anonymous_3)
FN:96,(anonymous_4)
FN:105,(anonymous_5)
FN:110,(anonymous_6)
FN:157,(anonymous_7)
FN:252,(anonymous_8)
FN:270,(anonymous_9)
FNF:10
FNH:0
FNDA:0,(anonymous_0)
FNDA:0,(anonymous_1)
FNDA:0,(anonymous_2)
FNDA:0,(anonymous_3)
FNDA:0,(anonymous_4)
FNDA:0,(anonymous_5)
FNDA:0,(anonymous_6)
FNDA:0,(anonymous_7)
FNDA:0,(anonymous_8)
FNDA:0,(anonymous_9)
DA:25,0
DA:26,0
DA:27,0
DA:28,0
DA:29,0
DA:30,0
DA:31,0
DA:32,0
DA:33,0
DA:34,0
DA:35,0
DA:44,0
DA:45,0
DA:46,0
DA:55,0
DA:56,0
DA:58,0
DA:63,0
DA:64,0
DA:70,0
DA:71,0
DA:72,0
DA:75,0
DA:76,0
DA:78,0
DA:79,0
DA:83,0
DA:86,0
DA:87,0
DA:91,0
DA:95,0
DA:96,0
DA:97,0
DA:99,0
DA:101,0
DA:102,0
DA:105,0
DA:106,0
DA:107,0
DA:110,0
DA:111,0
DA:113,0
DA:114,0
DA:116,0
DA:117,0
DA:118,0
DA:120,0
DA:123,0
DA:128,0
DA:131,0
DA:133,0
DA:134,0
DA:135,0
DA:138,0
DA:139,0
DA:141,0
DA:144,0
DA:145,0
DA:147,0
DA:151,0
DA:153,0
DA:157,0
DA:158,0
DA:159,0
DA:160,0
DA:163,0
DA:164,0
DA:165,0
DA:166,0
DA:169,0
DA:172,0
DA:173,0
DA:174,0
DA:175,0
DA:176,0
DA:177,0
DA:178,0
DA:179,0
DA:181,0
DA:183,0
DA:190,0
DA:191,0
DA:197,0
DA:198,0
DA:201,0
DA:202,0
DA:204,0
DA:209,0
DA:214,0
DA:217,0
DA:222,0
DA:224,0
DA:229,0
DA:233,0
DA:252,0
DA:270,0
LF:96
LH:0
BRDA:45,0,0,0
BRDA:45,0,1,0
BRDA:47,1,0,0
BRDA:47,1,1,0
BRDA:48,2,0,0
BRDA:48,2,1,0
BRDA:49,3,0,0
BRDA:49,3,1,0
BRDA:50,4,0,0
BRDA:50,4,1,0
BRDA:55,5,0,0
BRDA:55,5,1,0
BRDA:72,6,0,0
BRDA:72,6,1,0
BRDA:78,7,0,0
BRDA:78,7,1,0
BRDA:86,8,0,0
BRDA:86,8,1,0
BRDA:107,9,0,0
BRDA:107,9,1,0
BRDA:111,10,0,0
BRDA:111,10,1,0
BRDA:131,11,0,0
BRDA:131,11,1,0
BRDA:134,12,0,0
BRDA:134,12,1,0
BRDA:134,13,0,0
BRDA:134,13,1,0
BRDA:138,14,0,0
BRDA:138,14,1,0
BRDA:147,15,0,0
BRDA:147,15,1,0
BRDA:147,15,2,0
BRDA:147,15,3,0
BRDA:163,16,0,0
BRDA:163,16,1,0
BRDA:163,17,0,0
BRDA:163,17,1,0
BRDA:172,18,0,0
BRDA:172,18,1,0
BRDA:178,19,0,0
BRDA:178,19,1,0
BRDA:190,20,0,0
BRDA:190,20,1,0
BRDA:201,21,0,0
BRDA:201,21,1,0
BRDA:201,22,0,0
BRDA:201,22,1,0
BRDA:226,23,0,0
BRDA:226,23,1,0
BRDA:226,23,2,0
BRDA:241,24,0,0
BRDA:241,24,1,0
BRDA:248,25,0,0
BRDA:248,25,1,0
BRDA:261,26,0,0
BRDA:261,26,1,0
BRDA:262,27,0,0
BRDA:262,27,1,0
BRDA:263,28,0,0
BRDA:263,28,1,0
BRDA:272,29,0,0
BRDA:272,29,1,0
BRDA:274,30,0,0
BRDA:274,30,1,0
BRDA:276,31,0,0
BRDA:276,31,1,0
BRDA:288,32,0,0
BRDA:288,32,1,0
BRDA:293,33,0,0
BRDA:293,33,1,0
BRDA:300,34,0,0
BRDA:300,34,1,0
BRDA:303,35,0,0
BRDA:303,35,1,0
BRDA:303,35,2,0
BRDA:320,36,0,0
BRDA:320,36,1,0
BRDA:321,37,0,0
BRDA:321,37,1,0
BRDA:323,38,0,0
BRDA:323,38,1,0
BRDA:330,39,0,0
BRDA:330,39,1,0
BRDA:338,40,0,0
BRDA:338,40,1,0
BRDA:339,41,0,0
BRDA:339,41,1,0
BRDA:341,42,0,0
BRDA:341,42,1,0
BRDA:354,43,0,0
BRDA:354,43,1,0
BRDA:358,44,0,0
BRDA:358,44,1,0
BRDA:363,45,0,0
BRDA:363,45,1,0
BRDA:366,46,0,0
BRDA:366,46,1,0
BRDA:368,47,0,0
BRDA:368,47,1,0
BRDA:382,48,0,0
BRDA:382,48,1,0
BRDA:389,49,0,0
BRDA:389,49,1,0
BRDA:391,50,0,0
BRDA:391,50,1,0
BRDA:451,51,0,0
BRDA:451,51,1,0
BRDA:488,52,0,0
BRDA:488,52,1,0
BRDA:496,53,0,0
BRDA:496,53,1,0
BRF:112
BRH:0
end_of_record
TN:
SF:src/components/WorkingDayManager.js
FN:31,(anonymous_0)
FN:36,(anonymous_1)
FN:60,(anonymous_2)
FN:77,(anonymous_3)
FN:96,(anonymous_4)
FN:104,(anonymous_5)
FN:117,(anonymous_6)
FN:132,(anonymous_7)
FN:147,(anonymous_8)
FN:196,(anonymous_9)
FN:201,(anonymous_10)
FN:206,(anonymous_11)
FN:213,(anonymous_12)
FN:224,(anonymous_13)
FN:299,(anonymous_14)
FN:331,(anonymous_15)
FN:339,(anonymous_16)
FN:372,(anonymous_17)
FN:378,(anonymous_18)
FN:382,(anonymous_19)
FN:383,(anonymous_20)
FN:393,(anonymous_21)
FN:404,(anonymous_22)
FN:408,(anonymous_23)
FN:421,(anonymous_24)
FN:427,(anonymous_25)
FNF:26
FNH:0
FNDA:0,(anonymous_0)
FNDA:0,(anonymous_1)
FNDA:0,(anonymous_2)
FNDA:0,(anonymous_3)
FNDA:0,(anonymous_4)
FNDA:0,(anonymous_5)
FNDA:0,(anonymous_6)
FNDA:0,(anonymous_7)
FNDA:0,(anonymous_8)
FNDA:0,(anonymous_9)
FNDA:0,(anonymous_10)
FNDA:0,(anonymous_11)
FNDA:0,(anonymous_12)
FNDA:0,(anonymous_13)
FNDA:0,(anonymous_14)
FNDA:0,(anonymous_15)
FNDA:0,(anonymous_16)
FNDA:0,(anonymous_17)
FNDA:0,(anonymous_18)
FNDA:0,(anonymous_19)
FNDA:0,(anonymous_20)
FNDA:0,(anonymous_21)
FNDA:0,(anonymous_22)
FNDA:0,(anonymous_23)
FNDA:0,(anonymous_24)
FNDA:0,(anonymous_25)
DA:31,0
DA:36,0
DA:37,0
DA:38,0
DA:39,0
DA:40,0
DA:46,0
DA:49,0
DA:50,0
DA:51,0
DA:54,0
DA:55,0
DA:58,0
DA:60,0
DA:61,0
DA:66,0
DA:67,0
DA:70,0
DA:71,0
DA:74,0
DA:77,0
DA:78,0
DA:79,0
DA:80,0
DA:83,0
DA:84,0
DA:85,0
DA:88,0
DA:89,0
DA:92,0
DA:96,0
DA:97,0
DA:98,0
DA:99,0
DA:104,0
DA:105,0
DA:106,0
DA:107,0
DA:108,0
DA:109,0
DA:110,0
DA:113,0
DA:117,0
DA:118,0
DA:119,0
DA:120,0
DA:122,0
DA:123,0
DA:124,0
DA:125,0
DA:126,0
DA:128,0
DA:132,0
DA:133,0
DA:134,0
DA:135,0
DA:137,0
DA:138,0
DA:139,0
DA:140,0
DA:141,0
DA:143,0
DA:147,0
DA:148,0
DA:149,0
DA:150,0
DA:154,0
DA:155,0
DA:157,0
DA:158,0
DA:159,0
DA:162,0
DA:164,0
DA:170,0
DA:171,0
DA:172,0
DA:173,0
DA:174,0
DA:176,0
DA:177,0
DA:180,0
DA:182,0
DA:183,0
DA:184,0
DA:185,0
DA:187,0
DA:192,0
DA:196,0
DA:197,0
DA:198,0
DA:201,0
DA:202,0
DA:203,0
DA:206,0
DA:207,0
DA:208,0
DA:209,0
DA:210,0
DA:213,0
DA:214,0
DA:217,0
DA:224,0
DA:299,0
DA:332,0
DA:339,0
DA:372,0
DA:378,0
DA:382,0
DA:383,0
DA:393,0
DA:404,0
DA:409,0
DA:421,0
DA:427,0
LF:114
LH:0
BRDA:66,0,0,0
BRDA:66,0,1,0
BRDA:70,1,0,0
BRDA:70,1,1,0
BRDA:83,2,0,0
BRDA:83,2,1,0
BRDA:98,3,0,0
BRDA:98,3,1,0
BRDA:109,4,0,0
BRDA:109,4,1,0
BRDA:109,5,0,0
BRDA:109,5,1,0
BRDA:113,6,0,0
BRDA:113,6,1,0
BRDA:118,7,0,0
BRDA:118,7,1,0
BRDA:128,8,0,0
BRDA:128,8,1,0
BRDA:133,9,0,0
BRDA:133,9,1,0
BRDA:143,10,0,0
BRDA:143,10,1,0
BRDA:148,11,0,0
BRDA:148,11,1,0
BRDA:154,12,0,0
BRDA:154,12,1,0
BRDA:154,13,0,0
BRDA:154,13,1,0
BRDA:155,14,0,0
BRDA:155,14,1,0
BRDA:157,15,0,0
BRDA:157,15,1,0
BRDA:157,16,0,0
BRDA:157,16,1,0
BRDA:165,17,0,0
BRDA:165,17,1,0
BRDA:166,18,0,0
BRDA:166,18,1,0
BRDA:170,19,0,0
BRDA:170,19,1,0
BRDA:172,20,0,0
BRDA:172,20,1,0
BRDA:176,21,0,0
BRDA:176,21,1,0
BRDA:187,22,0,0
BRDA:187,22,1,0
BRDA:187,22,2,0
BRDA:187,22,3,0
BRDA:187,22,4,0
BRDA:223,23,0,0
BRDA:223,23,1,0
BRDA:229,24,0,0
BRDA:229,24,1,0
BRDA:256,25,0,0
BRDA:256,25,1,0
BRDA:258,26,0,0
BRDA:258,26,1,0
BRDA:263,27,0,0
BRDA:263,27,1,0
BRDA:295,28,0,0
BRDA:295,28,1,0
BRDA:306,29,0,0
BRDA:306,29,1,0
BRDA:325,30,0,0
BRDA:325,30,1,0
BRDA:335,31,0,0
BRDA:335,31,1,0
BRDA:342,32,0,0
BRDA:342,32,1,0
BRDA:351,33,0,0
BRDA:351,33,1,0
BRDA:357,34,0,0
BRDA:357,34,1,0
BRDA:388,35,0,0
BRDA:388,35,1,0
BRF:75
BRH:0
end_of_record
TN:
SF:src/context/AuthContext.js
FN:9,(anonymous_0)
FN:18,(anonymous_1)
FN:32,(anonymous_2)
FN:54,(anonymous_3)
FN:60,(anonymous_4)
FN:67,(anonymous_5)
FN:81,(anonymous_6)
FN:83,(anonymous_7)
FN:142,(anonymous_8)
FN:149,(anonymous_9)
FN:194,(anonymous_10)
FN:217,(anonymous_11)
FNF:12
FNH:0
FNDA:0,(anonymous_0)
FNDA:0,(anonymous_1)
FNDA:0,(anonymous_2)
FNDA:0,(anonymous_3)
FNDA:0,(anonymous_4)
FNDA:0,(anonymous_5)
FNDA:0,(anonymous_6)
FNDA:0,(anonymous_7)
FNDA:0,(anonymous_8)
FNDA:0,(anonymous_9)
FNDA:0,(anonymous_10)
FNDA:0,(anonymous_11)
DA:7,0
DA:9,0
DA:10,0
DA:11,0
DA:12,0
DA:14,0
DA:18,0
DA:19,0
DA:20,0
DA:21,0
DA:22,0
DA:23,0
DA:25,0
DA:27,0
DA:32,0
DA:33,0
DA:34,0
DA:35,0
DA:38,0
DA:39,0
DA:40,0
DA:44,0
DA:45,0
DA:46,0
DA:48,0
DA:49,0
DA:50,0
DA:54,0
DA:55,0
DA:56,0
DA:57,0
DA:60,0
DA:62,0
DA:63,0
DA:67,0
DA:68,0
DA:69,0
DA:70,0
DA:71,0
DA:74,0
DA:75,0
DA:81,0
DA:83,0
DA:84,0
DA:86,0
DA:87,0
DA:89,0
DA:91,0
DA:92,0
DA:95,0
DA:96,0
DA:97,0
DA:98,0
DA:103,0
DA:106,0
DA:107,0
DA:108,0
DA:119,0
DA:128,0
DA:131,0
DA:132,0
DA:136,0
DA:139,0
DA:142,0
DA:143,0
DA:144,0
DA:149,0
DA:151,0
DA:152,0
DA:153,0
DA:154,0
DA:156,0
DA:157,0
DA:160,0
DA:161,0
DA:162,0
DA:173,0
DA:174,0
DA:183,0
DA:186,0
DA:187,0
DA:188,0
DA:191,0
DA:192,0
DA:193,0
DA:194,0
DA:197,0
DA:198,0
DA:205,0
DA:208,0
DA:210,0
DA:217,0
DA:218,0
DA:219,0
DA:221,0
DA:224,0
DA:225,0
DA:226,0
DA:228,0
DA:229,0
DA:230,0
DA:234,0
DA:243,0
LF:103
LH:0
BRDA:11,0,0,0
BRDA:11,0,1,0
BRDA:19,1,0,0
BRDA:19,1,1,0
BRDA:34,2,0,0
BRDA:34,2,1,0
BRDA:39,3,0,0
BRDA:39,3,1,0
BRDA:62,4,0,0
BRDA:62,4,1,0
BRDA:69,5,0,0
BRDA:69,5,1,0
BRDA:69,6,0,0
BRDA:69,6,1,0
BRDA:86,7,0,0
BRDA:86,7,1,0
BRDA:89,8,0,0
BRDA:89,8,1,0
BRDA:114,9,0,0
BRDA:114,9,1,0
BRDA:115,10,0,0
BRDA:115,10,1,0
BRDA:121,11,0,0
BRDA:121,11,1,0
BRDA:122,12,0,0
BRDA:122,12,1,0
BRDA:143,13,0,0
BRDA:143,13,1,0
BRDA:168,14,0,0
BRDA:168,14,1,0
BRDA:169,15,0,0
BRDA:169,15,1,0
BRDA:177,16,0,0
BRDA:177,16,1,0
BRDA:192,17,0,0
BRDA:192,17,1,0
BRDA:193,18,0,0
BRDA:193,18,1,0
BRDA:197,19,0,0
BRDA:197,19,1,0
BRDA:197,20,0,0
BRDA:197,20,1,0
BRDA:212,21,0,0
BRDA:212,21,1,0
BRDA:224,22,0,0
BRDA:224,22,1,0
BRF:46
BRH:0
end_of_record
TN:
SF:src/context/ThemeContext.js
FN:5,(anonymous_0)
FN:13,(anonymous_1)
FN:14,(anonymous_2)
FN:20,(anonymous_3)
FN:28,(anonymous_4)
FN:38,(anonymous_5)
FN:43,(anonymous_6)
FNF:7
FNH:0
FNDA:0,(anonymous_0)
FNDA:0,(anonymous_1)
FNDA:0,(anonymous_2)
FNDA:0,(anonymous_3)
FNDA:0,(anonymous_4)
FNDA:0,(anonymous_5)
FNDA:0,(anonymous_6)
DA:3,0
DA:5,0
DA:6,0
DA:7,0
DA:8,0
DA:10,0
DA:13,0
DA:14,0
DA:16,0
DA:17,0
DA:20,0
DA:21,0
DA:22,0
DA:23,0
DA:25,0
DA:28,0
DA:30,0
DA:33,0
DA:34,0
DA:35,0
DA:38,0
DA:39,0
DA:42,0
DA:43,0
DA:45,0
DA:49,0
DA:55,0
LF:27
LH:0
BRDA:7,0,0,0
BRDA:7,0,1,0
BRDA:17,1,0,0
BRDA:17,1,1,0
BRDA:22,2,0,0
BRDA:22,2,1,0
BRDA:23,3,0,0
BRDA:23,3,1,0
BRDA:25,4,0,0
BRDA:25,4,1,0
BRDA:33,5,0,0
BRDA:33,5,1,0
BRDA:35,6,0,0
BRDA:35,6,1,0
BRDA:39,7,0,0
BRDA:39,7,1,0
BRF:16
BRH:0
end_of_record
TN:
SF:src/theme/index.js
FN:47,(anonymous_0)
FNF:1
FNH:0
FNDA:0,(anonymous_0)
DA:8,0
DA:14,0
DA:30,0
DA:47,0
LF:4
LH:0
BRDA:47,0,0,0
BRDA:130,1,0,0
BRDA:130,1,1,0
BRDA:133,2,0,0
BRDA:133,2,1,0
BRDA:138,3,0,0
BRDA:138,3,1,0
BRDA:139,4,0,0
BRDA:139,4,1,0
BRDA:163,5,0,0
BRDA:163,5,1,0
BRDA:168,6,0,0
BRDA:168,6,1,0
BRDA:174,7,0,0
BRDA:174,7,1,0
BRDA:179,8,0,0
BRDA:179,8,1,0
BRDA:183,9,0,0
BRDA:183,9,1,0
BRDA:187,10,0,0
BRDA:187,10,1,0
BRDA:217,11,0,0
BRDA:217,11,1,0
BRDA:221,12,0,0
BRDA:221,12,1,0
BRDA:224,13,0,0
BRDA:224,13,1,0
BRDA:228,14,0,0
BRDA:228,14,1,0
BRDA:231,15,0,0
BRDA:231,15,1,0
BRDA:237,16,0,0
BRDA:237,16,1,0
BRDA:240,17,0,0
BRDA:240,17,1,0
BRDA:251,18,0,0
BRDA:251,18,1,0
BRDA:254,19,0,0
BRDA:254,19,1,0
BRDA:257,20,0,0
BRDA:257,20,1,0
BRDA:270,21,0,0
BRDA:270,21,1,0
BRDA:276,22,0,0
BRDA:276,22,1,0
BRDA:279,23,0,0
BRDA:279,23,1,0
BRDA:290,24,0,0
BRDA:290,24,1,0
BRDA:293,25,0,0
BRDA:293,25,1,0
BRDA:306,26,0,0
BRDA:306,26,1,0
BRDA:312,27,0,0
BRDA:312,27,1,0
BRDA:327,28,0,0
BRDA:327,28,1,0
BRDA:330,29,0,0
BRDA:330,29,1,0
BRDA:333,30,0,0
BRDA:333,30,1,0
BRDA:336,31,0,0
BRDA:336,31,1,0
BRDA:340,32,0,0
BRDA:340,32,1,0
BRDA:351,33,0,0
BRDA:351,33,1,0
BRDA:371,34,0,0
BRDA:371,34,1,0
BRDA:383,35,0,0
BRDA:383,35,1,0
BRDA:388,36,0,0
BRDA:388,36,1,0
BRDA:393,37,0,0
BRDA:393,37,1,0
BRDA:399,38,0,0
BRDA:399,38,1,0
BRDA:403,39,0,0
BRDA:403,39,1,0
BRDA:408,40,0,0
BRDA:408,40,1,0
BRDA:418,41,0,0
BRDA:418,41,1,0
BRDA:423,42,0,0
BRDA:423,42,1,0
BRDA:426,43,0,0
BRDA:426,43,1,0
BRDA:437,44,0,0
BRDA:437,44,1,0
BRDA:447,45,0,0
BRDA:447,45,1,0
BRDA:451,46,0,0
BRDA:451,46,1,0
BRDA:456,47,0,0
BRDA:456,47,1,0
BRDA:460,48,0,0
BRDA:460,48,1,0
BRDA:472,49,0,0
BRDA:472,49,1,0
BRF:99
BRH:0
end_of_record
TN:
SF:src/utils/dateUtils.js
FN:7,(anonymous_0)
FN:13,(anonymous_1)
FN:26,(anonymous_2)
FN:32,(anonymous_3)
FNF:4
FNH:1
FNDA:0,(anonymous_0)
FNDA:4,(anonymous_1)
FNDA:0,(anonymous_2)
FNDA:0,(anonymous_3)
DA:4,1
DA:7,1
DA:8,0
DA:9,0
DA:13,1
DA:14,4
DA:15,4
DA:16,4
DA:17,4
DA:18,4
DA:20,0
DA:21,0
DA:26,1
DA:27,0
DA:28,0
DA:32,1
DA:33,0
DA:37,1
DA:45,1
LF:19
LH:12
BRDA:8,0,0,0
BRDA:8,0,1,0
BRDA:14,1,0,0
BRDA:14,1,1,4
BRDA:17,2,0,0
BRDA:17,2,1,4
BRDA:27,3,0,0
BRDA:27,3,1,0
BRF:8
BRH:2
end_of_record
TN:
SF:src/utils/deviceInfo.js
FN:5,(anonymous_0)
FNF:1
FNH:1
FNDA:4,(anonymous_0)
DA:5,1
DA:6,4
DA:9,4
DA:10,3
DA:11,3
DA:15,4
DA:16,1
DA:17,1
DA:18,1
DA:21,1
DA:22,0
DA:25,1
DA:26,0
DA:30,4
LF:14
LH:12
BRDA:9,0,0,3
BRDA:9,0,1,1
BRDA:15,1,0,1
BRDA:15,1,1,3
BRDA:16,2,0,1
BRDA:16,2,1,0
BRDA:17,3,0,1
BRDA:17,3,1,0
BRDA:18,4,0,1
BRDA:18,4,1,0
BRDA:21,5,0,0
BRDA:21,5,1,1
BRDA:25,6,0,0
BRDA:25,6,1,1
BRF:14
BRH:9
end_of_record
TN:
SF:src/utils/jalaliReportUtils.js
FN:9,(anonymous_0)
FN:22,(anonymous_1)
FN:43,(anonymous_2)
FN:88,(anonymous_3)
FN:110,(anonymous_4)
FN:118,(anonymous_5)
FNF:6
FNH:0
FNDA:0,(anonymous_0)
FNDA:0,(anonymous_1)
FNDA:0,(anonymous_2)
FNDA:0,(anonymous_3)
FNDA:0,(anonymous_4)
FNDA:0,(anonymous_5)
DA:4,0
DA:9,0
DA:10,0
DA:11,0
DA:22,0
DA:23,0
DA:24,0
DA:27,0
DA:28,0
DA:29,0
DA:31,0
DA:32,0
DA:35,0
DA:36,0
DA:43,0
DA:46,0
DA:47,0
DA:48,0
DA:49,0
DA:51,0
DA:52,0
DA:53,0
DA:54,0
DA:57,0
DA:58,0
DA:59,0
DA:61,0
DA:62,0
DA:64,0
DA:65,0
DA:66,0
DA:67,0
DA:69,0
DA:70,0
DA:71,0
DA:73,0
DA:76,0
DA:79,0
DA:88,0
DA:89,0
DA:94,0
DA:95,0
DA:96,0
DA:97,0
DA:98,0
DA:99,0
DA:100,0
DA:101,0
DA:103,0
DA:110,0
DA:111,0
DA:112,0
DA:118,0
DA:119,0
DA:120,0
DA:122,0
LF:56
LH:0
BRDA:31,0,0,0
BRDA:31,0,1,0
BRDA:46,1,0,0
BRDA:46,1,1,0
BRDA:49,2,0,0
BRDA:49,2,1,0
BRDA:61,3,0,0
BRDA:61,3,1,0
BRDA:66,4,0,0
BRDA:66,4,1,0
BRDA:70,5,0,0
BRDA:70,5,1,0
BRDA:94,6,0,0
BRDA:94,6,1,0
BRDA:96,7,0,0
BRDA:96,7,1,0
BRDA:98,8,0,0
BRDA:98,8,1,0
BRDA:100,9,0,0
BRDA:100,9,1,0
BRF:20
BRH:0
end_of_record
TN:
SF:src/utils/numberUtils.js
FN:6,(anonymous_0)
FN:18,(anonymous_1)
FN:29,(anonymous_2)
FN:40,(anonymous_3)
FNF:4
FNH:0
FNDA:0,(anonymous_0)
FNDA:0,(anonymous_1)
FNDA:0,(anonymous_2)
FNDA:0,(anonymous_3)
DA:6,0
DA:7,0
DA:8,0
DA:11,0
DA:12,0
DA:15,0
DA:18,0
DA:19,0
DA:20,0
DA:29,0
DA:30,0
DA:31,0
DA:34,0
DA:35,0
DA:37,0
DA:38,0
DA:40,0
DA:41,0
DA:44,0
LF:19
LH:0
BRDA:7,0,0,0
BRDA:7,0,1,0
BRDA:7,1,0,0
BRDA:7,1,1,0
BRDA:20,2,0,0
BRDA:20,2,1,0
BRDA:30,3,0,0
BRDA:30,3,1,0
BRDA:30,4,0,0
BRDA:30,4,1,0
BRF:10
BRH:0
end_of_record
TN:
SF:src/utils/sessionIcons.js
FN:23,(anonymous_0)
FN:41,(anonymous_1)
FN:70,(anonymous_2)
FN:99,(anonymous_3)
FNF:4
FNH:4
FNDA:4,(anonymous_0)
FNDA:4,(anonymous_1)
FNDA:4,(anonymous_2)
FNDA:4,(anonymous_3)
DA:23,1
DA:24,4
DA:26,2
DA:28,2
DA:30,0
DA:32,0
DA:41,1
DA:42,4
DA:43,0
DA:46,4
DA:48,4
DA:49,2
DA:50,2
DA:51,2
DA:52,0
DA:53,0
DA:54,0
DA:55,0
DA:56,0
DA:57,0
DA:58,0
DA:59,0
DA:61,0
DA:70,1
DA:71,4
DA:72,0
DA:75,4
DA:77,4
DA:78,2
DA:79,2
DA:80,2
DA:81,0
DA:82,0
DA:83,0
DA:84,0
DA:85,0
DA:86,0
DA:87,0
DA:88,0
DA:90,0
DA:99,1
DA:100,4
DA:102,2
DA:104,0
DA:106,2
DA:108,0
LF:46
LH:22
BRDA:24,0,0,2
BRDA:24,0,1,2
BRDA:24,0,2,0
BRDA:24,0,3,0
BRDA:42,1,0,0
BRDA:42,1,1,4
BRDA:48,2,0,2
BRDA:48,2,1,2
BRDA:48,3,0,4
BRDA:48,3,1,2
BRDA:50,4,0,2
BRDA:50,4,1,0
BRDA:52,5,0,0
BRDA:52,5,1,0
BRDA:54,6,0,0
BRDA:54,6,1,0
BRDA:54,7,0,0
BRDA:54,7,1,0
BRDA:56,8,0,0
BRDA:56,8,1,0
BRDA:58,9,0,0
BRDA:58,9,1,0
BRDA:71,10,0,0
BRDA:71,10,1,4
BRDA:77,11,0,2
BRDA:77,11,1,2
BRDA:77,12,0,4
BRDA:77,12,1,2
BRDA:79,13,0,2
BRDA:79,13,1,0
BRDA:81,14,0,0
BRDA:81,14,1,0
BRDA:83,15,0,0
BRDA:83,15,1,0
BRDA:83,16,0,0
BRDA:83,16,1,0
BRDA:85,17,0,0
BRDA:85,17,1,0
BRDA:87,18,0,0
BRDA:87,18,1,0
BRDA:100,19,0,2
BRDA:100,19,1,0
BRDA:100,19,2,2
BRDA:100,19,3,0
BRF:44
BRH:16
end_of_record
